
===========================================================================
report_checks -unconstrained
===========================================================================
======================= nom_tt_025C_1v80 Corner ===================================

Startpoint: _512_ (rising edge-triggered flip-flop clocked by CLK)
Endpoint: get_cfloat143[0] (output port clocked by CLK)
Path Group: CLK
Path Type: max

Fanout         Cap        Slew       Delay        Time   Description
---------------------------------------------------------------------------------------------
                                  0.000000    0.000000   clock CLK (rise edge)
                                  0.000000    0.000000   clock source latency
    53    0.099481    0.454492    0.310193    0.310193 ^ CLK (in)
                                                         CLK (net)
                      0.454492    0.000000    0.310193 ^ _512_/CLK (sky130_fd_sc_hd__dfxtp_2)
     1    0.033442    0.175398    0.524006    0.834199 ^ _512_/Q (sky130_fd_sc_hd__dfxtp_2)
                                                         get_cfloat143[0] (net)
                      0.175398    0.000000    0.834199 ^ get_cfloat143[0] (out)
                                              0.834199   data arrival time

                                 15.000000   15.000000   clock CLK (rise edge)
                                  0.000000   15.000000   clock network delay (propagated)
                                 -0.250000   14.750000   clock uncertainty
                                  0.000000   14.750000   clock reconvergence pessimism
                                 -3.000000   11.750000   output external delay
                                             11.750000   data required time
---------------------------------------------------------------------------------------------
                                             11.750000   data required time
                                             -0.834199   data arrival time
---------------------------------------------------------------------------------------------
                                             10.915802   slack (MET)




===========================================================================
report_checks --slack_max -0.01
============================================================================
======================= nom_tt_025C_1v80 Corner ===================================

No paths found.


===========================================================================
 report_check_types -max_slew -max_cap -max_fanout -violators
============================================================================
======================= nom_tt_025C_1v80 Corner ===================================

max fanout

Pin                                   Limit Fanout  Slack
---------------------------------------------------------
CLK                                       6     53    -47 (VIOLATED)
RST_N                                     6     40    -34 (VIOLATED)
_552_/Q                                   6     14     -8 (VIOLATED)
_553_/Q                                   6     12     -6 (VIOLATED)
_556_/Q                                   6     11     -5 (VIOLATED)
_546_/Q                                   6     10     -4 (VIOLATED)
_548_/Q                                   6     10     -4 (VIOLATED)
_554_/Q                                   6     10     -4 (VIOLATED)
_549_/Q                                   6      9     -3 (VIOLATED)
_543_/Q                                   6      8     -2 (VIOLATED)
_544_/Q                                   6      8     -2 (VIOLATED)
_547_/Q                                   6      8     -2 (VIOLATED)
_545_/Q                                   6      7        (VIOLATED)
_557_/Q                                   6      7        (VIOLATED)



===========================================================================
report_parasitic_annotation -report_unannotated
============================================================================
Found 346 unannotated drivers.
 CLK
 RST_N
 convert_fp32_cfloat143_bias[0]
 convert_fp32_cfloat143_bias[1]
 convert_fp32_cfloat143_bias[2]
 convert_fp32_cfloat143_bias[3]
 convert_fp32_cfloat143_bias[4]
 convert_fp32_cfloat143_bias[5]
 convert_fp32_cfloat143_fp32_in[0]
 convert_fp32_cfloat143_fp32_in[10]
 convert_fp32_cfloat143_fp32_in[11]
 convert_fp32_cfloat143_fp32_in[12]
 convert_fp32_cfloat143_fp32_in[13]
 convert_fp32_cfloat143_fp32_in[14]
 convert_fp32_cfloat143_fp32_in[15]
 convert_fp32_cfloat143_fp32_in[16]
 convert_fp32_cfloat143_fp32_in[17]
 convert_fp32_cfloat143_fp32_in[18]
 convert_fp32_cfloat143_fp32_in[19]
 convert_fp32_cfloat143_fp32_in[1]
 convert_fp32_cfloat143_fp32_in[20]
 convert_fp32_cfloat143_fp32_in[21]
 convert_fp32_cfloat143_fp32_in[22]
 convert_fp32_cfloat143_fp32_in[23]
 convert_fp32_cfloat143_fp32_in[24]
 convert_fp32_cfloat143_fp32_in[25]
 convert_fp32_cfloat143_fp32_in[26]
 convert_fp32_cfloat143_fp32_in[27]
 convert_fp32_cfloat143_fp32_in[28]
 convert_fp32_cfloat143_fp32_in[29]
 convert_fp32_cfloat143_fp32_in[2]
 convert_fp32_cfloat143_fp32_in[30]
 convert_fp32_cfloat143_fp32_in[31]
 convert_fp32_cfloat143_fp32_in[3]
 convert_fp32_cfloat143_fp32_in[4]
 convert_fp32_cfloat143_fp32_in[5]
 convert_fp32_cfloat143_fp32_in[6]
 convert_fp32_cfloat143_fp32_in[7]
 convert_fp32_cfloat143_fp32_in[8]
 convert_fp32_cfloat143_fp32_in[9]
 _253_/Y
 _254_/Y
 _255_/Y
 _256_/Y
 _257_/X
 _258_/X
 _259_/X
 _260_/X
 _261_/Y
 _262_/Y
 _263_/Y
 _264_/Y
 _265_/X
 _266_/X
 _267_/X
 _268_/X
 _269_/Y
 _270_/Y
 _271_/X
 _272_/X
 _273_/Y
 _274_/X
 _275_/Y
 _276_/Y
 _277_/Y
 _278_/X
 _279_/Y
 _280_/X
 _281_/Y
 _282_/X
 _283_/Y
 _284_/X
 _285_/Y
 _286_/X
 _287_/X
 _288_/X
 _289_/X
 _290_/X
 _291_/X
 _292_/X
 _293_/X
 _294_/Y
 _295_/X
 _296_/X
 _297_/X
 _298_/X
 _299_/X
 _300_/X
 _301_/X
 _302_/X
 _303_/X
 _304_/Y
 _305_/X
 _306_/Y
 _307_/X
 _308_/X
 _309_/Y
 _310_/X
 _311_/X
 _312_/Y
 _313_/X
 _314_/X
 _315_/Y
 _316_/X
 _317_/X
 _318_/Y
 _319_/X
 _320_/X
 _321_/Y
 _322_/X
 _323_/X
 _324_/X
 _325_/X
 _326_/X
 _327_/X
 _328_/X
 _329_/X
 _330_/Y
 _331_/Y
 _332_/X
 _333_/Y
 _334_/Y
 _335_/Y
 _336_/Y
 _337_/X
 _338_/Y
 _339_/X
 _340_/X
 _341_/X
 _342_/X
 _343_/X
 _344_/X
 _345_/Y
 _346_/Y
 _347_/Y
 _348_/X
 _349_/X
 _350_/X
 _351_/X
 _352_/X
 _353_/X
 _354_/X
 _355_/Y
 _356_/Y
 _357_/X
 _358_/Y
 _359_/X
 _360_/Y
 _361_/X
 _362_/Y
 _363_/X
 _364_/X
 _365_/X
 _366_/X
 _367_/Y
 _368_/Y
 _369_/X
 _370_/Y
 _371_/Y
 _372_/Y
 _373_/X
 _374_/Y
 _375_/Y
 _376_/Y
 _377_/Y
 _378_/X
 _379_/X
 _380_/X
 _381_/Y
 _382_/X
 _383_/X
 _384_/X
 _385_/X
 _386_/X
 _387_/X
 _388_/X
 _389_/X
 _390_/X
 _391_/X
 _392_/X
 _393_/X
 _394_/X
 _395_/X
 _396_/X
 _397_/Y
 _398_/X
 _399_/X
 _400_/X
 _401_/X
 _402_/Y
 _403_/X
 _404_/X
 _405_/X
 _406_/X
 _407_/Y
 _408_/X
 _409_/Y
 _410_/X
 _411_/X
 _412_/X
 _413_/Y
 _414_/X
 _415_/X
 _416_/Y
 _417_/X
 _418_/X
 _419_/X
 _420_/X
 _421_/Y
 _422_/X
 _423_/Y
 _424_/X
 _425_/X
 _426_/X
 _427_/Y
 _428_/Y
 _429_/X
 _430_/Y
 _431_/X
 _432_/X
 _433_/X
 _434_/X
 _435_/X
 _436_/X
 _437_/X
 _438_/X
 _439_/X
 _440_/X
 _441_/X
 _442_/X
 _443_/X
 _444_/X
 _445_/X
 _446_/X
 _447_/X
 _448_/X
 _449_/X
 _450_/X
 _451_/X
 _452_/X
 _453_/X
 _454_/X
 _455_/X
 _456_/X
 _457_/X
 _458_/X
 _459_/X
 _460_/X
 _461_/X
 _462_/X
 _463_/X
 _464_/X
 _465_/X
 _466_/X
 _467_/X
 _468_/X
 _469_/X
 _470_/X
 _471_/X
 _472_/X
 _473_/Y
 _474_/X
 _475_/X
 _476_/X
 _477_/X
 _478_/X
 _479_/X
 _480_/X
 _481_/X
 _482_/X
 _483_/X
 _484_/X
 _485_/X
 _486_/X
 _487_/X
 _488_/X
 _489_/X
 _490_/X
 _491_/X
 _492_/X
 _493_/X
 _494_/X
 _495_/X
 _496_/X
 _497_/X
 _498_/X
 _499_/X
 _500_/X
 _501_/X
 _502_/X
 _503_/X
 _504_/X
 _505_/X
 _506_/Q
 _507_/Q
 _508_/Q
 _509_/Q
 _510_/Q
 _511_/Q
 _512_/Q
 _513_/Q
 _514_/Q
 _515_/Q
 _516_/Q
 _517_/Q
 _518_/Q
 _519_/Q
 _520_/Q
 _521_/Q
 _522_/Q
 _523_/Q
 _524_/Q
 _525_/Q
 _526_/Q
 _527_/Q
 _528_/Q
 _529_/Q
 _530_/Q
 _531_/Q
 _532_/Q
 _533_/Q
 _534_/Q
 _535_/Q
 _536_/Q
 _537_/Q
 _538_/Q
 _539_/Q
 _540_/Q
 _541_/Q
 _542_/Q
 _543_/Q
 _544_/Q
 _545_/Q
 _546_/Q
 _547_/Q
 _548_/Q
 _549_/Q
 _550_/Q
 _551_/Q
 _552_/Q
 _553_/Q
 _554_/Q
 _555_/Q
 _556_/Q
 _557_/Q
 _558_/Q
Found 0 partially unannotated drivers.

===========================================================================
max slew violation count 0
max fanout violation count 14
max cap violation count 0
============================================================================

===========================================================================
check_setup -verbose -unconstrained_endpoints -multiple_clock -no_clock -no_input_delay -loops -generated_clocks
===========================================================================
