
===========================================================================
report_checks -unconstrained
===========================================================================
======================= min_ff_n40C_1v95 Corner ===================================

Startpoint: RST_N (input port clocked by CLK)
Endpoint: _551_ (rising edge-triggered flip-flop clocked by CLK)
Path Group: CLK
Path Type: max

Fanout         Cap        Slew       Delay        Time   Description
---------------------------------------------------------------------------------------------
                                  0.000000    0.000000   clock CLK (rise edge)
                                  0.000000    0.000000   clock network delay (propagated)
                                  3.000000    3.000000 ^ input external delay
     1    0.002778    0.013843    0.007164    3.007164 ^ RST_N (in)
                                                         RST_N (net)
                      0.013843    0.000000    3.007164 ^ input1/A (sky130_fd_sc_hd__clkbuf_1)
     1    0.003958    0.041672    0.054579    3.061743 ^ input1/X (sky130_fd_sc_hd__clkbuf_1)
                                                         net1 (net)
                      0.041673    0.000058    3.061801 ^ fanout77/A (sky130_fd_sc_hd__buf_1)
     3    0.011364    0.104215    0.104226    3.166027 ^ fanout77/X (sky130_fd_sc_hd__buf_1)
                                                         net77 (net)
                      0.104216    0.000279    3.166306 ^ fanout76/A (sky130_fd_sc_hd__buf_1)
     4    0.016817    0.150719    0.142134    3.308440 ^ fanout76/X (sky130_fd_sc_hd__buf_1)
                                                         net76 (net)
                      0.150720    0.000358    3.308798 ^ fanout75/A (sky130_fd_sc_hd__clkbuf_2)
     6    0.022898    0.099908    0.139257    3.448055 ^ fanout75/X (sky130_fd_sc_hd__clkbuf_2)
                                                         net75 (net)
                      0.099916    0.000717    3.448772 ^ _255_/A (sky130_fd_sc_hd__nand2_1)
     3    0.010956    0.060889    0.066884    3.515656 v _255_/Y (sky130_fd_sc_hd__nand2_1)
                                                         _053_ (net)
                      0.060889    0.000044    3.515700 v _259_/A (sky130_fd_sc_hd__or3b_1)
     1    0.002846    0.042913    0.218463    3.734162 v _259_/X (sky130_fd_sc_hd__or3b_1)
                                                         _055_ (net)
                      0.042913    0.000027    3.734189 v _260_/B1 (sky130_fd_sc_hd__o21a_1)
     1    0.002150    0.022964    0.062508    3.796697 v _260_/X (sky130_fd_sc_hd__o21a_1)
                                                         _002_ (net)
                      0.022964    0.000010    3.796707 v _551_/D (sky130_fd_sc_hd__dfxtp_1)
                                              3.796707   data arrival time

                                 15.000000   15.000000   clock CLK (rise edge)
                                  0.000000   15.000000   clock source latency
     1    0.019724    0.070825    0.048553   15.048553 ^ CLK (in)
                                                         CLK (net)
                      0.070844    0.000000   15.048553 ^ clkbuf_0_CLK/A (sky130_fd_sc_hd__clkbuf_16)
     4    0.039808    0.045269    0.108013   15.156567 ^ clkbuf_0_CLK/X (sky130_fd_sc_hd__clkbuf_16)
                                                         clknet_0_CLK (net)
                      0.045275    0.000375   15.156941 ^ clkbuf_2_3__f_CLK/A (sky130_fd_sc_hd__clkbuf_16)
    15    0.043716    0.047773    0.103142   15.260083 ^ clkbuf_2_3__f_CLK/X (sky130_fd_sc_hd__clkbuf_16)
                                                         clknet_2_3__leaf_CLK (net)
                      0.047782    0.000506   15.260590 ^ _551_/CLK (sky130_fd_sc_hd__dfxtp_1)
                                 -0.250000   15.010591   clock uncertainty
                                  0.000000   15.010591   clock reconvergence pessimism
                                 -0.065260   14.945331   library setup time
                                             14.945331   data required time
---------------------------------------------------------------------------------------------
                                             14.945331   data required time
                                             -3.796707   data arrival time
---------------------------------------------------------------------------------------------
                                             11.148623   slack (MET)




===========================================================================
report_checks --slack_max -0.01
============================================================================
======================= min_ff_n40C_1v95 Corner ===================================

No paths found.


===========================================================================
 report_check_types -max_slew -max_cap -max_fanout -violators
============================================================================
======================= min_ff_n40C_1v95 Corner ===================================

max fanout

Pin                                   Limit Fanout  Slack
---------------------------------------------------------
clkbuf_2_2__f_CLK/X                       6     16    -10 (VIOLATED)
clkbuf_2_3__f_CLK/X                       6     15     -9 (VIOLATED)
clkbuf_2_1__f_CLK/X                       6     13     -7 (VIOLATED)
clkbuf_2_0__f_CLK/X                       6      9     -3 (VIOLATED)



===========================================================================
report_parasitic_annotation -report_unannotated
============================================================================
Found 0 unannotated drivers.
Found 0 partially unannotated drivers.

===========================================================================
max slew violation count 0
max fanout violation count 4
max cap violation count 0
============================================================================

===========================================================================
check_setup -verbose -unconstrained_endpoints -multiple_clock -no_clock -no_input_delay -loops -generated_clocks
===========================================================================
