
===========================================================================
report_checks -unconstrained
===========================================================================
======================= nom_ss_100C_1v60 Corner ===================================

Startpoint: RST_N (input port clocked by CLK)
Endpoint: _146_ (rising edge-triggered flip-flop clocked by CLK)
Path Group: CLK
Path Type: max

Fanout         Cap        Slew       Delay        Time   Description
---------------------------------------------------------------------------------------------
                                  0.000000    0.000000   clock CLK (rise edge)
                                  0.000000    0.000000   clock network delay (propagated)
                                  3.000000    3.000000 ^ input external delay
     1    0.004792    0.045770    0.026323    3.026323 ^ RST_N (in)
                                                         RST_N (net)
                      0.045771    0.000000    3.026323 ^ input1/A (sky130_fd_sc_hd__buf_1)
     2    0.008486    0.173666    0.213789    3.240112 ^ input1/X (sky130_fd_sc_hd__buf_1)
                                                         net1 (net)
                      0.173666    0.000189    3.240301 ^ fanout39/A (sky130_fd_sc_hd__buf_1)
     3    0.012753    0.251108    0.323639    3.563940 ^ fanout39/X (sky130_fd_sc_hd__buf_1)
                                                         net39 (net)
                      0.251109    0.000365    3.564305 ^ fanout38/A (sky130_fd_sc_hd__buf_1)
     4    0.014892    0.289839    0.379573    3.943878 ^ fanout38/X (sky130_fd_sc_hd__buf_1)
                                                         net38 (net)
                      0.289840    0.000620    3.944498 ^ _096_/A (sky130_fd_sc_hd__inv_2)
     1    0.003420    0.059015    0.115946    4.060444 v _096_/Y (sky130_fd_sc_hd__inv_2)
                                                         _064_ (net)
                      0.059016    0.000106    4.060551 v _097_/B (sky130_fd_sc_hd__nor4_1)
     1    0.002555    0.370281    0.433782    4.494333 ^ _097_/Y (sky130_fd_sc_hd__nor4_1)
                                                         _016_ (net)
                      0.370281    0.000076    4.494409 ^ hold11/A (sky130_fd_sc_hd__dlygate4sd3_1)
     1    0.001786    0.080129    1.133102    5.627511 ^ hold11/X (sky130_fd_sc_hd__dlygate4sd3_1)
                                                         net68 (net)
                      0.080129    0.000034    5.627545 ^ _146_/D (sky130_fd_sc_hd__dfxtp_1)
                                              5.627545   data arrival time

                                 15.000000   15.000000   clock CLK (rise edge)
                                  0.000000   15.000000   clock source latency
     1    0.015273    0.117371    0.078872   15.078872 ^ CLK (in)
                                                         CLK (net)
                      0.117380    0.000000   15.078872 ^ clkbuf_0_CLK/A (sky130_fd_sc_hd__clkbuf_16)
     4    0.039460    0.093941    0.270044   15.348915 ^ clkbuf_0_CLK/X (sky130_fd_sc_hd__clkbuf_16)
                                                         clknet_0_CLK (net)
                      0.093998    0.001872   15.350788 ^ clkbuf_2_1__f_CLK/A (sky130_fd_sc_hd__clkbuf_16)
     9    0.025967    0.075013    0.240947   15.591735 ^ clkbuf_2_1__f_CLK/X (sky130_fd_sc_hd__clkbuf_16)
                                                         clknet_2_1__leaf_CLK (net)
                      0.075016    0.000345   15.592079 ^ _146_/CLK (sky130_fd_sc_hd__dfxtp_1)
                                 -0.250000   15.342080   clock uncertainty
                                  0.000000   15.342080   clock reconvergence pessimism
                                 -0.130154   15.211926   library setup time
                                             15.211926   data required time
---------------------------------------------------------------------------------------------
                                             15.211926   data required time
                                             -5.627545   data arrival time
---------------------------------------------------------------------------------------------
                                              9.584381   slack (MET)




===========================================================================
report_checks --slack_max -0.01
============================================================================
======================= nom_ss_100C_1v60 Corner ===================================

No paths found.


===========================================================================
 report_check_types -max_slew -max_cap -max_fanout -violators
============================================================================
======================= nom_ss_100C_1v60 Corner ===================================

max fanout

Pin                                   Limit Fanout  Slack
---------------------------------------------------------
clkbuf_2_0__f_CLK/X                       6      9     -3 (VIOLATED)
clkbuf_2_1__f_CLK/X                       6      9     -3 (VIOLATED)
clkbuf_2_3__f_CLK/X                       6      9     -3 (VIOLATED)



===========================================================================
report_parasitic_annotation -report_unannotated
============================================================================
Found 15 unannotated drivers.
 _163__43/HI
 _164__44/HI
 _165__45/HI
 _166__46/HI
 _167__47/HI
 _168__48/HI
 _169__49/HI
 _170__50/HI
 _171__51/HI
 _172__52/HI
 _173__53/HI
 _174__54/HI
 _175__55/HI
 _176__56/HI
 _177__57/HI
Found 0 partially unannotated drivers.

===========================================================================
max slew violation count 0
max fanout violation count 3
max cap violation count 0
============================================================================

===========================================================================
check_setup -verbose -unconstrained_endpoints -multiple_clock -no_clock -no_input_delay -loops -generated_clocks
===========================================================================
Warning: There are 15 unconstrained endpoints.
  fp32_out[10]
  fp32_out[11]
  fp32_out[12]
  fp32_out[13]
  fp32_out[14]
  fp32_out[15]
  fp32_out[1]
  fp32_out[2]
  fp32_out[3]
  fp32_out[4]
  fp32_out[5]
  fp32_out[6]
  fp32_out[7]
  fp32_out[8]
  fp32_out[9]
