
===========================================================================
report_checks -unconstrained
===========================================================================
======================= nom_ss_100C_1v60 Corner ===================================

Startpoint: _303_ (rising edge-triggered flip-flop clocked by CLK)
Endpoint: _299_ (rising edge-triggered flip-flop clocked by CLK)
Path Group: CLK
Path Type: max

Fanout         Cap        Slew       Delay        Time   Description
---------------------------------------------------------------------------------------------
                                  0.000000    0.000000   clock CLK (rise edge)
                                  0.000000    0.000000   clock source latency
     1    0.017092    0.129905    0.087937    0.087937 ^ CLK (in)
                                                         CLK (net)
                      0.129915    0.000000    0.087937 ^ clkbuf_0_CLK/A (sky130_fd_sc_hd__clkbuf_16)
     2    0.019581    0.066909    0.248362    0.336299 ^ clkbuf_0_CLK/X (sky130_fd_sc_hd__clkbuf_16)
                                                         clknet_0_CLK (net)
                      0.066910    0.000528    0.336827 ^ clkbuf_1_0__f_CLK/A (sky130_fd_sc_hd__clkbuf_16)
    15    0.043105    0.097892    0.252059    0.588886 ^ clkbuf_1_0__f_CLK/X (sky130_fd_sc_hd__clkbuf_16)
                                                         clknet_1_0__leaf_CLK (net)
                      0.097948    0.001723    0.590609 ^ _303_/CLK (sky130_fd_sc_hd__dfxtp_1)
     2    0.008733    0.094979    0.630221    1.220830 v _303_/Q (sky130_fd_sc_hd__dfxtp_1)
                                                         rg_bias[1] (net)
                      0.094980    0.000268    1.221098 v fanout33/A (sky130_fd_sc_hd__clkbuf_2)
     6    0.017128    0.129729    0.265443    1.486542 v fanout33/X (sky130_fd_sc_hd__clkbuf_2)
                                                         net33 (net)
                      0.129731    0.000457    1.486999 v _230_/C (sky130_fd_sc_hd__or4_2)
     3    0.013516    0.292314    1.611596    3.098595 v _230_/X (sky130_fd_sc_hd__or4_2)
                                                         _064_ (net)
                      0.292314    0.000214    3.098809 v _231_/B (sky130_fd_sc_hd__xor2_2)
     6    0.014579    0.177272    0.398883    3.497692 v _231_/X (sky130_fd_sc_hd__xor2_2)
                                                         _065_ (net)
                      0.177274    0.000534    3.498226 v _235_/C (sky130_fd_sc_hd__or3_2)
     3    0.012673    0.221768    1.110430    4.608656 v _235_/X (sky130_fd_sc_hd__or3_2)
                                                         _069_ (net)
                      0.221770    0.000427    4.609083 v _251_/A (sky130_fd_sc_hd__xnor2_1)
     1    0.002764    0.090746    0.285774    4.894856 v _251_/Y (sky130_fd_sc_hd__xnor2_1)
                                                         _084_ (net)
                      0.090746    0.000079    4.894936 v _253_/A2 (sky130_fd_sc_hd__a22o_1)
     1    0.003397    0.076665    0.422591    5.317527 v _253_/X (sky130_fd_sc_hd__a22o_1)
                                                         _086_ (net)
                      0.076665    0.000109    5.317636 v _254_/B1 (sky130_fd_sc_hd__a211o_1)
     1    0.003872    0.095534    0.512055    5.829691 v _254_/X (sky130_fd_sc_hd__a211o_1)
                                                         _087_ (net)
                      0.095534    0.000130    5.829821 v _255_/B1 (sky130_fd_sc_hd__o211a_1)
     1    0.001983    0.063689    0.226092    6.055914 v _255_/X (sky130_fd_sc_hd__o211a_1)
                                                         _009_ (net)
                      0.063689    0.000056    6.055970 v _299_/D (sky130_fd_sc_hd__dfxtp_1)
                                              6.055970   data arrival time

                                 15.000000   15.000000   clock CLK (rise edge)
                                  0.000000   15.000000   clock source latency
     1    0.017092    0.129905    0.087937   15.087936 ^ CLK (in)
                                                         CLK (net)
                      0.129915    0.000000   15.087936 ^ clkbuf_0_CLK/A (sky130_fd_sc_hd__clkbuf_16)
     2    0.019581    0.066909    0.248363   15.336300 ^ clkbuf_0_CLK/X (sky130_fd_sc_hd__clkbuf_16)
                                                         clknet_0_CLK (net)
                      0.066910    0.000528   15.336827 ^ clkbuf_1_0__f_CLK/A (sky130_fd_sc_hd__clkbuf_16)
    15    0.043105    0.097892    0.252058   15.588885 ^ clkbuf_1_0__f_CLK/X (sky130_fd_sc_hd__clkbuf_16)
                                                         clknet_1_0__leaf_CLK (net)
                      0.097926    0.001313   15.590198 ^ _299_/CLK (sky130_fd_sc_hd__dfxtp_1)
                                 -0.250000   15.340199   clock uncertainty
                                  0.000000   15.340199   clock reconvergence pessimism
                                 -0.258835   15.081364   library setup time
                                             15.081364   data required time
---------------------------------------------------------------------------------------------
                                             15.081364   data required time
                                             -6.055970   data arrival time
---------------------------------------------------------------------------------------------
                                              9.025394   slack (MET)




===========================================================================
report_checks --slack_max -0.01
============================================================================
======================= nom_ss_100C_1v60 Corner ===================================

No paths found.


===========================================================================
 report_check_types -max_slew -max_cap -max_fanout -violators
============================================================================
======================= nom_ss_100C_1v60 Corner ===================================

max fanout

Pin                                   Limit Fanout  Slack
---------------------------------------------------------
clkbuf_1_0__f_CLK/X                       6     15     -9 (VIOLATED)
clkbuf_1_1__f_CLK/X                       6     11     -5 (VIOLATED)



===========================================================================
report_parasitic_annotation -report_unannotated
============================================================================
Found 20 unannotated drivers.
 _316__41/HI
 _317__42/HI
 _318__43/HI
 _319__44/HI
 _320__45/HI
 _321__46/HI
 _322__47/HI
 _323__48/HI
 _324__49/HI
 _325__50/HI
 _326__51/HI
 _327__52/HI
 _328__53/HI
 _329__54/HI
 _330__55/HI
 _331__56/HI
 _332__57/HI
 _333__58/HI
 _334__59/HI
 _335__60/HI
Found 0 partially unannotated drivers.

===========================================================================
max slew violation count 0
max fanout violation count 2
max cap violation count 0
============================================================================

===========================================================================
check_setup -verbose -unconstrained_endpoints -multiple_clock -no_clock -no_input_delay -loops -generated_clocks
===========================================================================
Warning: There are 20 unconstrained endpoints.
  get_fp32[0]
  get_fp32[10]
  get_fp32[11]
  get_fp32[12]
  get_fp32[13]
  get_fp32[14]
  get_fp32[15]
  get_fp32[16]
  get_fp32[17]
  get_fp32[18]
  get_fp32[19]
  get_fp32[1]
  get_fp32[2]
  get_fp32[3]
  get_fp32[4]
  get_fp32[5]
  get_fp32[6]
  get_fp32[7]
  get_fp32[8]
  get_fp32[9]
