
===========================================================================
report_checks -unconstrained
===========================================================================
======================= nom_tt_025C_1v80 Corner ===================================

Startpoint: _213_ (rising edge-triggered flip-flop clocked by CLK)
Endpoint: fp32_out[21] (output port clocked by CLK)
Path Group: CLK
Path Type: max

Fanout         Cap        Slew       Delay        Time   Description
---------------------------------------------------------------------------------------------
                                  0.000000    0.000000   clock CLK (rise edge)
                                  0.000000    0.000000   clock source latency
    25    0.046925    0.218248    0.149017    0.149017 ^ CLK (in)
                                                         CLK (net)
                      0.218248    0.000000    0.149017 ^ _213_/CLK (sky130_fd_sc_hd__dfxtp_2)
     1    0.033442    0.175410    0.471467    0.620485 ^ _213_/Q (sky130_fd_sc_hd__dfxtp_2)
                                                         fp32_out[21] (net)
                      0.175410    0.000000    0.620485 ^ fp32_out[21] (out)
                                              0.620485   data arrival time

                                 15.000000   15.000000   clock CLK (rise edge)
                                  0.000000   15.000000   clock network delay (propagated)
                                 -0.250000   14.750000   clock uncertainty
                                  0.000000   14.750000   clock reconvergence pessimism
                                 -3.000000   11.750000   output external delay
                                             11.750000   data required time
---------------------------------------------------------------------------------------------
                                             11.750000   data required time
                                             -0.620485   data arrival time
---------------------------------------------------------------------------------------------
                                             11.129516   slack (MET)




===========================================================================
report_checks --slack_max -0.01
============================================================================
======================= nom_tt_025C_1v80 Corner ===================================

No paths found.


===========================================================================
 report_check_types -max_slew -max_cap -max_fanout -violators
============================================================================
======================= nom_tt_025C_1v80 Corner ===================================

max fanout

Pin                                   Limit Fanout  Slack
---------------------------------------------------------
CLK                                       6     25    -19 (VIOLATED)
RST_N                                     6     19    -13 (VIOLATED)



===========================================================================
report_parasitic_annotation -report_unannotated
============================================================================
Found 168 unannotated drivers.
 CLK
 RST_N
 bias_in_bias[0]
 bias_in_bias[1]
 bias_in_bias[2]
 bias_in_bias[3]
 bias_in_bias[4]
 bias_in_bias[5]
 cfloat152_in_cfloat_in[0]
 cfloat152_in_cfloat_in[1]
 cfloat152_in_cfloat_in[2]
 cfloat152_in_cfloat_in[3]
 cfloat152_in_cfloat_in[4]
 cfloat152_in_cfloat_in[5]
 cfloat152_in_cfloat_in[6]
 cfloat152_in_cfloat_in[7]
 _106_/X
 _107_/X
 _108_/X
 _109_/X
 _110_/X
 _111_/X
 _112_/X
 _113_/Y
 _114_/Y
 _115_/X
 _116_/X
 _117_/X
 _118_/X
 _119_/X
 _120_/Y
 _121_/X
 _122_/X
 _123_/X
 _124_/Y
 _125_/Y
 _126_/X
 _127_/Y
 _128_/X
 _129_/X
 _130_/Y
 _131_/X
 _132_/Y
 _133_/X
 _134_/Y
 _135_/X
 _136_/Y
 _137_/X
 _138_/X
 _139_/X
 _140_/X
 _141_/Y
 _142_/Y
 _143_/Y
 _144_/X
 _145_/X
 _146_/X
 _147_/Y
 _148_/Y
 _149_/X
 _150_/X
 _151_/X
 _152_/X
 _153_/X
 _154_/X
 _155_/X
 _156_/Y
 _157_/Y
 _158_/X
 _159_/X
 _160_/Y
 _161_/X
 _162_/Y
 _163_/X
 _164_/X
 _165_/X
 _166_/Y
 _167_/X
 _168_/Y
 _169_/X
 _170_/Y
 _171_/X
 _172_/Y
 _173_/X
 _174_/X
 _175_/X
 _176_/Y
 _177_/Y
 _178_/X
 _179_/Y
 _180_/X
 _181_/Y
 _182_/X
 _183_/X
 _184_/X
 _185_/X
 _186_/X
 _187_/X
 _188_/X
 _189_/X
 _190_/X
 _191_/X
 _192_/X
 _193_/X
 _194_/X
 _195_/X
 _196_/X
 _197_/X
 _198_/X
 _199_/X
 _200_/X
 _201_/X
 _202_/X
 _203_/X
 _204_/X
 _205_/X
 _206_/X
 _207_/X
 _208_/X
 _209_/X
 _210_/X
 _211_/X
 _212_/Q
 _213_/Q
 _214_/Q
 _215_/Q
 _216_/Q
 _217_/Q
 _218_/Q
 _219_/Q
 _220_/Q
 _221_/Q
 _222_/Q
 _223_/Q
 _224_/Q
 _225_/Q
 _226_/Q
 _227_/Q
 _228_/Q
 _229_/Q
 _230_/Q
 _231_/Q
 _232_/Q
 _233_/Q
 _234_/Q
 _235_/Q
 _236_/Q
 _237_/X
 _238_/X
 _239_/X
 _240_/X
 _241_/X
 _242_/X
 _243_/X
 _244_/X
 _245_/X
 _246_/X
 _247_/X
 _248_/X
 _249_/X
 _250_/X
 _251_/X
 _252_/X
 _253_/X
 _254_/X
 _255_/X
 _256_/X
 _257_/X
Found 0 partially unannotated drivers.

===========================================================================
max slew violation count 0
max fanout violation count 2
max cap violation count 0
============================================================================

===========================================================================
check_setup -verbose -unconstrained_endpoints -multiple_clock -no_clock -no_input_delay -loops -generated_clocks
===========================================================================
Warning: There are 21 unconstrained endpoints.
  fp32_out[0]
  fp32_out[10]
  fp32_out[11]
  fp32_out[12]
  fp32_out[13]
  fp32_out[14]
  fp32_out[15]
  fp32_out[16]
  fp32_out[17]
  fp32_out[18]
  fp32_out[19]
  fp32_out[1]
  fp32_out[20]
  fp32_out[2]
  fp32_out[3]
  fp32_out[4]
  fp32_out[5]
  fp32_out[6]
  fp32_out[7]
  fp32_out[8]
  fp32_out[9]
