
 /----------------------------------------------------------------------------\
 |                                                                            |
 |  yosys -- Yosys Open SYnthesis Suite                                       |
 |                                                                            |
 |  Copyright (C) 2012 - 2020  Claire Xenia Wolf <claire@yosyshq.com>         |
 |                                                                            |
 |  Permission to use, copy, modify, and/or distribute this software for any  |
 |  purpose with or without fee is hereby granted, provided that the above    |
 |  copyright notice and this permission notice appear in all copies.         |
 |                                                                            |
 |  THE SOFTWARE IS PROVIDED "AS IS" AND THE AUTHOR DISCLAIMS ALL WARRANTIES  |
 |  WITH REGARD TO THIS SOFTWARE INCLUDING ALL IMPLIED WARRANTIES OF          |
 |  MERCHANTABILITY AND FITNESS. IN NO EVENT SHALL THE AUTHOR BE LIABLE FOR   |
 |  ANY SPECIAL, DIRECT, INDIRECT, OR CONSEQUENTIAL DAMAGES OR ANY DAMAGES    |
 |  WHATSOEVER RESULTING FROM LOSS OF USE, DATA OR PROFITS, WHETHER IN AN     |
 |  ACTION OF CONTRACT, NEGLIGENCE OR OTHER TORTIOUS ACTION, ARISING OUT OF   |
 |  OR IN CONNECTION WITH THE USE OR PERFORMANCE OF THIS SOFTWARE.            |
 |                                                                            |
 \----------------------------------------------------------------------------/

 Yosys 0.33 (git sha1 2584903a060, clang++ 11.1.0 -fPIC -Os)

[TCL: yosys -import] Command name collision: found pre-existing command `cd' -> skip.
[TCL: yosys -import] Command name collision: found pre-existing command `eval' -> skip.
[TCL: yosys -import] Command name collision: found pre-existing command `exec' -> skip.
[TCL: yosys -import] Command name collision: found pre-existing command `read' -> skip.
[TCL: yosys -import] Command name collision: found pre-existing command `trace' -> skip.
Reading SCL library '/home/kapil/.volare/sky130A/libs.ref/sky130_fd_sc_hd/lib/sky130_fd_sc_hd__tt_025C_1v80.lib' as a blackbox…

1. Executing Liberty frontend: /home/kapil/.volare/sky130A/libs.ref/sky130_fd_sc_hd/lib/sky130_fd_sc_hd__tt_025C_1v80.lib
Imported 428 cell types from liberty file.

2. Executing Verilog-2005 frontend: /home/kapil/Shakti-Software-Development/Mindgrove/FP_convertor_modules/verilog_dir/mk_cfloat152_fp32.v
Parsing SystemVerilog input from `/home/kapil/Shakti-Software-Development/Mindgrove/FP_convertor_modules/verilog_dir/mk_cfloat152_fp32.v' to AST representation.
Warning: Encountered `translate_off' comment! Such legacy hot comments are supported by Yosys, but are not part of any formal language specification. Using a portable and standards-compliant construct such as `ifdef is recommended!
Generating RTLIL representation for module `\mk_cfloat152_fp32'.
Note: Assuming pure combinatorial block at /home/kapil/Shakti-Software-Development/Mindgrove/FP_convertor_modules/verilog_dir/mk_cfloat152_fp32.v:139.3-147.6 in
compliance with IEC 62142(E):2005 / IEEE Std. 1364.1(E):2002. Recommending
use of @* instead of @(...) for better match of synthesis and simulation.
Successfully finished Verilog frontend.

3. Generating Graphviz representation of design.
Writing dot description to `/home/kapil/Shakti-Software-Development/Mindgrove/FP_convertor_modules/runs/RUN_2023-12-09_16-44-26/05-yosys-synthesis/hierarchy.dot'.
Dumping module mk_cfloat152_fp32 to page 1.

4. Executing HIERARCHY pass (managing design hierarchy).

4.1. Analyzing design hierarchy..
Top module:  \mk_cfloat152_fp32

4.2. Analyzing design hierarchy..
Top module:  \mk_cfloat152_fp32
Removed 0 unused modules.
Renaming module mk_cfloat152_fp32 to mk_cfloat152_fp32.

5. Executing HIERARCHY pass (managing design hierarchy).

5.1. Analyzing design hierarchy..
Top module:  \mk_cfloat152_fp32

5.2. Analyzing design hierarchy..
Top module:  \mk_cfloat152_fp32
Removed 0 unused modules.

6. Executing PROC_CLEAN pass (remove empty switches from decision trees).
Cleaned up 0 empty switches.

7. Executing PROC_RMDEAD pass (remove dead branches from decision trees).
Marked 1 switch rules as full_case in process $proc$/home/kapil/Shakti-Software-Development/Mindgrove/FP_convertor_modules/verilog_dir/mk_cfloat152_fp32.v:151$19 in module mk_cfloat152_fp32.
Marked 1 switch rules as full_case in process $proc$/home/kapil/Shakti-Software-Development/Mindgrove/FP_convertor_modules/verilog_dir/mk_cfloat152_fp32.v:139$18 in module mk_cfloat152_fp32.
Removed a total of 0 dead cases.

8. Executing PROC_PRUNE pass (remove redundant assignments in processes).
Removed 0 redundant assignments.
Promoted 1 assignment to connection.

9. Executing PROC_INIT pass (extract init attributes).

10. Executing PROC_ARST pass (detect async resets in processes).

11. Executing PROC_ROM pass (convert switches to ROMs).
Converted 0 switches.
<suppressed ~6 debug messages>

12. Executing PROC_MUX pass (convert decision trees to multiplexers).
Creating decoders for process `\mk_cfloat152_fp32.$proc$/home/kapil/Shakti-Software-Development/Mindgrove/FP_convertor_modules/verilog_dir/mk_cfloat152_fp32.v:151$19'.
     1/4: $0\rg_fp32[31:0]
     2/4: $0\rg_flags[4:0]
     3/4: $0\rg_cfloat152[7:0]
     4/4: $0\rg_bias[5:0]
Creating decoders for process `\mk_cfloat152_fp32.$proc$/home/kapil/Shakti-Software-Development/Mindgrove/FP_convertor_modules/verilog_dir/mk_cfloat152_fp32.v:139$18'.
     1/1: $1\CASE_rg_cfloat152_BITS_1_TO_0_0b1_0_0b10_0_419_ETC__q1[22:0]

13. Executing PROC_DLATCH pass (convert process syncs to latches).
No latch inferred for signal `\mk_cfloat152_fp32.\CASE_rg_cfloat152_BITS_1_TO_0_0b1_0_0b10_0_419_ETC__q1' from process `\mk_cfloat152_fp32.$proc$/home/kapil/Shakti-Software-Development/Mindgrove/FP_convertor_modules/verilog_dir/mk_cfloat152_fp32.v:139$18'.

14. Executing PROC_DFF pass (convert process syncs to FFs).
Creating register for signal `\mk_cfloat152_fp32.\rg_bias' using process `\mk_cfloat152_fp32.$proc$/home/kapil/Shakti-Software-Development/Mindgrove/FP_convertor_modules/verilog_dir/mk_cfloat152_fp32.v:151$19'.
  created $dff cell `$procdff$44' with positive edge clock.
Creating register for signal `\mk_cfloat152_fp32.\rg_cfloat152' using process `\mk_cfloat152_fp32.$proc$/home/kapil/Shakti-Software-Development/Mindgrove/FP_convertor_modules/verilog_dir/mk_cfloat152_fp32.v:151$19'.
  created $dff cell `$procdff$45' with positive edge clock.
Creating register for signal `\mk_cfloat152_fp32.\rg_flags' using process `\mk_cfloat152_fp32.$proc$/home/kapil/Shakti-Software-Development/Mindgrove/FP_convertor_modules/verilog_dir/mk_cfloat152_fp32.v:151$19'.
  created $dff cell `$procdff$46' with positive edge clock.
Creating register for signal `\mk_cfloat152_fp32.\rg_fp32' using process `\mk_cfloat152_fp32.$proc$/home/kapil/Shakti-Software-Development/Mindgrove/FP_convertor_modules/verilog_dir/mk_cfloat152_fp32.v:151$19'.
  created $dff cell `$procdff$47' with positive edge clock.

15. Executing PROC_MEMWR pass (convert process memory writes to cells).

16. Executing PROC_CLEAN pass (remove empty switches from decision trees).
Found and cleaned up 5 empty switches in `\mk_cfloat152_fp32.$proc$/home/kapil/Shakti-Software-Development/Mindgrove/FP_convertor_modules/verilog_dir/mk_cfloat152_fp32.v:151$19'.
Removing empty process `mk_cfloat152_fp32.$proc$/home/kapil/Shakti-Software-Development/Mindgrove/FP_convertor_modules/verilog_dir/mk_cfloat152_fp32.v:151$19'.
Found and cleaned up 1 empty switch in `\mk_cfloat152_fp32.$proc$/home/kapil/Shakti-Software-Development/Mindgrove/FP_convertor_modules/verilog_dir/mk_cfloat152_fp32.v:139$18'.
Removing empty process `mk_cfloat152_fp32.$proc$/home/kapil/Shakti-Software-Development/Mindgrove/FP_convertor_modules/verilog_dir/mk_cfloat152_fp32.v:139$18'.
Cleaned up 6 empty switches.

17. Executing CHECK pass (checking for obvious problems).
Checking module mk_cfloat152_fp32...
Found and reported 0 problems.

18. Executing OPT_EXPR pass (perform const folding).
Optimizing module mk_cfloat152_fp32.
<suppressed ~15 debug messages>

19. Executing FLATTEN pass (flatten design).

20. Executing OPT_EXPR pass (perform const folding).
Optimizing module mk_cfloat152_fp32.

21. Executing OPT_CLEAN pass (remove unused cells and wires).
Finding unused cells or wires in module \mk_cfloat152_fp32..
Removed 6 unused cells and 28 unused wires.
<suppressed ~8 debug messages>

22. Executing OPT pass (performing simple optimizations).

22.1. Executing OPT_EXPR pass (perform const folding).
Optimizing module mk_cfloat152_fp32.

22.2. Executing OPT_MERGE pass (detect identical cells).
Finding identical cells in module `\mk_cfloat152_fp32'.
<suppressed ~6 debug messages>
Removed a total of 2 cells.

22.3. Executing OPT_MUXTREE pass (detect dead branches in mux trees).
Running muxtree optimizer on module \mk_cfloat152_fp32..
  Creating internal representation of mux trees.
  Evaluating internal representation of mux trees.
  Analyzing evaluation results.
Removed 0 multiplexer ports.
<suppressed ~3 debug messages>

22.4. Executing OPT_REDUCE pass (consolidate $*mux and $reduce_* inputs).
  Optimizing cells in module \mk_cfloat152_fp32.
Performed a total of 0 changes.

22.5. Executing OPT_MERGE pass (detect identical cells).
Finding identical cells in module `\mk_cfloat152_fp32'.
Removed a total of 0 cells.

22.6. Executing OPT_DFF pass (perform DFF optimizations).

22.7. Executing OPT_CLEAN pass (remove unused cells and wires).
Finding unused cells or wires in module \mk_cfloat152_fp32..
Removed 0 unused cells and 1 unused wires.
<suppressed ~1 debug messages>

22.8. Executing OPT_EXPR pass (perform const folding).
Optimizing module mk_cfloat152_fp32.

22.9. Rerunning OPT passes. (Maybe there is more to do..)

22.10. Executing OPT_MUXTREE pass (detect dead branches in mux trees).
Running muxtree optimizer on module \mk_cfloat152_fp32..
  Creating internal representation of mux trees.
  Evaluating internal representation of mux trees.
  Analyzing evaluation results.
Removed 0 multiplexer ports.
<suppressed ~3 debug messages>

22.11. Executing OPT_REDUCE pass (consolidate $*mux and $reduce_* inputs).
  Optimizing cells in module \mk_cfloat152_fp32.
Performed a total of 0 changes.

22.12. Executing OPT_MERGE pass (detect identical cells).
Finding identical cells in module `\mk_cfloat152_fp32'.
Removed a total of 0 cells.

22.13. Executing OPT_DFF pass (perform DFF optimizations).

22.14. Executing OPT_CLEAN pass (remove unused cells and wires).
Finding unused cells or wires in module \mk_cfloat152_fp32..

22.15. Executing OPT_EXPR pass (perform const folding).
Optimizing module mk_cfloat152_fp32.

22.16. Finished OPT passes. (There is nothing left to do.)

23. Executing FSM pass (extract and optimize FSM).

23.1. Executing FSM_DETECT pass (finding FSMs in design).

23.2. Executing FSM_EXTRACT pass (extracting FSM from design).

23.3. Executing FSM_OPT pass (simple optimizations of FSMs).

23.4. Executing OPT_CLEAN pass (remove unused cells and wires).
Finding unused cells or wires in module \mk_cfloat152_fp32..

23.5. Executing FSM_OPT pass (simple optimizations of FSMs).

23.6. Executing FSM_RECODE pass (re-assigning FSM state encoding).

23.7. Executing FSM_INFO pass (dumping all available information on FSM cells).

23.8. Executing FSM_MAP pass (mapping FSMs to basic logic).

24. Executing OPT pass (performing simple optimizations).

24.1. Executing OPT_EXPR pass (perform const folding).
Optimizing module mk_cfloat152_fp32.

24.2. Executing OPT_MERGE pass (detect identical cells).
Finding identical cells in module `\mk_cfloat152_fp32'.
Removed a total of 0 cells.

24.3. Executing OPT_MUXTREE pass (detect dead branches in mux trees).
Running muxtree optimizer on module \mk_cfloat152_fp32..
  Creating internal representation of mux trees.
  Evaluating internal representation of mux trees.
  Analyzing evaluation results.
Removed 0 multiplexer ports.
<suppressed ~3 debug messages>

24.4. Executing OPT_REDUCE pass (consolidate $*mux and $reduce_* inputs).
  Optimizing cells in module \mk_cfloat152_fp32.
Performed a total of 0 changes.

24.5. Executing OPT_MERGE pass (detect identical cells).
Finding identical cells in module `\mk_cfloat152_fp32'.
Removed a total of 0 cells.

24.6. Executing OPT_DFF pass (perform DFF optimizations).
Adding SRST signal on $procdff$47 ($dff) from module mk_cfloat152_fp32 (D = \rg_cfloat152 [7], Q = \rg_fp32 [31], rval = 1'0).
Adding SRST signal on $procdff$47 ($dff) from module mk_cfloat152_fp32 (D = \IF_rg_cfloat152_BITS_6_TO_2_EQ_0_AND_NOT_rg_cf_ETC___d25 [30:21], Q = \rg_fp32 [30:21], rval = 10'0000000000).
Adding SRST signal on $procdff$47 ($dff) from module mk_cfloat152_fp32 (D = \CASE_rg_cfloat152_BITS_1_TO_0_0b1_0_0b10_0_419_ETC__q1 [20:0], Q = \rg_fp32 [20:0], rval = 21'000000000000000000000).
Adding SRST signal on $procdff$45 ($dff) from module mk_cfloat152_fp32 (D = \cfloat152_in_cfloat_in, Q = \rg_cfloat152, rval = 8'00000000).
Adding SRST signal on $procdff$44 ($dff) from module mk_cfloat152_fp32 (D = \bias_in_bias, Q = \rg_bias, rval = 6'000000).

24.7. Executing OPT_CLEAN pass (remove unused cells and wires).
Finding unused cells or wires in module \mk_cfloat152_fp32..
Removed 4 unused cells and 3 unused wires.
<suppressed ~5 debug messages>

24.8. Executing OPT_EXPR pass (perform const folding).
Optimizing module mk_cfloat152_fp32.

24.9. Rerunning OPT passes. (Maybe there is more to do..)

24.10. Executing OPT_MUXTREE pass (detect dead branches in mux trees).
Running muxtree optimizer on module \mk_cfloat152_fp32..
  Creating internal representation of mux trees.
  Evaluating internal representation of mux trees.
  Analyzing evaluation results.
Removed 0 multiplexer ports.
<suppressed ~2 debug messages>

24.11. Executing OPT_REDUCE pass (consolidate $*mux and $reduce_* inputs).
  Optimizing cells in module \mk_cfloat152_fp32.
Performed a total of 0 changes.

24.12. Executing OPT_MERGE pass (detect identical cells).
Finding identical cells in module `\mk_cfloat152_fp32'.
<suppressed ~3 debug messages>
Removed a total of 1 cells.

24.13. Executing OPT_DFF pass (perform DFF optimizations).

24.14. Executing OPT_CLEAN pass (remove unused cells and wires).
Finding unused cells or wires in module \mk_cfloat152_fp32..
Removed 0 unused cells and 1 unused wires.
<suppressed ~1 debug messages>

24.15. Executing OPT_EXPR pass (perform const folding).
Optimizing module mk_cfloat152_fp32.

24.16. Rerunning OPT passes. (Maybe there is more to do..)

24.17. Executing OPT_MUXTREE pass (detect dead branches in mux trees).
Running muxtree optimizer on module \mk_cfloat152_fp32..
  Creating internal representation of mux trees.
  Evaluating internal representation of mux trees.
  Analyzing evaluation results.
Removed 0 multiplexer ports.
<suppressed ~2 debug messages>

24.18. Executing OPT_REDUCE pass (consolidate $*mux and $reduce_* inputs).
  Optimizing cells in module \mk_cfloat152_fp32.
Performed a total of 0 changes.

24.19. Executing OPT_MERGE pass (detect identical cells).
Finding identical cells in module `\mk_cfloat152_fp32'.
Removed a total of 0 cells.

24.20. Executing OPT_DFF pass (perform DFF optimizations).

24.21. Executing OPT_CLEAN pass (remove unused cells and wires).
Finding unused cells or wires in module \mk_cfloat152_fp32..

24.22. Executing OPT_EXPR pass (perform const folding).
Optimizing module mk_cfloat152_fp32.

24.23. Finished OPT passes. (There is nothing left to do.)

25. Executing WREDUCE pass (reducing word size of cells).
Removed top 1 bits (of 2) from port B of cell mk_cfloat152_fp32.$eq$/home/kapil/Shakti-Software-Development/Mindgrove/FP_convertor_modules/verilog_dir/mk_cfloat152_fp32.v:130$11 ($eq).
Removed top 1 bits (of 8) from port A of cell mk_cfloat152_fp32.$sub$/home/kapil/Shakti-Software-Development/Mindgrove/FP_convertor_modules/verilog_dir/mk_cfloat152_fp32.v:131$12 ($sub).
Removed top 2 bits (of 8) from port B of cell mk_cfloat152_fp32.$sub$/home/kapil/Shakti-Software-Development/Mindgrove/FP_convertor_modules/verilog_dir/mk_cfloat152_fp32.v:131$12 ($sub).
Removed top 1 bits (of 8) from port A of cell mk_cfloat152_fp32.$sub$/home/kapil/Shakti-Software-Development/Mindgrove/FP_convertor_modules/verilog_dir/mk_cfloat152_fp32.v:132$13 ($sub).
Removed top 2 bits (of 8) from port B of cell mk_cfloat152_fp32.$sub$/home/kapil/Shakti-Software-Development/Mindgrove/FP_convertor_modules/verilog_dir/mk_cfloat152_fp32.v:132$13 ($sub).
Removed top 1 bits (of 8) from port B of cell mk_cfloat152_fp32.$add$/home/kapil/Shakti-Software-Development/Mindgrove/FP_convertor_modules/verilog_dir/mk_cfloat152_fp32.v:134$15 ($add).
Removed top 3 bits (of 8) from port A of cell mk_cfloat152_fp32.$sub$/home/kapil/Shakti-Software-Development/Mindgrove/FP_convertor_modules/verilog_dir/mk_cfloat152_fp32.v:136$17 ($sub).
Removed top 2 bits (of 8) from port B of cell mk_cfloat152_fp32.$sub$/home/kapil/Shakti-Software-Development/Mindgrove/FP_convertor_modules/verilog_dir/mk_cfloat152_fp32.v:136$17 ($sub).
Removed top 1 bits (of 8) from port Y of cell mk_cfloat152_fp32.$sub$/home/kapil/Shakti-Software-Development/Mindgrove/FP_convertor_modules/verilog_dir/mk_cfloat152_fp32.v:136$17 ($sub).
Removed top 3 bits (of 8) from wire mk_cfloat152_fp32.x__h422.

26. Executing PEEPOPT pass (run peephole optimizers).

27. Executing OPT_CLEAN pass (remove unused cells and wires).
Finding unused cells or wires in module \mk_cfloat152_fp32..
Removed 0 unused cells and 1 unused wires.
<suppressed ~1 debug messages>

28. Executing ALUMACC pass (create $alu and $macc cells).
Extracting $alu and $macc cells in module mk_cfloat152_fp32:
  creating $macc model for $add$/home/kapil/Shakti-Software-Development/Mindgrove/FP_convertor_modules/verilog_dir/mk_cfloat152_fp32.v:134$15 ($add).
  creating $macc model for $sub$/home/kapil/Shakti-Software-Development/Mindgrove/FP_convertor_modules/verilog_dir/mk_cfloat152_fp32.v:131$12 ($sub).
  creating $macc model for $sub$/home/kapil/Shakti-Software-Development/Mindgrove/FP_convertor_modules/verilog_dir/mk_cfloat152_fp32.v:132$13 ($sub).
  creating $macc model for $sub$/home/kapil/Shakti-Software-Development/Mindgrove/FP_convertor_modules/verilog_dir/mk_cfloat152_fp32.v:136$17 ($sub).
  creating $alu model for $macc $sub$/home/kapil/Shakti-Software-Development/Mindgrove/FP_convertor_modules/verilog_dir/mk_cfloat152_fp32.v:136$17.
  creating $alu model for $macc $sub$/home/kapil/Shakti-Software-Development/Mindgrove/FP_convertor_modules/verilog_dir/mk_cfloat152_fp32.v:132$13.
  creating $alu model for $macc $sub$/home/kapil/Shakti-Software-Development/Mindgrove/FP_convertor_modules/verilog_dir/mk_cfloat152_fp32.v:131$12.
  creating $alu model for $macc $add$/home/kapil/Shakti-Software-Development/Mindgrove/FP_convertor_modules/verilog_dir/mk_cfloat152_fp32.v:134$15.
  creating $alu cell for $add$/home/kapil/Shakti-Software-Development/Mindgrove/FP_convertor_modules/verilog_dir/mk_cfloat152_fp32.v:134$15: $auto$alumacc.cc:485:replace_alu$64
  creating $alu cell for $sub$/home/kapil/Shakti-Software-Development/Mindgrove/FP_convertor_modules/verilog_dir/mk_cfloat152_fp32.v:131$12: $auto$alumacc.cc:485:replace_alu$67
  creating $alu cell for $sub$/home/kapil/Shakti-Software-Development/Mindgrove/FP_convertor_modules/verilog_dir/mk_cfloat152_fp32.v:132$13: $auto$alumacc.cc:485:replace_alu$70
  creating $alu cell for $sub$/home/kapil/Shakti-Software-Development/Mindgrove/FP_convertor_modules/verilog_dir/mk_cfloat152_fp32.v:136$17: $auto$alumacc.cc:485:replace_alu$73
  created 4 $alu and 0 $macc cells.

29. Executing SHARE pass (SAT-based resource sharing).

30. Executing OPT pass (performing simple optimizations).

30.1. Executing OPT_EXPR pass (perform const folding).
Optimizing module mk_cfloat152_fp32.

30.2. Executing OPT_MERGE pass (detect identical cells).
Finding identical cells in module `\mk_cfloat152_fp32'.
Removed a total of 0 cells.

30.3. Executing OPT_MUXTREE pass (detect dead branches in mux trees).
Running muxtree optimizer on module \mk_cfloat152_fp32..
  Creating internal representation of mux trees.
  Evaluating internal representation of mux trees.
  Analyzing evaluation results.
Removed 0 multiplexer ports.
<suppressed ~2 debug messages>

30.4. Executing OPT_REDUCE pass (consolidate $*mux and $reduce_* inputs).
  Optimizing cells in module \mk_cfloat152_fp32.
Performed a total of 0 changes.

30.5. Executing OPT_MERGE pass (detect identical cells).
Finding identical cells in module `\mk_cfloat152_fp32'.
Removed a total of 0 cells.

30.6. Executing OPT_DFF pass (perform DFF optimizations).

30.7. Executing OPT_CLEAN pass (remove unused cells and wires).
Finding unused cells or wires in module \mk_cfloat152_fp32..

30.8. Executing OPT_EXPR pass (perform const folding).
Optimizing module mk_cfloat152_fp32.

30.9. Finished OPT passes. (There is nothing left to do.)

31. Executing MEMORY pass.

31.1. Executing OPT_MEM pass (optimize memories).
Performed a total of 0 transformations.

31.2. Executing OPT_MEM_PRIORITY pass (removing unnecessary memory write priority relations).
Performed a total of 0 transformations.

31.3. Executing OPT_MEM_FEEDBACK pass (finding memory read-to-write feedback paths).

31.4. Executing MEMORY_BMUX2ROM pass (converting muxes to ROMs).

31.5. Executing MEMORY_DFF pass (merging $dff cells to $memrd).

31.6. Executing OPT_CLEAN pass (remove unused cells and wires).
Finding unused cells or wires in module \mk_cfloat152_fp32..

31.7. Executing MEMORY_SHARE pass (consolidating $memrd/$memwr cells).

31.8. Executing OPT_MEM_WIDEN pass (optimize memories where all ports are wide).
Performed a total of 0 transformations.

31.9. Executing OPT_CLEAN pass (remove unused cells and wires).
Finding unused cells or wires in module \mk_cfloat152_fp32..

31.10. Executing MEMORY_COLLECT pass (generating $mem cells).

32. Executing OPT_CLEAN pass (remove unused cells and wires).
Finding unused cells or wires in module \mk_cfloat152_fp32..

33. Executing OPT pass (performing simple optimizations).

33.1. Executing OPT_EXPR pass (perform const folding).
Optimizing module mk_cfloat152_fp32.
<suppressed ~33 debug messages>

33.2. Executing OPT_MERGE pass (detect identical cells).
Finding identical cells in module `\mk_cfloat152_fp32'.
Removed a total of 0 cells.

33.3. Executing OPT_DFF pass (perform DFF optimizations).

33.4. Executing OPT_CLEAN pass (remove unused cells and wires).
Finding unused cells or wires in module \mk_cfloat152_fp32..
Removed 0 unused cells and 4 unused wires.
<suppressed ~1 debug messages>

33.5. Finished fast OPT passes.

34. Executing MEMORY_MAP pass (converting memories to logic and flip-flops).

35. Executing OPT pass (performing simple optimizations).

35.1. Executing OPT_EXPR pass (perform const folding).
Optimizing module mk_cfloat152_fp32.

35.2. Executing OPT_MERGE pass (detect identical cells).
Finding identical cells in module `\mk_cfloat152_fp32'.
Removed a total of 0 cells.

35.3. Executing OPT_MUXTREE pass (detect dead branches in mux trees).
Running muxtree optimizer on module \mk_cfloat152_fp32..
  Creating internal representation of mux trees.
  Evaluating internal representation of mux trees.
  Analyzing evaluation results.
Removed 0 multiplexer ports.
<suppressed ~2 debug messages>

35.4. Executing OPT_REDUCE pass (consolidate $*mux and $reduce_* inputs).
  Optimizing cells in module \mk_cfloat152_fp32.
    Consolidated identical input bits for $mux cell $procmux$42:
      Old ports: A=23'10000000000000000000000, B=23'00000000000000000000000, Y=\CASE_rg_cfloat152_BITS_1_TO_0_0b1_0_0b10_0_419_ETC__q1
      New ports: A=1'1, B=1'0, Y=\CASE_rg_cfloat152_BITS_1_TO_0_0b1_0_0b10_0_419_ETC__q1 [22]
      New connections: \CASE_rg_cfloat152_BITS_1_TO_0_0b1_0_0b10_0_419_ETC__q1 [21:0] = 22'0000000000000000000000
    Consolidated identical input bits for $mux cell $ternary$/home/kapil/Shakti-Software-Development/Mindgrove/FP_convertor_modules/verilog_dir/mk_cfloat152_fp32.v:130$14:
      Old ports: A={ 1'0 $sub$/home/kapil/Shakti-Software-Development/Mindgrove/FP_convertor_modules/verilog_dir/mk_cfloat152_fp32.v:132$13_Y [6:0] }, B={ 1'0 $sub$/home/kapil/Shakti-Software-Development/Mindgrove/FP_convertor_modules/verilog_dir/mk_cfloat152_fp32.v:131$12_Y [6:1] $auto$rtlil.cc:2412:Not$80 }, Y=$ternary$/home/kapil/Shakti-Software-Development/Mindgrove/FP_convertor_modules/verilog_dir/mk_cfloat152_fp32.v:130$14_Y
      New ports: A=$sub$/home/kapil/Shakti-Software-Development/Mindgrove/FP_convertor_modules/verilog_dir/mk_cfloat152_fp32.v:132$13_Y [6:0], B={ $sub$/home/kapil/Shakti-Software-Development/Mindgrove/FP_convertor_modules/verilog_dir/mk_cfloat152_fp32.v:131$12_Y [6:1] $auto$rtlil.cc:2412:Not$80 }, Y=$ternary$/home/kapil/Shakti-Software-Development/Mindgrove/FP_convertor_modules/verilog_dir/mk_cfloat152_fp32.v:130$14_Y [6:0]
      New connections: $ternary$/home/kapil/Shakti-Software-Development/Mindgrove/FP_convertor_modules/verilog_dir/mk_cfloat152_fp32.v:130$14_Y [7] = 1'0
  Optimizing cells in module \mk_cfloat152_fp32.
    Consolidated identical input bits for $mux cell $ternary$/home/kapil/Shakti-Software-Development/Mindgrove/FP_convertor_modules/verilog_dir/mk_cfloat152_fp32.v:129$16:
      Old ports: A={ $add$/home/kapil/Shakti-Software-Development/Mindgrove/FP_convertor_modules/verilog_dir/mk_cfloat152_fp32.v:134$15_Y \rg_cfloat152 [1:0] 21'000000000000000000000 }, B={ $ternary$/home/kapil/Shakti-Software-Development/Mindgrove/FP_convertor_modules/verilog_dir/mk_cfloat152_fp32.v:130$14_Y \CASE_rg_cfloat152_BITS_1_TO_0_0b1_0_0b10_0_419_ETC__q1 }, Y=\IF_rg_cfloat152_BITS_6_TO_2_EQ_0_AND_NOT_rg_cf_ETC___d25
      New ports: A={ $add$/home/kapil/Shakti-Software-Development/Mindgrove/FP_convertor_modules/verilog_dir/mk_cfloat152_fp32.v:134$15_Y \rg_cfloat152 [1:0] }, B={ 1'0 $ternary$/home/kapil/Shakti-Software-Development/Mindgrove/FP_convertor_modules/verilog_dir/mk_cfloat152_fp32.v:130$14_Y [6:0] \CASE_rg_cfloat152_BITS_1_TO_0_0b1_0_0b10_0_419_ETC__q1 [22] 1'0 }, Y=\IF_rg_cfloat152_BITS_6_TO_2_EQ_0_AND_NOT_rg_cf_ETC___d25 [30:21]
      New connections: \IF_rg_cfloat152_BITS_6_TO_2_EQ_0_AND_NOT_rg_cf_ETC___d25 [20:0] = 21'000000000000000000000
  Optimizing cells in module \mk_cfloat152_fp32.
Performed a total of 3 changes.

35.5. Executing OPT_MERGE pass (detect identical cells).
Finding identical cells in module `\mk_cfloat152_fp32'.
Removed a total of 0 cells.

35.6. Executing OPT_SHARE pass.

35.7. Executing OPT_DFF pass (perform DFF optimizations).
Adding SRST signal on $auto$ff.cc:266:slice$49 ($sdff) from module mk_cfloat152_fp32 (D = { $add$/home/kapil/Shakti-Software-Development/Mindgrove/FP_convertor_modules/verilog_dir/mk_cfloat152_fp32.v:134$15_Y [7] \rg_cfloat152 [0] }, Q = { \rg_fp32 [30] \rg_fp32 [21] }, rval = 2'00).

35.8. Executing OPT_CLEAN pass (remove unused cells and wires).
Finding unused cells or wires in module \mk_cfloat152_fp32..

35.9. Executing OPT_EXPR pass (perform const folding).
Optimizing module mk_cfloat152_fp32.
<suppressed ~1 debug messages>

35.10. Rerunning OPT passes. (Maybe there is more to do..)

35.11. Executing OPT_MUXTREE pass (detect dead branches in mux trees).
Running muxtree optimizer on module \mk_cfloat152_fp32..
  Creating internal representation of mux trees.
  Evaluating internal representation of mux trees.
  Analyzing evaluation results.
Removed 0 multiplexer ports.
<suppressed ~1 debug messages>

35.12. Executing OPT_REDUCE pass (consolidate $*mux and $reduce_* inputs).
  Optimizing cells in module \mk_cfloat152_fp32.
    New input vector for $reduce_or cell $auto$opt_dff.cc:254:combine_resets$94: { $auto$rtlil.cc:2412:Not$51 $logic_and$/home/kapil/Shakti-Software-Development/Mindgrove/FP_convertor_modules/verilog_dir/mk_cfloat152_fp32.v:129$10_Y $logic_and$/home/kapil/Shakti-Software-Development/Mindgrove/FP_convertor_modules/verilog_dir/mk_cfloat152_fp32.v:122$6_Y }
  Optimizing cells in module \mk_cfloat152_fp32.
Performed a total of 1 changes.

35.13. Executing OPT_MERGE pass (detect identical cells).
Finding identical cells in module `\mk_cfloat152_fp32'.
Removed a total of 0 cells.

35.14. Executing OPT_SHARE pass.

35.15. Executing OPT_DFF pass (perform DFF optimizations).
Setting constant 0-bit at position 0 on $auto$ff.cc:266:slice$54 ($sdff) from module mk_cfloat152_fp32.
Setting constant 0-bit at position 1 on $auto$ff.cc:266:slice$54 ($sdff) from module mk_cfloat152_fp32.
Setting constant 0-bit at position 2 on $auto$ff.cc:266:slice$54 ($sdff) from module mk_cfloat152_fp32.
Setting constant 0-bit at position 3 on $auto$ff.cc:266:slice$54 ($sdff) from module mk_cfloat152_fp32.
Setting constant 0-bit at position 4 on $auto$ff.cc:266:slice$54 ($sdff) from module mk_cfloat152_fp32.
Setting constant 0-bit at position 5 on $auto$ff.cc:266:slice$54 ($sdff) from module mk_cfloat152_fp32.
Setting constant 0-bit at position 6 on $auto$ff.cc:266:slice$54 ($sdff) from module mk_cfloat152_fp32.
Setting constant 0-bit at position 7 on $auto$ff.cc:266:slice$54 ($sdff) from module mk_cfloat152_fp32.
Setting constant 0-bit at position 8 on $auto$ff.cc:266:slice$54 ($sdff) from module mk_cfloat152_fp32.
Setting constant 0-bit at position 9 on $auto$ff.cc:266:slice$54 ($sdff) from module mk_cfloat152_fp32.
Setting constant 0-bit at position 10 on $auto$ff.cc:266:slice$54 ($sdff) from module mk_cfloat152_fp32.
Setting constant 0-bit at position 11 on $auto$ff.cc:266:slice$54 ($sdff) from module mk_cfloat152_fp32.
Setting constant 0-bit at position 12 on $auto$ff.cc:266:slice$54 ($sdff) from module mk_cfloat152_fp32.
Setting constant 0-bit at position 13 on $auto$ff.cc:266:slice$54 ($sdff) from module mk_cfloat152_fp32.
Setting constant 0-bit at position 14 on $auto$ff.cc:266:slice$54 ($sdff) from module mk_cfloat152_fp32.
Setting constant 0-bit at position 15 on $auto$ff.cc:266:slice$54 ($sdff) from module mk_cfloat152_fp32.
Setting constant 0-bit at position 16 on $auto$ff.cc:266:slice$54 ($sdff) from module mk_cfloat152_fp32.
Setting constant 0-bit at position 17 on $auto$ff.cc:266:slice$54 ($sdff) from module mk_cfloat152_fp32.
Setting constant 0-bit at position 18 on $auto$ff.cc:266:slice$54 ($sdff) from module mk_cfloat152_fp32.
Setting constant 0-bit at position 19 on $auto$ff.cc:266:slice$54 ($sdff) from module mk_cfloat152_fp32.
Setting constant 0-bit at position 20 on $auto$ff.cc:266:slice$54 ($sdff) from module mk_cfloat152_fp32.

35.16. Executing OPT_CLEAN pass (remove unused cells and wires).
Finding unused cells or wires in module \mk_cfloat152_fp32..
Removed 2 unused cells and 2 unused wires.
<suppressed ~3 debug messages>

35.17. Executing OPT_EXPR pass (perform const folding).
Optimizing module mk_cfloat152_fp32.

35.18. Rerunning OPT passes. (Maybe there is more to do..)

35.19. Executing OPT_MUXTREE pass (detect dead branches in mux trees).
Running muxtree optimizer on module \mk_cfloat152_fp32..
  Creating internal representation of mux trees.
  Evaluating internal representation of mux trees.
  Analyzing evaluation results.
Removed 0 multiplexer ports.
<suppressed ~1 debug messages>

35.20. Executing OPT_REDUCE pass (consolidate $*mux and $reduce_* inputs).
  Optimizing cells in module \mk_cfloat152_fp32.
Performed a total of 0 changes.

35.21. Executing OPT_MERGE pass (detect identical cells).
Finding identical cells in module `\mk_cfloat152_fp32'.
Removed a total of 0 cells.

35.22. Executing OPT_SHARE pass.

35.23. Executing OPT_DFF pass (perform DFF optimizations).

35.24. Executing OPT_CLEAN pass (remove unused cells and wires).
Finding unused cells or wires in module \mk_cfloat152_fp32..

35.25. Executing OPT_EXPR pass (perform const folding).
Optimizing module mk_cfloat152_fp32.

35.26. Finished OPT passes. (There is nothing left to do.)

36. Executing TECHMAP pass (map to technology primitives).

36.1. Executing Verilog-2005 frontend: /nix/store/rdd3k15bm7qkhpq4kk4ghkxdqq3zjd1r-yosys/bin/../share/yosys/techmap.v
Parsing Verilog input from `/nix/store/rdd3k15bm7qkhpq4kk4ghkxdqq3zjd1r-yosys/bin/../share/yosys/techmap.v' to AST representation.
Generating RTLIL representation for module `\_90_simplemap_bool_ops'.
Generating RTLIL representation for module `\_90_simplemap_reduce_ops'.
Generating RTLIL representation for module `\_90_simplemap_logic_ops'.
Generating RTLIL representation for module `\_90_simplemap_compare_ops'.
Generating RTLIL representation for module `\_90_simplemap_various'.
Generating RTLIL representation for module `\_90_simplemap_registers'.
Generating RTLIL representation for module `\_90_shift_ops_shr_shl_sshl_sshr'.
Generating RTLIL representation for module `\_90_shift_shiftx'.
Generating RTLIL representation for module `\_90_fa'.
Generating RTLIL representation for module `\_90_lcu'.
Generating RTLIL representation for module `\_90_alu'.
Generating RTLIL representation for module `\_90_macc'.
Generating RTLIL representation for module `\_90_alumacc'.
Generating RTLIL representation for module `\$__div_mod_u'.
Generating RTLIL representation for module `\$__div_mod_trunc'.
Generating RTLIL representation for module `\_90_div'.
Generating RTLIL representation for module `\_90_mod'.
Generating RTLIL representation for module `\$__div_mod_floor'.
Generating RTLIL representation for module `\_90_divfloor'.
Generating RTLIL representation for module `\_90_modfloor'.
Generating RTLIL representation for module `\_90_pow'.
Generating RTLIL representation for module `\_90_pmux'.
Generating RTLIL representation for module `\_90_demux'.
Generating RTLIL representation for module `\_90_lut'.
Successfully finished Verilog frontend.

36.2. Continuing TECHMAP pass.
Using extmapper simplemap for cells of type $logic_not.
Using extmapper simplemap for cells of type $logic_and.
Using extmapper simplemap for cells of type $not.
Using extmapper simplemap for cells of type $sdff.
Using extmapper simplemap for cells of type $reduce_bool.
Using extmapper simplemap for cells of type $eq.
Using template $paramod$85346e2bb785dcf893ec7ec8ecc1994519d951c8\_90_alu for cells of type $alu.
Using extmapper simplemap for cells of type $mux.
Using template $paramod$dbcdc7e8aa1a4080cea2deda6fdc8772064f4d90\_90_alu for cells of type $alu.
Using extmapper simplemap for cells of type $reduce_or.
Using template $paramod$00298f3f8094950cb9a5ff2fda48d0d8bde8806c\_90_alu for cells of type $alu.
Using template $paramod$dfca81329cbbac01700318224209a5f2318c7128\_90_alu for cells of type $alu.
Using extmapper simplemap for cells of type $xor.
Using extmapper simplemap for cells of type $and.
Using template $paramod\_90_lcu\WIDTH=32'00000000000000000000000000000111 for cells of type $lcu.
Using extmapper simplemap for cells of type $pos.
Using template $paramod\_90_lcu\WIDTH=32'00000000000000000000000000000110 for cells of type $lcu.
Using template $paramod\_90_lcu\WIDTH=32'00000000000000000000000000001000 for cells of type $lcu.
Using extmapper simplemap for cells of type $or.
No more expansions possible.
<suppressed ~627 debug messages>

37. Executing OPT pass (performing simple optimizations).

37.1. Executing OPT_EXPR pass (perform const folding).
Optimizing module mk_cfloat152_fp32.
<suppressed ~140 debug messages>

37.2. Executing OPT_MERGE pass (detect identical cells).
Finding identical cells in module `\mk_cfloat152_fp32'.
<suppressed ~54 debug messages>
Removed a total of 18 cells.

37.3. Executing OPT_DFF pass (perform DFF optimizations).

37.4. Executing OPT_CLEAN pass (remove unused cells and wires).
Finding unused cells or wires in module \mk_cfloat152_fp32..
Removed 2 unused cells and 150 unused wires.
<suppressed ~3 debug messages>

37.5. Finished fast OPT passes.

38. Executing ABC pass (technology mapping using ABC).

38.1. Extracting gate netlist of module `\mk_cfloat152_fp32' to `<abc-temp-dir>/input.blif'..
Extracted 141 gates and 155 wires to a netlist network with 14 inputs and 11 outputs.

38.1.1. Executing ABC.
Running ABC command: "/nix/store/p9vsk7iilm6h471bwb1vl688w4r88dg7-yosys-abc/bin/abc" -s -f <abc-temp-dir>/abc.script 2>&1
ABC: ABC command line: "source <abc-temp-dir>/abc.script".
ABC: 
ABC: + read_blif <abc-temp-dir>/input.blif 
ABC: + read_library <abc-temp-dir>/stdcells.genlib 
ABC: Entered genlib library with 13 gates from file "<abc-temp-dir>/stdcells.genlib".
ABC: + strash 
ABC: + dretime 
ABC: + map 
ABC: + write_blif <abc-temp-dir>/output.blif 

38.1.2. Re-integrating ABC results.
ABC RESULTS:              XNOR cells:        8
ABC RESULTS:               NOT cells:        5
ABC RESULTS:             ORNOT cells:        7
ABC RESULTS:               XOR cells:       19
ABC RESULTS:              NAND cells:        3
ABC RESULTS:               AND cells:        9
ABC RESULTS:            ANDNOT cells:       23
ABC RESULTS:                OR cells:        8
ABC RESULTS:               MUX cells:       14
ABC RESULTS:               NOR cells:       10
ABC RESULTS:        internal signals:      130
ABC RESULTS:           input signals:       14
ABC RESULTS:          output signals:       11
Removing temp directory.

39. Executing OPT pass (performing simple optimizations).

39.1. Executing OPT_EXPR pass (perform const folding).
Optimizing module mk_cfloat152_fp32.

39.2. Executing OPT_MERGE pass (detect identical cells).
Finding identical cells in module `\mk_cfloat152_fp32'.
<suppressed ~6 debug messages>
Removed a total of 2 cells.

39.3. Executing OPT_DFF pass (perform DFF optimizations).

39.4. Executing OPT_CLEAN pass (remove unused cells and wires).
Finding unused cells or wires in module \mk_cfloat152_fp32..
Removed 0 unused cells and 95 unused wires.
<suppressed ~1 debug messages>

39.5. Finished fast OPT passes.

40. Executing HIERARCHY pass (managing design hierarchy).

40.1. Analyzing design hierarchy..
Top module:  \mk_cfloat152_fp32

40.2. Analyzing design hierarchy..
Top module:  \mk_cfloat152_fp32
Removed 0 unused modules.

41. Printing statistics.

=== mk_cfloat152_fp32 ===

   Number of wires:                124
   Number of wire bits:            356
   Number of public wires:          28
   Number of public wire bits:     253
   Number of memories:               0
   Number of memory bits:            0
   Number of processes:              0
   Number of cells:                129
     $_ANDNOT_                      23
     $_AND_                          7
     $_MUX_                         14
     $_NAND_                         3
     $_NOR_                         10
     $_NOT_                          5
     $_ORNOT_                        7
     $_OR_                           8
     $_SDFF_PN0_                    15
     $_SDFF_PP0_                    10
     $_XNOR_                         8
     $_XOR_                         19

42. Executing CHECK pass (checking for obvious problems).
Checking module mk_cfloat152_fp32...
Found and reported 0 problems.

43. Generating Graphviz representation of design.
Writing dot description to `/home/kapil/Shakti-Software-Development/Mindgrove/FP_convertor_modules/runs/RUN_2023-12-09_16-44-26/05-yosys-synthesis/post_techmap.dot'.
Dumping module mk_cfloat152_fp32 to page 1.

44. Executing SHARE pass (SAT-based resource sharing).

45. Executing OPT pass (performing simple optimizations).

45.1. Executing OPT_EXPR pass (perform const folding).
Optimizing module mk_cfloat152_fp32.

45.2. Executing OPT_MERGE pass (detect identical cells).
Finding identical cells in module `\mk_cfloat152_fp32'.
Removed a total of 0 cells.

45.3. Executing OPT_MUXTREE pass (detect dead branches in mux trees).
Running muxtree optimizer on module \mk_cfloat152_fp32..
  Creating internal representation of mux trees.
  No muxes found in this module.
Removed 0 multiplexer ports.

45.4. Executing OPT_REDUCE pass (consolidate $*mux and $reduce_* inputs).
  Optimizing cells in module \mk_cfloat152_fp32.
Performed a total of 0 changes.

45.5. Executing OPT_MERGE pass (detect identical cells).
Finding identical cells in module `\mk_cfloat152_fp32'.
Removed a total of 0 cells.

45.6. Executing OPT_DFF pass (perform DFF optimizations).

45.7. Executing OPT_CLEAN pass (remove unused cells and wires).
Finding unused cells or wires in module \mk_cfloat152_fp32..

45.8. Executing OPT_EXPR pass (perform const folding).
Optimizing module mk_cfloat152_fp32.

45.9. Finished OPT passes. (There is nothing left to do.)

46. Executing OPT_CLEAN pass (remove unused cells and wires).
Finding unused cells or wires in module \mk_cfloat152_fp32..
Removed 0 unused cells and 19 unused wires.
<suppressed ~19 debug messages>
{
   "creator": "Yosys 0.33 (git sha1 2584903a060, clang++ 11.1.0 -fPIC -Os)",
   "invocation": "stat -json ",
   "modules": {
      "\\mk_cfloat152_fp32": {
         "num_wires":         105,
         "num_wire_bits":     219,
         "num_pub_wires":     9,
         "num_pub_wire_bits": 116,
         "num_memories":      0,
         "num_memory_bits":   0,
         "num_processes":     0,
         "num_cells":         129,
         "num_cells_by_type": {
            "$_ANDNOT_": 23,
            "$_AND_": 7,
            "$_MUX_": 14,
            "$_NAND_": 3,
            "$_NOR_": 10,
            "$_NOT_": 5,
            "$_ORNOT_": 7,
            "$_OR_": 8,
            "$_SDFF_PN0_": 15,
            "$_SDFF_PP0_": 10,
            "$_XNOR_": 8,
            "$_XOR_": 19
         }
      }
   },
      "design": {
         "num_wires":         105,
         "num_wire_bits":     219,
         "num_pub_wires":     9,
         "num_pub_wire_bits": 116,
         "num_memories":      0,
         "num_memory_bits":   0,
         "num_processes":     0,
         "num_cells":         129,
         "num_cells_by_type": {
            "$_ANDNOT_": 23,
            "$_AND_": 7,
            "$_MUX_": 14,
            "$_NAND_": 3,
            "$_NOR_": 10,
            "$_NOT_": 5,
            "$_ORNOT_": 7,
            "$_OR_": 8,
            "$_SDFF_PN0_": 15,
            "$_SDFF_PP0_": 10,
            "$_XNOR_": 8,
            "$_XOR_": 19
         }
      }
}

[INFO] Applying latch mapping from '/home/kapil/.volare/sky130A/libs.tech/openlane/sky130_fd_sc_hd/latch_map.v'…

47. Executing TECHMAP pass (map to technology primitives).

47.1. Executing Verilog-2005 frontend: /home/kapil/.volare/sky130A/libs.tech/openlane/sky130_fd_sc_hd/latch_map.v
Parsing Verilog input from `/home/kapil/.volare/sky130A/libs.tech/openlane/sky130_fd_sc_hd/latch_map.v' to AST representation.
Generating RTLIL representation for module `\$_DLATCH_P_'.
Generating RTLIL representation for module `\$_DLATCH_N_'.
Successfully finished Verilog frontend.

47.2. Continuing TECHMAP pass.
No more expansions possible.
<suppressed ~4 debug messages>

48. Executing SIMPLEMAP pass (map simple cells to gate primitives).

49. Executing DFFLIBMAP pass (mapping DFF cells to sequential cells from liberty file).
  cell sky130_fd_sc_hd__dfxtp_2 (noninv, pins=3, area=21.27) is a direct match for cell type $_DFF_P_.
  cell sky130_fd_sc_hd__dfrtp_2 (noninv, pins=4, area=26.28) is a direct match for cell type $_DFF_PN0_.
  cell sky130_fd_sc_hd__dfstp_2 (noninv, pins=4, area=26.28) is a direct match for cell type $_DFF_PN1_.
  cell sky130_fd_sc_hd__dfbbn_2 (noninv, pins=6, area=35.03) is a direct match for cell type $_DFFSR_NNN_.
  final dff cell mappings:
    unmapped dff cell: $_DFF_N_
    \sky130_fd_sc_hd__dfxtp_2 _DFF_P_ (.CLK( C), .D( D), .Q( Q));
    unmapped dff cell: $_DFF_NN0_
    unmapped dff cell: $_DFF_NN1_
    unmapped dff cell: $_DFF_NP0_
    unmapped dff cell: $_DFF_NP1_
    \sky130_fd_sc_hd__dfrtp_2 _DFF_PN0_ (.CLK( C), .D( D), .Q( Q), .RESET_B( R));
    \sky130_fd_sc_hd__dfstp_2 _DFF_PN1_ (.CLK( C), .D( D), .Q( Q), .SET_B( R));
    unmapped dff cell: $_DFF_PP0_
    unmapped dff cell: $_DFF_PP1_
    \sky130_fd_sc_hd__dfbbn_2 _DFFSR_NNN_ (.CLK_N( C), .D( D), .Q( Q), .Q_N(~Q), .RESET_B( R), .SET_B( S));
    unmapped dff cell: $_DFFSR_NNP_
    unmapped dff cell: $_DFFSR_NPN_
    unmapped dff cell: $_DFFSR_NPP_
    unmapped dff cell: $_DFFSR_PNN_
    unmapped dff cell: $_DFFSR_PNP_
    unmapped dff cell: $_DFFSR_PPN_
    unmapped dff cell: $_DFFSR_PPP_

49.1. Executing DFFLEGALIZE pass (convert FFs to types supported by the target).
Mapping DFF cells in module `\mk_cfloat152_fp32':
  mapped 25 $_DFF_P_ cells to \sky130_fd_sc_hd__dfxtp_2 cells.
{
   "creator": "Yosys 0.33 (git sha1 2584903a060, clang++ 11.1.0 -fPIC -Os)",
   "invocation": "stat -json ",
   "modules": {
      "\\mk_cfloat152_fp32": {
         "num_wires":         130,
         "num_wire_bits":     244,
         "num_pub_wires":     9,
         "num_pub_wire_bits": 116,
         "num_memories":      0,
         "num_memory_bits":   0,
         "num_processes":     0,
         "num_cells":         154,
         "num_cells_by_type": {
            "$_ANDNOT_": 23,
            "$_AND_": 7,
            "$_MUX_": 39,
            "$_NAND_": 3,
            "$_NOR_": 10,
            "$_NOT_": 5,
            "$_ORNOT_": 7,
            "$_OR_": 8,
            "$_XNOR_": 8,
            "$_XOR_": 19,
            "sky130_fd_sc_hd__dfxtp_2": 25
         }
      }
   },
      "design": {
         "num_wires":         130,
         "num_wire_bits":     244,
         "num_pub_wires":     9,
         "num_pub_wire_bits": 116,
         "num_memories":      0,
         "num_memory_bits":   0,
         "num_processes":     0,
         "num_cells":         154,
         "num_cells_by_type": {
            "$_ANDNOT_": 23,
            "$_AND_": 7,
            "$_MUX_": 39,
            "$_NAND_": 3,
            "$_NOR_": 10,
            "$_NOT_": 5,
            "$_ORNOT_": 7,
            "$_OR_": 8,
            "$_XNOR_": 8,
            "$_XOR_": 19,
            "sky130_fd_sc_hd__dfxtp_2": 25
         }
      }
}

[INFO] USING STRATEGY AREA 0

50. Executing ABC pass (technology mapping using ABC).

50.1. Extracting gate netlist of module `\mk_cfloat152_fp32' to `/tmp/yosys-abc-34V5EV/input.blif'..
Extracted 129 gates and 159 wires to a netlist network with 29 inputs and 25 outputs.

50.1.1. Executing ABC.
Running ABC command: "/nix/store/p9vsk7iilm6h471bwb1vl688w4r88dg7-yosys-abc/bin/abc" -s -f /tmp/yosys-abc-34V5EV/abc.script 2>&1
ABC: ABC command line: "source /tmp/yosys-abc-34V5EV/abc.script".
ABC: 
ABC: + read_blif /tmp/yosys-abc-34V5EV/input.blif 
ABC: + read_lib -w /home/kapil/Shakti-Software-Development/Mindgrove/FP_convertor_modules/runs/RUN_2023-12-09_16-44-26/tmp/e05a5dbff99441228a43fa3bacc6b625.lib 
ABC: Parsing finished successfully.  Parsing time =     0.14 sec
ABC: Scl_LibertyReadGenlib() skipped sequential cell "sky130_fd_sc_hd__dfbbn_2".
ABC: Scl_LibertyReadGenlib() skipped sequential cell "sky130_fd_sc_hd__dfrbp_2".
ABC: Scl_LibertyReadGenlib() skipped sequential cell "sky130_fd_sc_hd__dfrtp_2".
ABC: Scl_LibertyReadGenlib() skipped sequential cell "sky130_fd_sc_hd__dfrtp_4".
ABC: Scl_LibertyReadGenlib() skipped sequential cell "sky130_fd_sc_hd__dfsbp_2".
ABC: Scl_LibertyReadGenlib() skipped sequential cell "sky130_fd_sc_hd__dfstp_2".
ABC: Scl_LibertyReadGenlib() skipped sequential cell "sky130_fd_sc_hd__dfstp_4".
ABC: Scl_LibertyReadGenlib() skipped sequential cell "sky130_fd_sc_hd__dfxbp_2".
ABC: Scl_LibertyReadGenlib() skipped sequential cell "sky130_fd_sc_hd__dfxtp_2".
ABC: Scl_LibertyReadGenlib() skipped sequential cell "sky130_fd_sc_hd__dfxtp_4".
ABC: Scl_LibertyReadGenlib() skipped sequential cell "sky130_fd_sc_hd__dlxtn_1".
ABC: Scl_LibertyReadGenlib() skipped sequential cell "sky130_fd_sc_hd__dlxtn_2".
ABC: Scl_LibertyReadGenlib() skipped sequential cell "sky130_fd_sc_hd__dlxtn_4".
ABC: Scl_LibertyReadGenlib() skipped sequential cell "sky130_fd_sc_hd__dlxtp_1".
ABC: Scl_LibertyReadGenlib() skipped three-state cell "sky130_fd_sc_hd__ebufn_2".
ABC: Scl_LibertyReadGenlib() skipped three-state cell "sky130_fd_sc_hd__ebufn_4".
ABC: Scl_LibertyReadGenlib() skipped three-state cell "sky130_fd_sc_hd__ebufn_8".
ABC: Library "sky130_fd_sc_hd__tt_025C_1v80" from "/home/kapil/Shakti-Software-Development/Mindgrove/FP_convertor_modules/runs/RUN_2023-12-09_16-44-26/tmp/e05a5dbff99441228a43fa3bacc6b625.lib" has 175 cells (17 skipped: 14 seq; 3 tri-state; 0 no func; 0 dont_use).  Time =     0.20 sec
ABC: Memory =    9.54 MB. Time =     0.20 sec
ABC: Warning: Detected 2 multi-output gates (for example, "sky130_fd_sc_hd__fa_1").
ABC: + read_constr -v /home/kapil/Shakti-Software-Development/Mindgrove/FP_convertor_modules/runs/RUN_2023-12-09_16-44-26/05-yosys-synthesis/synthesis.sdc 
ABC: Setting driving cell to be "sky130_fd_sc_hd__inv_2/Y".
ABC: Setting output load to be 33.442001.
ABC: + read_constr /home/kapil/Shakti-Software-Development/Mindgrove/FP_convertor_modules/runs/RUN_2023-12-09_16-44-26/05-yosys-synthesis/synthesis.sdc 
ABC: + fx 
ABC: + mfs 
ABC: + strash 
ABC: + refactor 
ABC: + balance 
ABC: + rewrite 
ABC: + refactor 
ABC: + balance 
ABC: + rewrite 
ABC: + rewrite -z 
ABC: + balance 
ABC: + refactor -z 
ABC: + rewrite -z 
ABC: + balance 
ABC: + retime -D -D 15000 -M 5 
ABC: + scleanup 
ABC: Error: The network is combinational.
ABC: + fraig_store 
ABC: + balance 
ABC: + fraig_store 
ABC: + balance 
ABC: + rewrite 
ABC: + refactor 
ABC: + balance 
ABC: + rewrite 
ABC: + rewrite -z 
ABC: + balance 
ABC: + refactor -z 
ABC: + rewrite -z 
ABC: + balance 
ABC: + fraig_store 
ABC: + balance 
ABC: + rewrite 
ABC: + refactor 
ABC: + balance 
ABC: + rewrite 
ABC: + rewrite -z 
ABC: + balance 
ABC: + refactor -z 
ABC: + rewrite -z 
ABC: + balance 
ABC: + fraig_store 
ABC: + balance 
ABC: + rewrite 
ABC: + refactor 
ABC: + balance 
ABC: + rewrite 
ABC: + rewrite -z 
ABC: + balance 
ABC: + refactor -z 
ABC: + rewrite -z 
ABC: + balance 
ABC: + fraig_store 
ABC: + fraig_restore 
ABC: + amap -m -Q 0.1 -F 20 -A 20 -C 5000 
ABC: + retime -D -D 15000 
ABC: + &get -n 
ABC: + &st 
ABC: + &dch 
ABC: + &nf 
ABC: + &put 
ABC: + buffer -N 6 -S 750.0 
ABC: Cannot find the default PI driving cell (sky130_fd_sc_hd__inv_2/Y) in the library.
ABC: + upsize -D 15000 
ABC: Cannot find the default PI driving cell (sky130_fd_sc_hd__inv_2/Y) in the library.
ABC: Current delay (1945.54 ps) does not exceed the target delay (15000.00 ps). Upsizing is not performed.
ABC: + dnsize -D 15000 
ABC: Cannot find the default PI driving cell (sky130_fd_sc_hd__inv_2/Y) in the library.
ABC: + stime -p 
ABC: Cannot find the default PI driving cell (sky130_fd_sc_hd__inv_2/Y) in the library.
ABC: WireLoad = "none"  Gates =    106 ( 19.8 %)   Cap = 11.0 ff (  4.8 %)   Area =      812.03 ( 80.2 %)   Delay =  1876.54 ps  (  6.6 %)               
ABC: Path  0 --       4 : 0    3 pi                       A =   0.00  Df =   0.0   -0.0 ps  S =   0.0 ps  Cin =  0.0 ff  Cout =   4.9 ff  Cmax =   0.0 ff  G =    0  
ABC: Path  1 --      57 : 3    1 sky130_fd_sc_hd__or3_2   A =   7.51  Df = 440.2 -362.3 ps  S =  68.5 ps  Cin =  1.5 ff  Cout =   1.5 ff  Cmax = 310.4 ff  G =   90  
ABC: Path  2 --      58 : 3    5 sky130_fd_sc_hd__or3_2   A =   7.51  Df = 900.7 -696.8 ps  S = 110.1 ps  Cin =  1.5 ff  Cout =  12.8 ff  Cmax = 310.4 ff  G =  799  
ABC: Path  3 --      90 : 1    3 sky130_fd_sc_hd__inv_2   A =   3.75  Df = 998.0 -743.8 ps  S =  66.9 ps  Cin =  4.5 ff  Cout =  11.6 ff  Cmax = 331.4 ff  G =  251  
ABC: Path  4 --      97 : 3    2 sky130_fd_sc_hd__o21ai_2 A =   8.76  Df =1050.0 -748.2 ps  S =  95.6 ps  Cin =  4.5 ff  Cout =   3.8 ff  Cmax = 139.2 ff  G =   80  
ABC: Path  5 --      98 : 1    6 sky130_fd_sc_hd__buf_1   A =   3.75  Df =1193.6 -675.0 ps  S = 220.9 ps  Cin =  2.1 ff  Cout =  18.1 ff  Cmax = 130.0 ff  G =  824  
ABC: Path  6 --     102 : 3    1 sky130_fd_sc_hd__or3b_2  A =   8.76  Df =1662.7 -894.1 ps  S =  73.5 ps  Cin =  1.5 ff  Cout =   2.4 ff  Cmax = 269.2 ff  G =  155  
ABC: Path  7 --     104 : 4    1 sky130_fd_sc_hd__o211a_2 A =  10.01  Df =1876.5 -426.0 ps  S = 203.8 ps  Cin =  2.4 ff  Cout =  33.4 ff  Cmax = 268.3 ff  G = 1415  
ABC: Start-point = pi3 (\rg_cfloat152 [5]).  End-point = po5 ($auto$rtlil.cc:2620:MuxGate$760).
ABC: + print_stats -m 
ABC: netlist                       : i/o =   29/   25  lat =    0  nd =   106  edge =    237  area =812.16  delay = 8.00  lev = 8
ABC: + write_blif /tmp/yosys-abc-34V5EV/output.blif 

50.1.2. Re-integrating ABC results.
ABC RESULTS:   sky130_fd_sc_hd__nand3_2 cells:        2
ABC RESULTS:   sky130_fd_sc_hd__a21oi_2 cells:        1
ABC RESULTS:   sky130_fd_sc_hd__or2b_2 cells:        6
ABC RESULTS:   sky130_fd_sc_hd__a31oi_2 cells:        1
ABC RESULTS:   sky130_fd_sc_hd__o31a_2 cells:        1
ABC RESULTS:   sky130_fd_sc_hd__inv_2 cells:        1
ABC RESULTS:   sky130_fd_sc_hd__o21ai_2 cells:        1
ABC RESULTS:   sky130_fd_sc_hd__and2b_2 cells:        4
ABC RESULTS:   sky130_fd_sc_hd__or3b_2 cells:        1
ABC RESULTS:   sky130_fd_sc_hd__or2_2 cells:        3
ABC RESULTS:   sky130_fd_sc_hd__or3_2 cells:        4
ABC RESULTS:   sky130_fd_sc_hd__xor2_2 cells:        1
ABC RESULTS:   sky130_fd_sc_hd__mux2_2 cells:        1
ABC RESULTS:   sky130_fd_sc_hd__and3_2 cells:        5
ABC RESULTS:   sky130_fd_sc_hd__a311o_2 cells:        1
ABC RESULTS:   sky130_fd_sc_hd__o311a_2 cells:        2
ABC RESULTS:   sky130_fd_sc_hd__xnor2_2 cells:        5
ABC RESULTS:   sky130_fd_sc_hd__nor2_2 cells:        6
ABC RESULTS:   sky130_fd_sc_hd__a21o_2 cells:        4
ABC RESULTS:   sky130_fd_sc_hd__o21a_2 cells:        3
ABC RESULTS:   sky130_fd_sc_hd__nand2_2 cells:       10
ABC RESULTS:   sky130_fd_sc_hd__o211a_2 cells:        4
ABC RESULTS:   sky130_fd_sc_hd__o221a_2 cells:        1
ABC RESULTS:   sky130_fd_sc_hd__and2_2 cells:       18
ABC RESULTS:   sky130_fd_sc_hd__buf_1 cells:       20
ABC RESULTS:        internal signals:      105
ABC RESULTS:           input signals:       29
ABC RESULTS:          output signals:       25
Removing temp directory.

51. Executing SETUNDEF pass (replace undef values with defined constants).

52. Executing HILOMAP pass (mapping to constant drivers).
Warning: Selection "sky130_fd_sc_hd__conb_1" did not match any module.
Warning: Selection "LO" did not match any object.

53. Executing SPLITNETS pass (splitting up multi-bit signals).

54. Executing OPT_CLEAN pass (remove unused cells and wires).
Finding unused cells or wires in module \mk_cfloat152_fp32..
Removed 0 unused cells and 211 unused wires.
<suppressed ~55 debug messages>

55. Executing INSBUF pass (insert buffer cells for connected wires).
Add mk_cfloat152_fp32/$auto$insbuf.cc:97:execute$906: 1'0 -> \fp32_out [0]
Add mk_cfloat152_fp32/$auto$insbuf.cc:97:execute$907: 1'0 -> \fp32_out [1]
Add mk_cfloat152_fp32/$auto$insbuf.cc:97:execute$908: 1'0 -> \fp32_out [2]
Add mk_cfloat152_fp32/$auto$insbuf.cc:97:execute$909: 1'0 -> \fp32_out [3]
Add mk_cfloat152_fp32/$auto$insbuf.cc:97:execute$910: 1'0 -> \fp32_out [4]
Add mk_cfloat152_fp32/$auto$insbuf.cc:97:execute$911: 1'0 -> \fp32_out [5]
Add mk_cfloat152_fp32/$auto$insbuf.cc:97:execute$912: 1'0 -> \fp32_out [6]
Add mk_cfloat152_fp32/$auto$insbuf.cc:97:execute$913: 1'0 -> \fp32_out [7]
Add mk_cfloat152_fp32/$auto$insbuf.cc:97:execute$914: 1'0 -> \fp32_out [8]
Add mk_cfloat152_fp32/$auto$insbuf.cc:97:execute$915: 1'0 -> \fp32_out [9]
Add mk_cfloat152_fp32/$auto$insbuf.cc:97:execute$916: 1'0 -> \fp32_out [10]
Add mk_cfloat152_fp32/$auto$insbuf.cc:97:execute$917: 1'0 -> \fp32_out [11]
Add mk_cfloat152_fp32/$auto$insbuf.cc:97:execute$918: 1'0 -> \fp32_out [12]
Add mk_cfloat152_fp32/$auto$insbuf.cc:97:execute$919: 1'0 -> \fp32_out [13]
Add mk_cfloat152_fp32/$auto$insbuf.cc:97:execute$920: 1'0 -> \fp32_out [14]
Add mk_cfloat152_fp32/$auto$insbuf.cc:97:execute$921: 1'0 -> \fp32_out [15]
Add mk_cfloat152_fp32/$auto$insbuf.cc:97:execute$922: 1'0 -> \fp32_out [16]
Add mk_cfloat152_fp32/$auto$insbuf.cc:97:execute$923: 1'0 -> \fp32_out [17]
Add mk_cfloat152_fp32/$auto$insbuf.cc:97:execute$924: 1'0 -> \fp32_out [18]
Add mk_cfloat152_fp32/$auto$insbuf.cc:97:execute$925: 1'0 -> \fp32_out [19]
Add mk_cfloat152_fp32/$auto$insbuf.cc:97:execute$926: 1'0 -> \fp32_out [20]

56. Executing CHECK pass (checking for obvious problems).
Checking module mk_cfloat152_fp32...
Found and reported 0 problems.
{
   "creator": "Yosys 0.33 (git sha1 2584903a060, clang++ 11.1.0 -fPIC -Os)",
   "invocation": "stat -json ",
   "modules": {
      "\\mk_cfloat152_fp32": {
         "num_wires":         125,
         "num_wire_bits":     168,
         "num_pub_wires":     19,
         "num_pub_wire_bits": 62,
         "num_memories":      0,
         "num_memory_bits":   0,
         "num_processes":     0,
         "num_cells":         152,
         "num_cells_by_type": {
            "sky130_fd_sc_hd__a21o_2": 4,
            "sky130_fd_sc_hd__a21oi_2": 1,
            "sky130_fd_sc_hd__a311o_2": 1,
            "sky130_fd_sc_hd__a31oi_2": 1,
            "sky130_fd_sc_hd__and2_2": 18,
            "sky130_fd_sc_hd__and2b_2": 4,
            "sky130_fd_sc_hd__and3_2": 5,
            "sky130_fd_sc_hd__buf_1": 20,
            "sky130_fd_sc_hd__buf_2": 21,
            "sky130_fd_sc_hd__dfxtp_2": 25,
            "sky130_fd_sc_hd__inv_2": 1,
            "sky130_fd_sc_hd__mux2_2": 1,
            "sky130_fd_sc_hd__nand2_2": 10,
            "sky130_fd_sc_hd__nand3_2": 2,
            "sky130_fd_sc_hd__nor2_2": 6,
            "sky130_fd_sc_hd__o211a_2": 4,
            "sky130_fd_sc_hd__o21a_2": 3,
            "sky130_fd_sc_hd__o21ai_2": 1,
            "sky130_fd_sc_hd__o221a_2": 1,
            "sky130_fd_sc_hd__o311a_2": 2,
            "sky130_fd_sc_hd__o31a_2": 1,
            "sky130_fd_sc_hd__or2_2": 3,
            "sky130_fd_sc_hd__or2b_2": 6,
            "sky130_fd_sc_hd__or3_2": 4,
            "sky130_fd_sc_hd__or3b_2": 1,
            "sky130_fd_sc_hd__xnor2_2": 5,
            "sky130_fd_sc_hd__xor2_2": 1
         }
      }
   },
      "design": {
         "num_wires":         125,
         "num_wire_bits":     168,
         "num_pub_wires":     19,
         "num_pub_wire_bits": 62,
         "num_memories":      0,
         "num_memory_bits":   0,
         "num_processes":     0,
         "num_cells":         152,
         "num_cells_by_type": {
            "sky130_fd_sc_hd__a21o_2": 4,
            "sky130_fd_sc_hd__a21oi_2": 1,
            "sky130_fd_sc_hd__a311o_2": 1,
            "sky130_fd_sc_hd__a31oi_2": 1,
            "sky130_fd_sc_hd__and2_2": 18,
            "sky130_fd_sc_hd__and2b_2": 4,
            "sky130_fd_sc_hd__and3_2": 5,
            "sky130_fd_sc_hd__buf_1": 20,
            "sky130_fd_sc_hd__buf_2": 21,
            "sky130_fd_sc_hd__dfxtp_2": 25,
            "sky130_fd_sc_hd__inv_2": 1,
            "sky130_fd_sc_hd__mux2_2": 1,
            "sky130_fd_sc_hd__nand2_2": 10,
            "sky130_fd_sc_hd__nand3_2": 2,
            "sky130_fd_sc_hd__nor2_2": 6,
            "sky130_fd_sc_hd__o211a_2": 4,
            "sky130_fd_sc_hd__o21a_2": 3,
            "sky130_fd_sc_hd__o21ai_2": 1,
            "sky130_fd_sc_hd__o221a_2": 1,
            "sky130_fd_sc_hd__o311a_2": 2,
            "sky130_fd_sc_hd__o31a_2": 1,
            "sky130_fd_sc_hd__or2_2": 3,
            "sky130_fd_sc_hd__or2b_2": 6,
            "sky130_fd_sc_hd__or3_2": 4,
            "sky130_fd_sc_hd__or3b_2": 1,
            "sky130_fd_sc_hd__xnor2_2": 5,
            "sky130_fd_sc_hd__xor2_2": 1
         }
      }
}

57. Executing Verilog backend.
Dumping module `\mk_cfloat152_fp32'.

Warnings: 3 unique messages, 3 total
End of script. Logfile hash: d277155b85, CPU: user 1.03s system 0.04s, MEM: 48.75 MB peak
Yosys 0.33 (git sha1 2584903a060, clang++ 11.1.0 -fPIC -Os)
Time spent: 48% 2x abc (0 sec), 12% 2x read_liberty (0 sec), ...
