
===========================================================================
report_checks -unconstrained
===========================================================================
======================= min_tt_025C_1v80 Corner ===================================

Startpoint: RST_N (input port clocked by CLK)
Endpoint: _146_ (rising edge-triggered flip-flop clocked by CLK)
Path Group: CLK
Path Type: max

Fanout         Cap        Slew       Delay        Time   Description
---------------------------------------------------------------------------------------------
                                  0.000000    0.000000   clock CLK (rise edge)
                                  0.000000    0.000000   clock network delay (propagated)
                                  3.000000    3.000000 ^ input external delay
     1    0.004667    0.027842    0.016765    3.016765 ^ RST_N (in)
                                                         RST_N (net)
                      0.027842    0.000000    3.016765 ^ input1/A (sky130_fd_sc_hd__buf_1)
     2    0.008236    0.104639    0.117960    3.134725 ^ input1/X (sky130_fd_sc_hd__buf_1)
                                                         net1 (net)
                      0.104639    0.000073    3.134798 ^ fanout39/A (sky130_fd_sc_hd__buf_1)
     3    0.012276    0.150936    0.172766    3.307564 ^ fanout39/X (sky130_fd_sc_hd__buf_1)
                                                         net39 (net)
                      0.150936    0.000149    3.307714 ^ fanout38/A (sky130_fd_sc_hd__buf_1)
     4    0.014633    0.177901    0.200290    3.508004 ^ fanout38/X (sky130_fd_sc_hd__buf_1)
                                                         net38 (net)
                      0.177901    0.000308    3.508312 ^ _096_/A (sky130_fd_sc_hd__inv_2)
     1    0.003268    0.035015    0.042125    3.550437 v _096_/Y (sky130_fd_sc_hd__inv_2)
                                                         _064_ (net)
                      0.035015    0.000038    3.550475 v _097_/B (sky130_fd_sc_hd__nor4_1)
     1    0.002570    0.212292    0.237907    3.788382 ^ _097_/Y (sky130_fd_sc_hd__nor4_1)
                                                         _016_ (net)
                      0.212292    0.000028    3.788411 ^ hold11/A (sky130_fd_sc_hd__dlygate4sd3_1)
     1    0.001902    0.047036    0.568070    4.356481 ^ hold11/X (sky130_fd_sc_hd__dlygate4sd3_1)
                                                         net68 (net)
                      0.047036    0.000008    4.356490 ^ _146_/D (sky130_fd_sc_hd__dfxtp_1)
                                              4.356490   data arrival time

                                 15.000000   15.000000   clock CLK (rise edge)
                                  0.000000   15.000000   clock source latency
     1    0.014629    0.071789    0.048972   15.048972 ^ CLK (in)
                                                         CLK (net)
                      0.071795    0.000000   15.048972 ^ clkbuf_0_CLK/A (sky130_fd_sc_hd__clkbuf_16)
     4    0.038769    0.058674    0.150569   15.199542 ^ clkbuf_0_CLK/X (sky130_fd_sc_hd__clkbuf_16)
                                                         clknet_0_CLK (net)
                      0.058697    0.000885   15.200426 ^ clkbuf_2_1__f_CLK/A (sky130_fd_sc_hd__clkbuf_16)
     9    0.026418    0.047610    0.136572   15.336998 ^ clkbuf_2_1__f_CLK/X (sky130_fd_sc_hd__clkbuf_16)
                                                         clknet_2_1__leaf_CLK (net)
                      0.047611    0.000092   15.337090 ^ _146_/CLK (sky130_fd_sc_hd__dfxtp_1)
                                 -0.250000   15.087091   clock uncertainty
                                  0.000000   15.087091   clock reconvergence pessimism
                                 -0.054090   15.033001   library setup time
                                             15.033001   data required time
---------------------------------------------------------------------------------------------
                                             15.033001   data required time
                                             -4.356490   data arrival time
---------------------------------------------------------------------------------------------
                                             10.676512   slack (MET)




===========================================================================
report_checks --slack_max -0.01
============================================================================
======================= min_tt_025C_1v80 Corner ===================================

No paths found.


===========================================================================
 report_check_types -max_slew -max_cap -max_fanout -violators
============================================================================
======================= min_tt_025C_1v80 Corner ===================================

max fanout

Pin                                   Limit Fanout  Slack
---------------------------------------------------------
clkbuf_2_0__f_CLK/X                       6      9     -3 (VIOLATED)
clkbuf_2_1__f_CLK/X                       6      9     -3 (VIOLATED)
clkbuf_2_3__f_CLK/X                       6      9     -3 (VIOLATED)



===========================================================================
report_parasitic_annotation -report_unannotated
============================================================================
Found 15 unannotated drivers.
 _163__43/HI
 _164__44/HI
 _165__45/HI
 _166__46/HI
 _167__47/HI
 _168__48/HI
 _169__49/HI
 _170__50/HI
 _171__51/HI
 _172__52/HI
 _173__53/HI
 _174__54/HI
 _175__55/HI
 _176__56/HI
 _177__57/HI
Found 0 partially unannotated drivers.

===========================================================================
max slew violation count 0
max fanout violation count 3
max cap violation count 0
============================================================================

===========================================================================
check_setup -verbose -unconstrained_endpoints -multiple_clock -no_clock -no_input_delay -loops -generated_clocks
===========================================================================
Warning: There are 15 unconstrained endpoints.
  fp32_out[10]
  fp32_out[11]
  fp32_out[12]
  fp32_out[13]
  fp32_out[14]
  fp32_out[15]
  fp32_out[1]
  fp32_out[2]
  fp32_out[3]
  fp32_out[4]
  fp32_out[5]
  fp32_out[6]
  fp32_out[7]
  fp32_out[8]
  fp32_out[9]
