
===========================================================================
report_checks -unconstrained
===========================================================================
======================= min_ss_100C_1v60 Corner ===================================

Startpoint: _303_ (rising edge-triggered flip-flop clocked by CLK)
Endpoint: _299_ (rising edge-triggered flip-flop clocked by CLK)
Path Group: CLK
Path Type: max

Fanout         Cap        Slew       Delay        Time   Description
---------------------------------------------------------------------------------------------
                                  0.000000    0.000000   clock CLK (rise edge)
                                  0.000000    0.000000   clock source latency
     1    0.016336    0.124668    0.084024    0.084024 ^ CLK (in)
                                                         CLK (net)
                      0.124673    0.000000    0.084024 ^ clkbuf_0_CLK/A (sky130_fd_sc_hd__clkbuf_16)
     2    0.019192    0.066420    0.245507    0.329532 ^ clkbuf_0_CLK/X (sky130_fd_sc_hd__clkbuf_16)
                                                         clknet_0_CLK (net)
                      0.066421    0.000212    0.329744 ^ clkbuf_1_0__f_CLK/A (sky130_fd_sc_hd__clkbuf_16)
    15    0.041515    0.095838    0.250275    0.580019 ^ clkbuf_1_0__f_CLK/X (sky130_fd_sc_hd__clkbuf_16)
                                                         clknet_1_0__leaf_CLK (net)
                      0.095858    0.001013    0.581031 ^ _303_/CLK (sky130_fd_sc_hd__dfxtp_1)
     2    0.008317    0.091577    0.626456    1.207487 v _303_/Q (sky130_fd_sc_hd__dfxtp_1)
                                                         rg_bias[1] (net)
                      0.091578    0.000123    1.207610 v fanout33/A (sky130_fd_sc_hd__clkbuf_2)
     6    0.016520    0.127152    0.260765    1.468375 v fanout33/X (sky130_fd_sc_hd__clkbuf_2)
                                                         net33 (net)
                      0.127152    0.000217    1.468593 v _230_/C (sky130_fd_sc_hd__or4_2)
     3    0.013295    0.300562    1.608140    3.076732 v _230_/X (sky130_fd_sc_hd__or4_2)
                                                         _064_ (net)
                      0.300562    0.000095    3.076828 v _231_/B (sky130_fd_sc_hd__xor2_2)
     6    0.014070    0.172499    0.400303    3.477131 v _231_/X (sky130_fd_sc_hd__xor2_2)
                                                         _065_ (net)
                      0.172499    0.000276    3.477407 v _235_/C (sky130_fd_sc_hd__or3_2)
     3    0.012268    0.219157    1.104896    4.582303 v _235_/X (sky130_fd_sc_hd__or3_2)
                                                         _069_ (net)
                      0.219157    0.000183    4.582486 v _251_/A (sky130_fd_sc_hd__xnor2_1)
     1    0.002713    0.090024    0.283851    4.866337 v _251_/Y (sky130_fd_sc_hd__xnor2_1)
                                                         _084_ (net)
                      0.090024    0.000024    4.866362 v _253_/A2 (sky130_fd_sc_hd__a22o_1)
     1    0.003291    0.075619    0.421001    5.287362 v _253_/X (sky130_fd_sc_hd__a22o_1)
                                                         _086_ (net)
                      0.075619    0.000040    5.287402 v _254_/B1 (sky130_fd_sc_hd__a211o_1)
     1    0.003730    0.094105    0.509678    5.797080 v _254_/X (sky130_fd_sc_hd__a211o_1)
                                                         _087_ (net)
                      0.094105    0.000055    5.797134 v _255_/B1 (sky130_fd_sc_hd__o211a_1)
     1    0.001954    0.063460    0.225079    6.022213 v _255_/X (sky130_fd_sc_hd__o211a_1)
                                                         _009_ (net)
                      0.063460    0.000017    6.022231 v _299_/D (sky130_fd_sc_hd__dfxtp_1)
                                              6.022231   data arrival time

                                 15.000000   15.000000   clock CLK (rise edge)
                                  0.000000   15.000000   clock source latency
     1    0.016336    0.124668    0.084025   15.084025 ^ CLK (in)
                                                         CLK (net)
                      0.124673    0.000000   15.084025 ^ clkbuf_0_CLK/A (sky130_fd_sc_hd__clkbuf_16)
     2    0.019192    0.066420    0.245507   15.329532 ^ clkbuf_0_CLK/X (sky130_fd_sc_hd__clkbuf_16)
                                                         clknet_0_CLK (net)
                      0.066421    0.000211   15.329743 ^ clkbuf_1_0__f_CLK/A (sky130_fd_sc_hd__clkbuf_16)
    15    0.041515    0.095838    0.250274   15.580018 ^ clkbuf_1_0__f_CLK/X (sky130_fd_sc_hd__clkbuf_16)
                                                         clknet_1_0__leaf_CLK (net)
                      0.095847    0.000679   15.580696 ^ _299_/CLK (sky130_fd_sc_hd__dfxtp_1)
                                 -0.250000   15.330697   clock uncertainty
                                  0.000000   15.330697   clock reconvergence pessimism
                                 -0.259300   15.071397   library setup time
                                             15.071397   data required time
---------------------------------------------------------------------------------------------
                                             15.071397   data required time
                                             -6.022231   data arrival time
---------------------------------------------------------------------------------------------
                                              9.049167   slack (MET)




===========================================================================
report_checks --slack_max -0.01
============================================================================
======================= min_ss_100C_1v60 Corner ===================================

No paths found.


===========================================================================
 report_check_types -max_slew -max_cap -max_fanout -violators
============================================================================
======================= min_ss_100C_1v60 Corner ===================================

max fanout

Pin                                   Limit Fanout  Slack
---------------------------------------------------------
clkbuf_1_0__f_CLK/X                       6     15     -9 (VIOLATED)
clkbuf_1_1__f_CLK/X                       6     11     -5 (VIOLATED)



===========================================================================
report_parasitic_annotation -report_unannotated
============================================================================
Found 20 unannotated drivers.
 _316__41/HI
 _317__42/HI
 _318__43/HI
 _319__44/HI
 _320__45/HI
 _321__46/HI
 _322__47/HI
 _323__48/HI
 _324__49/HI
 _325__50/HI
 _326__51/HI
 _327__52/HI
 _328__53/HI
 _329__54/HI
 _330__55/HI
 _331__56/HI
 _332__57/HI
 _333__58/HI
 _334__59/HI
 _335__60/HI
Found 0 partially unannotated drivers.

===========================================================================
max slew violation count 0
max fanout violation count 2
max cap violation count 0
============================================================================

===========================================================================
check_setup -verbose -unconstrained_endpoints -multiple_clock -no_clock -no_input_delay -loops -generated_clocks
===========================================================================
Warning: There are 20 unconstrained endpoints.
  get_fp32[0]
  get_fp32[10]
  get_fp32[11]
  get_fp32[12]
  get_fp32[13]
  get_fp32[14]
  get_fp32[15]
  get_fp32[16]
  get_fp32[17]
  get_fp32[18]
  get_fp32[19]
  get_fp32[1]
  get_fp32[2]
  get_fp32[3]
  get_fp32[4]
  get_fp32[5]
  get_fp32[6]
  get_fp32[7]
  get_fp32[8]
  get_fp32[9]
