
 /----------------------------------------------------------------------------\
 |                                                                            |
 |  yosys -- Yosys Open SYnthesis Suite                                       |
 |                                                                            |
 |  Copyright (C) 2012 - 2020  Claire Xenia Wolf <claire@yosyshq.com>         |
 |                                                                            |
 |  Permission to use, copy, modify, and/or distribute this software for any  |
 |  purpose with or without fee is hereby granted, provided that the above    |
 |  copyright notice and this permission notice appear in all copies.         |
 |                                                                            |
 |  THE SOFTWARE IS PROVIDED "AS IS" AND THE AUTHOR DISCLAIMS ALL WARRANTIES  |
 |  WITH REGARD TO THIS SOFTWARE INCLUDING ALL IMPLIED WARRANTIES OF          |
 |  MERCHANTABILITY AND FITNESS. IN NO EVENT SHALL THE AUTHOR BE LIABLE FOR   |
 |  ANY SPECIAL, DIRECT, INDIRECT, OR CONSEQUENTIAL DAMAGES OR ANY DAMAGES    |
 |  WHATSOEVER RESULTING FROM LOSS OF USE, DATA OR PROFITS, WHETHER IN AN     |
 |  ACTION OF CONTRACT, NEGLIGENCE OR OTHER TORTIOUS ACTION, ARISING OUT OF   |
 |  OR IN CONNECTION WITH THE USE OR PERFORMANCE OF THIS SOFTWARE.            |
 |                                                                            |
 \----------------------------------------------------------------------------/

 Yosys 0.33 (git sha1 2584903a060, clang++ 11.1.0 -fPIC -Os)

[TCL: yosys -import] Command name collision: found pre-existing command `cd' -> skip.
[TCL: yosys -import] Command name collision: found pre-existing command `eval' -> skip.
[TCL: yosys -import] Command name collision: found pre-existing command `exec' -> skip.
[TCL: yosys -import] Command name collision: found pre-existing command `read' -> skip.
[TCL: yosys -import] Command name collision: found pre-existing command `trace' -> skip.
Reading SCL library '/home/kapil/.volare/sky130A/libs.ref/sky130_fd_sc_hd/lib/sky130_fd_sc_hd__tt_025C_1v80.lib' as a blackbox…

1. Executing Liberty frontend: /home/kapil/.volare/sky130A/libs.ref/sky130_fd_sc_hd/lib/sky130_fd_sc_hd__tt_025C_1v80.lib
Imported 428 cell types from liberty file.

2. Executing Verilog-2005 frontend: /home/kapil/Shakti-Software-Development/Mindgrove/FP_convertor_modules/verilog_dir/mk_bfloat16_fp32.v
Parsing SystemVerilog input from `/home/kapil/Shakti-Software-Development/Mindgrove/FP_convertor_modules/verilog_dir/mk_bfloat16_fp32.v' to AST representation.
Warning: Encountered `translate_off' comment! Such legacy hot comments are supported by Yosys, but are not part of any formal language specification. Using a portable and standards-compliant construct such as `ifdef is recommended!
Generating RTLIL representation for module `\mk_bfloat16_fp32'.
Successfully finished Verilog frontend.

3. Generating Graphviz representation of design.
Writing dot description to `/home/kapil/Shakti-Software-Development/Mindgrove/FP_convertor_modules/runs/RUN_2023-12-09_16-18-22/05-yosys-synthesis/hierarchy.dot'.
Dumping module mk_bfloat16_fp32 to page 1.

4. Executing HIERARCHY pass (managing design hierarchy).

4.1. Analyzing design hierarchy..
Top module:  \mk_bfloat16_fp32

4.2. Analyzing design hierarchy..
Top module:  \mk_bfloat16_fp32
Removed 0 unused modules.
Renaming module mk_bfloat16_fp32 to mk_bfloat16_fp32.

5. Executing HIERARCHY pass (managing design hierarchy).

5.1. Analyzing design hierarchy..
Top module:  \mk_bfloat16_fp32

5.2. Analyzing design hierarchy..
Top module:  \mk_bfloat16_fp32
Removed 0 unused modules.

6. Executing PROC_CLEAN pass (remove empty switches from decision trees).
Cleaned up 0 empty switches.

7. Executing PROC_RMDEAD pass (remove dead branches from decision trees).
Marked 1 switch rules as full_case in process $proc$/home/kapil/Shakti-Software-Development/Mindgrove/FP_convertor_modules/verilog_dir/mk_bfloat16_fp32.v:133$32 in module mk_bfloat16_fp32.
Removed a total of 0 dead cases.

8. Executing PROC_PRUNE pass (remove redundant assignments in processes).
Removed 0 redundant assignments.
Promoted 0 assignments to connections.

9. Executing PROC_INIT pass (extract init attributes).

10. Executing PROC_ARST pass (detect async resets in processes).

11. Executing PROC_ROM pass (convert switches to ROMs).
Converted 0 switches.
<suppressed ~4 debug messages>

12. Executing PROC_MUX pass (convert decision trees to multiplexers).
Creating decoders for process `\mk_bfloat16_fp32.$proc$/home/kapil/Shakti-Software-Development/Mindgrove/FP_convertor_modules/verilog_dir/mk_bfloat16_fp32.v:133$32'.
     1/3: $0\rg_fp32[31:0]
     2/3: $0\rg_flags[4:0]
     3/3: $0\rg_bfloat16[15:0]

13. Executing PROC_DLATCH pass (convert process syncs to latches).

14. Executing PROC_DFF pass (convert process syncs to FFs).
Creating register for signal `\mk_bfloat16_fp32.\rg_bfloat16' using process `\mk_bfloat16_fp32.$proc$/home/kapil/Shakti-Software-Development/Mindgrove/FP_convertor_modules/verilog_dir/mk_bfloat16_fp32.v:133$32'.
  created $dff cell `$procdff$49' with positive edge clock.
Creating register for signal `\mk_bfloat16_fp32.\rg_flags' using process `\mk_bfloat16_fp32.$proc$/home/kapil/Shakti-Software-Development/Mindgrove/FP_convertor_modules/verilog_dir/mk_bfloat16_fp32.v:133$32'.
  created $dff cell `$procdff$50' with positive edge clock.
Creating register for signal `\mk_bfloat16_fp32.\rg_fp32' using process `\mk_bfloat16_fp32.$proc$/home/kapil/Shakti-Software-Development/Mindgrove/FP_convertor_modules/verilog_dir/mk_bfloat16_fp32.v:133$32'.
  created $dff cell `$procdff$51' with positive edge clock.

15. Executing PROC_MEMWR pass (convert process memory writes to cells).

16. Executing PROC_CLEAN pass (remove empty switches from decision trees).
Found and cleaned up 4 empty switches in `\mk_bfloat16_fp32.$proc$/home/kapil/Shakti-Software-Development/Mindgrove/FP_convertor_modules/verilog_dir/mk_bfloat16_fp32.v:133$32'.
Removing empty process `mk_bfloat16_fp32.$proc$/home/kapil/Shakti-Software-Development/Mindgrove/FP_convertor_modules/verilog_dir/mk_bfloat16_fp32.v:133$32'.
Cleaned up 4 empty switches.

17. Executing CHECK pass (checking for obvious problems).
Checking module mk_bfloat16_fp32...
Found and reported 0 problems.

18. Executing OPT_EXPR pass (perform const folding).
Optimizing module mk_bfloat16_fp32.
<suppressed ~14 debug messages>

19. Executing FLATTEN pass (flatten design).

20. Executing OPT_EXPR pass (perform const folding).
Optimizing module mk_bfloat16_fp32.

21. Executing OPT_CLEAN pass (remove unused cells and wires).
Finding unused cells or wires in module \mk_bfloat16_fp32..
Removed 19 unused cells and 34 unused wires.
<suppressed ~21 debug messages>

22. Executing OPT pass (performing simple optimizations).

22.1. Executing OPT_EXPR pass (perform const folding).
Optimizing module mk_bfloat16_fp32.

22.2. Executing OPT_MERGE pass (detect identical cells).
Finding identical cells in module `\mk_bfloat16_fp32'.
<suppressed ~6 debug messages>
Removed a total of 2 cells.

22.3. Executing OPT_MUXTREE pass (detect dead branches in mux trees).
Running muxtree optimizer on module \mk_bfloat16_fp32..
  Creating internal representation of mux trees.
  Evaluating internal representation of mux trees.
  Analyzing evaluation results.
Removed 0 multiplexer ports.
<suppressed ~2 debug messages>

22.4. Executing OPT_REDUCE pass (consolidate $*mux and $reduce_* inputs).
  Optimizing cells in module \mk_bfloat16_fp32.
Performed a total of 0 changes.

22.5. Executing OPT_MERGE pass (detect identical cells).
Finding identical cells in module `\mk_bfloat16_fp32'.
Removed a total of 0 cells.

22.6. Executing OPT_DFF pass (perform DFF optimizations).

22.7. Executing OPT_CLEAN pass (remove unused cells and wires).
Finding unused cells or wires in module \mk_bfloat16_fp32..
Removed 0 unused cells and 6 unused wires.
<suppressed ~5 debug messages>

22.8. Executing OPT_EXPR pass (perform const folding).
Optimizing module mk_bfloat16_fp32.

22.9. Rerunning OPT passes. (Maybe there is more to do..)

22.10. Executing OPT_MUXTREE pass (detect dead branches in mux trees).
Running muxtree optimizer on module \mk_bfloat16_fp32..
  Creating internal representation of mux trees.
  Evaluating internal representation of mux trees.
  Analyzing evaluation results.
Removed 0 multiplexer ports.
<suppressed ~2 debug messages>

22.11. Executing OPT_REDUCE pass (consolidate $*mux and $reduce_* inputs).
  Optimizing cells in module \mk_bfloat16_fp32.
Performed a total of 0 changes.

22.12. Executing OPT_MERGE pass (detect identical cells).
Finding identical cells in module `\mk_bfloat16_fp32'.
Removed a total of 0 cells.

22.13. Executing OPT_DFF pass (perform DFF optimizations).

22.14. Executing OPT_CLEAN pass (remove unused cells and wires).
Finding unused cells or wires in module \mk_bfloat16_fp32..

22.15. Executing OPT_EXPR pass (perform const folding).
Optimizing module mk_bfloat16_fp32.

22.16. Finished OPT passes. (There is nothing left to do.)

23. Executing FSM pass (extract and optimize FSM).

23.1. Executing FSM_DETECT pass (finding FSMs in design).

23.2. Executing FSM_EXTRACT pass (extracting FSM from design).

23.3. Executing FSM_OPT pass (simple optimizations of FSMs).

23.4. Executing OPT_CLEAN pass (remove unused cells and wires).
Finding unused cells or wires in module \mk_bfloat16_fp32..

23.5. Executing FSM_OPT pass (simple optimizations of FSMs).

23.6. Executing FSM_RECODE pass (re-assigning FSM state encoding).

23.7. Executing FSM_INFO pass (dumping all available information on FSM cells).

23.8. Executing FSM_MAP pass (mapping FSMs to basic logic).

24. Executing OPT pass (performing simple optimizations).

24.1. Executing OPT_EXPR pass (perform const folding).
Optimizing module mk_bfloat16_fp32.

24.2. Executing OPT_MERGE pass (detect identical cells).
Finding identical cells in module `\mk_bfloat16_fp32'.
Removed a total of 0 cells.

24.3. Executing OPT_MUXTREE pass (detect dead branches in mux trees).
Running muxtree optimizer on module \mk_bfloat16_fp32..
  Creating internal representation of mux trees.
  Evaluating internal representation of mux trees.
  Analyzing evaluation results.
Removed 0 multiplexer ports.
<suppressed ~2 debug messages>

24.4. Executing OPT_REDUCE pass (consolidate $*mux and $reduce_* inputs).
  Optimizing cells in module \mk_bfloat16_fp32.
Performed a total of 0 changes.

24.5. Executing OPT_MERGE pass (detect identical cells).
Finding identical cells in module `\mk_bfloat16_fp32'.
Removed a total of 0 cells.

24.6. Executing OPT_DFF pass (perform DFF optimizations).
Adding SRST signal on $procdff$51 ($dff) from module mk_bfloat16_fp32 (D = { \rg_bfloat16 [15:7] \x_mantissa__h196 [22:16] }, Q = \rg_fp32 [31:16], rval = 16'0000000000000000).
Adding SRST signal on $procdff$51 ($dff) from module mk_bfloat16_fp32 (D = \_theResult___snd_mantissa__h478 [15:1], Q = \rg_fp32 [15:1], rval = 15'000000000000000).
Adding SRST signal on $procdff$51 ($dff) from module mk_bfloat16_fp32 (D = \_theResult___snd_mantissa__h481 [0], Q = \rg_fp32 [0], rval = 1'0).
Adding SRST signal on $procdff$49 ($dff) from module mk_bfloat16_fp32 (D = \bfloat16_in_bfloat_in, Q = \rg_bfloat16, rval = 16'0000000000000000).

24.7. Executing OPT_CLEAN pass (remove unused cells and wires).
Finding unused cells or wires in module \mk_bfloat16_fp32..
Removed 2 unused cells and 2 unused wires.
<suppressed ~3 debug messages>

24.8. Executing OPT_EXPR pass (perform const folding).
Optimizing module mk_bfloat16_fp32.

24.9. Rerunning OPT passes. (Maybe there is more to do..)

24.10. Executing OPT_MUXTREE pass (detect dead branches in mux trees).
Running muxtree optimizer on module \mk_bfloat16_fp32..
  Creating internal representation of mux trees.
  Evaluating internal representation of mux trees.
  Analyzing evaluation results.
Removed 0 multiplexer ports.
<suppressed ~3 debug messages>

24.11. Executing OPT_REDUCE pass (consolidate $*mux and $reduce_* inputs).
  Optimizing cells in module \mk_bfloat16_fp32.
Performed a total of 0 changes.

24.12. Executing OPT_MERGE pass (detect identical cells).
Finding identical cells in module `\mk_bfloat16_fp32'.
<suppressed ~3 debug messages>
Removed a total of 1 cells.

24.13. Executing OPT_DFF pass (perform DFF optimizations).

24.14. Executing OPT_CLEAN pass (remove unused cells and wires).
Finding unused cells or wires in module \mk_bfloat16_fp32..
Removed 0 unused cells and 1 unused wires.
<suppressed ~1 debug messages>

24.15. Executing OPT_EXPR pass (perform const folding).
Optimizing module mk_bfloat16_fp32.

24.16. Rerunning OPT passes. (Maybe there is more to do..)

24.17. Executing OPT_MUXTREE pass (detect dead branches in mux trees).
Running muxtree optimizer on module \mk_bfloat16_fp32..
  Creating internal representation of mux trees.
  Evaluating internal representation of mux trees.
  Analyzing evaluation results.
Removed 0 multiplexer ports.
<suppressed ~3 debug messages>

24.18. Executing OPT_REDUCE pass (consolidate $*mux and $reduce_* inputs).
  Optimizing cells in module \mk_bfloat16_fp32.
Performed a total of 0 changes.

24.19. Executing OPT_MERGE pass (detect identical cells).
Finding identical cells in module `\mk_bfloat16_fp32'.
Removed a total of 0 cells.

24.20. Executing OPT_DFF pass (perform DFF optimizations).

24.21. Executing OPT_CLEAN pass (remove unused cells and wires).
Finding unused cells or wires in module \mk_bfloat16_fp32..

24.22. Executing OPT_EXPR pass (perform const folding).
Optimizing module mk_bfloat16_fp32.

24.23. Finished OPT passes. (There is nothing left to do.)

25. Executing WREDUCE pass (reducing word size of cells).

26. Executing PEEPOPT pass (run peephole optimizers).

27. Executing OPT_CLEAN pass (remove unused cells and wires).
Finding unused cells or wires in module \mk_bfloat16_fp32..

28. Executing ALUMACC pass (create $alu and $macc cells).
Extracting $alu and $macc cells in module mk_bfloat16_fp32:
  created 0 $alu and 0 $macc cells.

29. Executing SHARE pass (SAT-based resource sharing).

30. Executing OPT pass (performing simple optimizations).

30.1. Executing OPT_EXPR pass (perform const folding).
Optimizing module mk_bfloat16_fp32.

30.2. Executing OPT_MERGE pass (detect identical cells).
Finding identical cells in module `\mk_bfloat16_fp32'.
Removed a total of 0 cells.

30.3. Executing OPT_MUXTREE pass (detect dead branches in mux trees).
Running muxtree optimizer on module \mk_bfloat16_fp32..
  Creating internal representation of mux trees.
  Evaluating internal representation of mux trees.
  Analyzing evaluation results.
Removed 0 multiplexer ports.
<suppressed ~3 debug messages>

30.4. Executing OPT_REDUCE pass (consolidate $*mux and $reduce_* inputs).
  Optimizing cells in module \mk_bfloat16_fp32.
Performed a total of 0 changes.

30.5. Executing OPT_MERGE pass (detect identical cells).
Finding identical cells in module `\mk_bfloat16_fp32'.
Removed a total of 0 cells.

30.6. Executing OPT_DFF pass (perform DFF optimizations).

30.7. Executing OPT_CLEAN pass (remove unused cells and wires).
Finding unused cells or wires in module \mk_bfloat16_fp32..

30.8. Executing OPT_EXPR pass (perform const folding).
Optimizing module mk_bfloat16_fp32.

30.9. Finished OPT passes. (There is nothing left to do.)

31. Executing MEMORY pass.

31.1. Executing OPT_MEM pass (optimize memories).
Performed a total of 0 transformations.

31.2. Executing OPT_MEM_PRIORITY pass (removing unnecessary memory write priority relations).
Performed a total of 0 transformations.

31.3. Executing OPT_MEM_FEEDBACK pass (finding memory read-to-write feedback paths).

31.4. Executing MEMORY_BMUX2ROM pass (converting muxes to ROMs).

31.5. Executing MEMORY_DFF pass (merging $dff cells to $memrd).

31.6. Executing OPT_CLEAN pass (remove unused cells and wires).
Finding unused cells or wires in module \mk_bfloat16_fp32..

31.7. Executing MEMORY_SHARE pass (consolidating $memrd/$memwr cells).

31.8. Executing OPT_MEM_WIDEN pass (optimize memories where all ports are wide).
Performed a total of 0 transformations.

31.9. Executing OPT_CLEAN pass (remove unused cells and wires).
Finding unused cells or wires in module \mk_bfloat16_fp32..

31.10. Executing MEMORY_COLLECT pass (generating $mem cells).

32. Executing OPT_CLEAN pass (remove unused cells and wires).
Finding unused cells or wires in module \mk_bfloat16_fp32..

33. Executing OPT pass (performing simple optimizations).

33.1. Executing OPT_EXPR pass (perform const folding).
Optimizing module mk_bfloat16_fp32.

33.2. Executing OPT_MERGE pass (detect identical cells).
Finding identical cells in module `\mk_bfloat16_fp32'.
Removed a total of 0 cells.

33.3. Executing OPT_DFF pass (perform DFF optimizations).

33.4. Executing OPT_CLEAN pass (remove unused cells and wires).
Finding unused cells or wires in module \mk_bfloat16_fp32..

33.5. Finished fast OPT passes.

34. Executing MEMORY_MAP pass (converting memories to logic and flip-flops).

35. Executing OPT pass (performing simple optimizations).

35.1. Executing OPT_EXPR pass (perform const folding).
Optimizing module mk_bfloat16_fp32.

35.2. Executing OPT_MERGE pass (detect identical cells).
Finding identical cells in module `\mk_bfloat16_fp32'.
Removed a total of 0 cells.

35.3. Executing OPT_MUXTREE pass (detect dead branches in mux trees).
Running muxtree optimizer on module \mk_bfloat16_fp32..
  Creating internal representation of mux trees.
  Evaluating internal representation of mux trees.
  Analyzing evaluation results.
Removed 0 multiplexer ports.
<suppressed ~3 debug messages>

35.4. Executing OPT_REDUCE pass (consolidate $*mux and $reduce_* inputs).
  Optimizing cells in module \mk_bfloat16_fp32.
    Consolidated identical input bits for $mux cell $ternary$/home/kapil/Shakti-Software-Development/Mindgrove/FP_convertor_modules/verilog_dir/mk_bfloat16_fp32.v:108$11:
      Old ports: A={ \rg_bfloat16 [6:0] 16'0000000000000000 }, B=23'00000000000000000000001, Y=\_theResult___snd_mantissa__h478
      New ports: A={ \rg_bfloat16 [6:0] 1'0 }, B=8'00000001, Y={ \_theResult___snd_mantissa__h478 [22:16] \_theResult___snd_mantissa__h478 [0] }
      New connections: \_theResult___snd_mantissa__h478 [15:1] = 15'000000000000000
  Optimizing cells in module \mk_bfloat16_fp32.
    Consolidated identical input bits for $mux cell $ternary$/home/kapil/Shakti-Software-Development/Mindgrove/FP_convertor_modules/verilog_dir/mk_bfloat16_fp32.v:113$15:
      Old ports: A=\_theResult___snd_mantissa__h478, B=23'10000000000000000000001, Y=\_theResult___snd_mantissa__h481
      New ports: A={ \_theResult___snd_mantissa__h478 [22:16] \_theResult___snd_mantissa__h478 [0] }, B=8'10000001, Y={ \_theResult___snd_mantissa__h481 [22:16] \_theResult___snd_mantissa__h481 [0] }
      New connections: \_theResult___snd_mantissa__h481 [15:1] = 15'000000000000000
  Optimizing cells in module \mk_bfloat16_fp32.
    Consolidated identical input bits for $mux cell $ternary$/home/kapil/Shakti-Software-Development/Mindgrove/FP_convertor_modules/verilog_dir/mk_bfloat16_fp32.v:125$31:
      Old ports: A=\_theResult___snd_mantissa__h481, B={ \rg_bfloat16 [6:0] 16'0000000000000000 }, Y=\x_mantissa__h196
      New ports: A={ \_theResult___snd_mantissa__h481 [22:16] \_theResult___snd_mantissa__h481 [0] }, B={ \rg_bfloat16 [6:0] 1'0 }, Y={ \x_mantissa__h196 [22:16] \x_mantissa__h196 [0] }
      New connections: \x_mantissa__h196 [15:1] = 15'000000000000000
  Optimizing cells in module \mk_bfloat16_fp32.
Performed a total of 3 changes.

35.5. Executing OPT_MERGE pass (detect identical cells).
Finding identical cells in module `\mk_bfloat16_fp32'.
Removed a total of 0 cells.

35.6. Executing OPT_SHARE pass.

35.7. Executing OPT_DFF pass (perform DFF optimizations).

35.8. Executing OPT_CLEAN pass (remove unused cells and wires).
Finding unused cells or wires in module \mk_bfloat16_fp32..

35.9. Executing OPT_EXPR pass (perform const folding).
Optimizing module mk_bfloat16_fp32.

35.10. Rerunning OPT passes. (Maybe there is more to do..)

35.11. Executing OPT_MUXTREE pass (detect dead branches in mux trees).
Running muxtree optimizer on module \mk_bfloat16_fp32..
  Creating internal representation of mux trees.
  Evaluating internal representation of mux trees.
  Analyzing evaluation results.
Removed 0 multiplexer ports.
<suppressed ~2 debug messages>

35.12. Executing OPT_REDUCE pass (consolidate $*mux and $reduce_* inputs).
  Optimizing cells in module \mk_bfloat16_fp32.
Performed a total of 0 changes.

35.13. Executing OPT_MERGE pass (detect identical cells).
Finding identical cells in module `\mk_bfloat16_fp32'.
Removed a total of 0 cells.

35.14. Executing OPT_SHARE pass.

35.15. Executing OPT_DFF pass (perform DFF optimizations).
Setting constant 0-bit at position 0 on $auto$ff.cc:266:slice$53 ($sdff) from module mk_bfloat16_fp32.
Setting constant 0-bit at position 1 on $auto$ff.cc:266:slice$53 ($sdff) from module mk_bfloat16_fp32.
Setting constant 0-bit at position 2 on $auto$ff.cc:266:slice$53 ($sdff) from module mk_bfloat16_fp32.
Setting constant 0-bit at position 3 on $auto$ff.cc:266:slice$53 ($sdff) from module mk_bfloat16_fp32.
Setting constant 0-bit at position 4 on $auto$ff.cc:266:slice$53 ($sdff) from module mk_bfloat16_fp32.
Setting constant 0-bit at position 5 on $auto$ff.cc:266:slice$53 ($sdff) from module mk_bfloat16_fp32.
Setting constant 0-bit at position 6 on $auto$ff.cc:266:slice$53 ($sdff) from module mk_bfloat16_fp32.
Setting constant 0-bit at position 7 on $auto$ff.cc:266:slice$53 ($sdff) from module mk_bfloat16_fp32.
Setting constant 0-bit at position 8 on $auto$ff.cc:266:slice$53 ($sdff) from module mk_bfloat16_fp32.
Setting constant 0-bit at position 9 on $auto$ff.cc:266:slice$53 ($sdff) from module mk_bfloat16_fp32.
Setting constant 0-bit at position 10 on $auto$ff.cc:266:slice$53 ($sdff) from module mk_bfloat16_fp32.
Setting constant 0-bit at position 11 on $auto$ff.cc:266:slice$53 ($sdff) from module mk_bfloat16_fp32.
Setting constant 0-bit at position 12 on $auto$ff.cc:266:slice$53 ($sdff) from module mk_bfloat16_fp32.
Setting constant 0-bit at position 13 on $auto$ff.cc:266:slice$53 ($sdff) from module mk_bfloat16_fp32.
Setting constant 0-bit at position 14 on $auto$ff.cc:266:slice$53 ($sdff) from module mk_bfloat16_fp32.

35.16. Executing OPT_CLEAN pass (remove unused cells and wires).
Finding unused cells or wires in module \mk_bfloat16_fp32..
Removed 1 unused cells and 1 unused wires.
<suppressed ~2 debug messages>

35.17. Executing OPT_EXPR pass (perform const folding).
Optimizing module mk_bfloat16_fp32.

35.18. Rerunning OPT passes. (Maybe there is more to do..)

35.19. Executing OPT_MUXTREE pass (detect dead branches in mux trees).
Running muxtree optimizer on module \mk_bfloat16_fp32..
  Creating internal representation of mux trees.
  Evaluating internal representation of mux trees.
  Analyzing evaluation results.
Removed 0 multiplexer ports.
<suppressed ~2 debug messages>

35.20. Executing OPT_REDUCE pass (consolidate $*mux and $reduce_* inputs).
  Optimizing cells in module \mk_bfloat16_fp32.
Performed a total of 0 changes.

35.21. Executing OPT_MERGE pass (detect identical cells).
Finding identical cells in module `\mk_bfloat16_fp32'.
Removed a total of 0 cells.

35.22. Executing OPT_SHARE pass.

35.23. Executing OPT_DFF pass (perform DFF optimizations).

35.24. Executing OPT_CLEAN pass (remove unused cells and wires).
Finding unused cells or wires in module \mk_bfloat16_fp32..

35.25. Executing OPT_EXPR pass (perform const folding).
Optimizing module mk_bfloat16_fp32.

35.26. Finished OPT passes. (There is nothing left to do.)

36. Executing TECHMAP pass (map to technology primitives).

36.1. Executing Verilog-2005 frontend: /nix/store/rdd3k15bm7qkhpq4kk4ghkxdqq3zjd1r-yosys/bin/../share/yosys/techmap.v
Parsing Verilog input from `/nix/store/rdd3k15bm7qkhpq4kk4ghkxdqq3zjd1r-yosys/bin/../share/yosys/techmap.v' to AST representation.
Generating RTLIL representation for module `\_90_simplemap_bool_ops'.
Generating RTLIL representation for module `\_90_simplemap_reduce_ops'.
Generating RTLIL representation for module `\_90_simplemap_logic_ops'.
Generating RTLIL representation for module `\_90_simplemap_compare_ops'.
Generating RTLIL representation for module `\_90_simplemap_various'.
Generating RTLIL representation for module `\_90_simplemap_registers'.
Generating RTLIL representation for module `\_90_shift_ops_shr_shl_sshl_sshr'.
Generating RTLIL representation for module `\_90_shift_shiftx'.
Generating RTLIL representation for module `\_90_fa'.
Generating RTLIL representation for module `\_90_lcu'.
Generating RTLIL representation for module `\_90_alu'.
Generating RTLIL representation for module `\_90_macc'.
Generating RTLIL representation for module `\_90_alumacc'.
Generating RTLIL representation for module `\$__div_mod_u'.
Generating RTLIL representation for module `\$__div_mod_trunc'.
Generating RTLIL representation for module `\_90_div'.
Generating RTLIL representation for module `\_90_mod'.
Generating RTLIL representation for module `\$__div_mod_floor'.
Generating RTLIL representation for module `\_90_divfloor'.
Generating RTLIL representation for module `\_90_modfloor'.
Generating RTLIL representation for module `\_90_pow'.
Generating RTLIL representation for module `\_90_pmux'.
Generating RTLIL representation for module `\_90_demux'.
Generating RTLIL representation for module `\_90_lut'.
Successfully finished Verilog frontend.

36.2. Continuing TECHMAP pass.
Using extmapper simplemap for cells of type $sdff.
Using extmapper simplemap for cells of type $not.
Using extmapper simplemap for cells of type $eq.
Using extmapper simplemap for cells of type $logic_not.
Using extmapper simplemap for cells of type $logic_and.
Using extmapper simplemap for cells of type $mux.
Using extmapper simplemap for cells of type $logic_or.
Using extmapper simplemap for cells of type $reduce_or.
No more expansions possible.
<suppressed ~91 debug messages>

37. Executing OPT pass (performing simple optimizations).

37.1. Executing OPT_EXPR pass (perform const folding).
Optimizing module mk_bfloat16_fp32.
<suppressed ~9 debug messages>

37.2. Executing OPT_MERGE pass (detect identical cells).
Finding identical cells in module `\mk_bfloat16_fp32'.
Removed a total of 0 cells.

37.3. Executing OPT_DFF pass (perform DFF optimizations).

37.4. Executing OPT_CLEAN pass (remove unused cells and wires).
Finding unused cells or wires in module \mk_bfloat16_fp32..
Removed 1 unused cells and 4 unused wires.
<suppressed ~2 debug messages>

37.5. Finished fast OPT passes.

38. Executing ABC pass (technology mapping using ABC).

38.1. Extracting gate netlist of module `\mk_bfloat16_fp32' to `<abc-temp-dir>/input.blif'..
Extracted 62 gates and 80 wires to a netlist network with 16 inputs and 9 outputs.

38.1.1. Executing ABC.
Running ABC command: "/nix/store/p9vsk7iilm6h471bwb1vl688w4r88dg7-yosys-abc/bin/abc" -s -f <abc-temp-dir>/abc.script 2>&1
ABC: ABC command line: "source <abc-temp-dir>/abc.script".
ABC: 
ABC: + read_blif <abc-temp-dir>/input.blif 
ABC: + read_library <abc-temp-dir>/stdcells.genlib 
ABC: Entered genlib library with 13 gates from file "<abc-temp-dir>/stdcells.genlib".
ABC: + strash 
ABC: + dretime 
ABC: + map 
ABC: + write_blif <abc-temp-dir>/output.blif 

38.1.2. Re-integrating ABC results.
ABC RESULTS:               NOR cells:        1
ABC RESULTS:                OR cells:       14
ABC RESULTS:              NAND cells:        6
ABC RESULTS:            ANDNOT cells:       12
ABC RESULTS:             ORNOT cells:        9
ABC RESULTS:               MUX cells:        7
ABC RESULTS:        internal signals:       55
ABC RESULTS:           input signals:       16
ABC RESULTS:          output signals:        9
Removing temp directory.

39. Executing OPT pass (performing simple optimizations).

39.1. Executing OPT_EXPR pass (perform const folding).
Optimizing module mk_bfloat16_fp32.

39.2. Executing OPT_MERGE pass (detect identical cells).
Finding identical cells in module `\mk_bfloat16_fp32'.
Removed a total of 0 cells.

39.3. Executing OPT_DFF pass (perform DFF optimizations).

39.4. Executing OPT_CLEAN pass (remove unused cells and wires).
Finding unused cells or wires in module \mk_bfloat16_fp32..
Removed 0 unused cells and 52 unused wires.
<suppressed ~1 debug messages>

39.5. Finished fast OPT passes.

40. Executing HIERARCHY pass (managing design hierarchy).

40.1. Analyzing design hierarchy..
Top module:  \mk_bfloat16_fp32

40.2. Analyzing design hierarchy..
Top module:  \mk_bfloat16_fp32
Removed 0 unused modules.

41. Printing statistics.

=== mk_bfloat16_fp32 ===

   Number of wires:                 60
   Number of wire bits:            286
   Number of public wires:          19
   Number of public wire bits:     245
   Number of memories:               0
   Number of memory bits:            0
   Number of processes:              0
   Number of cells:                 82
     $_ANDNOT_                      12
     $_MUX_                          7
     $_NAND_                         6
     $_NOR_                          1
     $_ORNOT_                        9
     $_OR_                          14
     $_SDFF_PN0_                    32
     $_SDFF_PP0_                     1

42. Executing CHECK pass (checking for obvious problems).
Checking module mk_bfloat16_fp32...
Found and reported 0 problems.

43. Generating Graphviz representation of design.
Writing dot description to `/home/kapil/Shakti-Software-Development/Mindgrove/FP_convertor_modules/runs/RUN_2023-12-09_16-18-22/05-yosys-synthesis/post_techmap.dot'.
Dumping module mk_bfloat16_fp32 to page 1.

44. Executing SHARE pass (SAT-based resource sharing).

45. Executing OPT pass (performing simple optimizations).

45.1. Executing OPT_EXPR pass (perform const folding).
Optimizing module mk_bfloat16_fp32.

45.2. Executing OPT_MERGE pass (detect identical cells).
Finding identical cells in module `\mk_bfloat16_fp32'.
Removed a total of 0 cells.

45.3. Executing OPT_MUXTREE pass (detect dead branches in mux trees).
Running muxtree optimizer on module \mk_bfloat16_fp32..
  Creating internal representation of mux trees.
  No muxes found in this module.
Removed 0 multiplexer ports.

45.4. Executing OPT_REDUCE pass (consolidate $*mux and $reduce_* inputs).
  Optimizing cells in module \mk_bfloat16_fp32.
Performed a total of 0 changes.

45.5. Executing OPT_MERGE pass (detect identical cells).
Finding identical cells in module `\mk_bfloat16_fp32'.
Removed a total of 0 cells.

45.6. Executing OPT_DFF pass (perform DFF optimizations).

45.7. Executing OPT_CLEAN pass (remove unused cells and wires).
Finding unused cells or wires in module \mk_bfloat16_fp32..

45.8. Executing OPT_EXPR pass (perform const folding).
Optimizing module mk_bfloat16_fp32.

45.9. Finished OPT passes. (There is nothing left to do.)

46. Executing OPT_CLEAN pass (remove unused cells and wires).
Finding unused cells or wires in module \mk_bfloat16_fp32..
Removed 0 unused cells and 11 unused wires.
<suppressed ~11 debug messages>
{
   "creator": "Yosys 0.33 (git sha1 2584903a060, clang++ 11.1.0 -fPIC -Os)",
   "invocation": "stat -json ",
   "modules": {
      "\\mk_bfloat16_fp32": {
         "num_wires":         49,
         "num_wire_bits":     185,
         "num_pub_wires":     8,
         "num_pub_wire_bits": 144,
         "num_memories":      0,
         "num_memory_bits":   0,
         "num_processes":     0,
         "num_cells":         82,
         "num_cells_by_type": {
            "$_ANDNOT_": 12,
            "$_MUX_": 7,
            "$_NAND_": 6,
            "$_NOR_": 1,
            "$_ORNOT_": 9,
            "$_OR_": 14,
            "$_SDFF_PN0_": 32,
            "$_SDFF_PP0_": 1
         }
      }
   },
      "design": {
         "num_wires":         49,
         "num_wire_bits":     185,
         "num_pub_wires":     8,
         "num_pub_wire_bits": 144,
         "num_memories":      0,
         "num_memory_bits":   0,
         "num_processes":     0,
         "num_cells":         82,
         "num_cells_by_type": {
            "$_ANDNOT_": 12,
            "$_MUX_": 7,
            "$_NAND_": 6,
            "$_NOR_": 1,
            "$_ORNOT_": 9,
            "$_OR_": 14,
            "$_SDFF_PN0_": 32,
            "$_SDFF_PP0_": 1
         }
      }
}

[INFO] Applying latch mapping from '/home/kapil/.volare/sky130A/libs.tech/openlane/sky130_fd_sc_hd/latch_map.v'…

47. Executing TECHMAP pass (map to technology primitives).

47.1. Executing Verilog-2005 frontend: /home/kapil/.volare/sky130A/libs.tech/openlane/sky130_fd_sc_hd/latch_map.v
Parsing Verilog input from `/home/kapil/.volare/sky130A/libs.tech/openlane/sky130_fd_sc_hd/latch_map.v' to AST representation.
Generating RTLIL representation for module `\$_DLATCH_P_'.
Generating RTLIL representation for module `\$_DLATCH_N_'.
Successfully finished Verilog frontend.

47.2. Continuing TECHMAP pass.
No more expansions possible.
<suppressed ~4 debug messages>

48. Executing SIMPLEMAP pass (map simple cells to gate primitives).

49. Executing DFFLIBMAP pass (mapping DFF cells to sequential cells from liberty file).
  cell sky130_fd_sc_hd__dfxtp_2 (noninv, pins=3, area=21.27) is a direct match for cell type $_DFF_P_.
  cell sky130_fd_sc_hd__dfrtp_2 (noninv, pins=4, area=26.28) is a direct match for cell type $_DFF_PN0_.
  cell sky130_fd_sc_hd__dfstp_2 (noninv, pins=4, area=26.28) is a direct match for cell type $_DFF_PN1_.
  cell sky130_fd_sc_hd__dfbbn_2 (noninv, pins=6, area=35.03) is a direct match for cell type $_DFFSR_NNN_.
  final dff cell mappings:
    unmapped dff cell: $_DFF_N_
    \sky130_fd_sc_hd__dfxtp_2 _DFF_P_ (.CLK( C), .D( D), .Q( Q));
    unmapped dff cell: $_DFF_NN0_
    unmapped dff cell: $_DFF_NN1_
    unmapped dff cell: $_DFF_NP0_
    unmapped dff cell: $_DFF_NP1_
    \sky130_fd_sc_hd__dfrtp_2 _DFF_PN0_ (.CLK( C), .D( D), .Q( Q), .RESET_B( R));
    \sky130_fd_sc_hd__dfstp_2 _DFF_PN1_ (.CLK( C), .D( D), .Q( Q), .SET_B( R));
    unmapped dff cell: $_DFF_PP0_
    unmapped dff cell: $_DFF_PP1_
    \sky130_fd_sc_hd__dfbbn_2 _DFFSR_NNN_ (.CLK_N( C), .D( D), .Q( Q), .Q_N(~Q), .RESET_B( R), .SET_B( S));
    unmapped dff cell: $_DFFSR_NNP_
    unmapped dff cell: $_DFFSR_NPN_
    unmapped dff cell: $_DFFSR_NPP_
    unmapped dff cell: $_DFFSR_PNN_
    unmapped dff cell: $_DFFSR_PNP_
    unmapped dff cell: $_DFFSR_PPN_
    unmapped dff cell: $_DFFSR_PPP_

49.1. Executing DFFLEGALIZE pass (convert FFs to types supported by the target).
Mapping DFF cells in module `\mk_bfloat16_fp32':
  mapped 33 $_DFF_P_ cells to \sky130_fd_sc_hd__dfxtp_2 cells.
{
   "creator": "Yosys 0.33 (git sha1 2584903a060, clang++ 11.1.0 -fPIC -Os)",
   "invocation": "stat -json ",
   "modules": {
      "\\mk_bfloat16_fp32": {
         "num_wires":         82,
         "num_wire_bits":     218,
         "num_pub_wires":     8,
         "num_pub_wire_bits": 144,
         "num_memories":      0,
         "num_memory_bits":   0,
         "num_processes":     0,
         "num_cells":         115,
         "num_cells_by_type": {
            "$_ANDNOT_": 12,
            "$_MUX_": 40,
            "$_NAND_": 6,
            "$_NOR_": 1,
            "$_ORNOT_": 9,
            "$_OR_": 14,
            "sky130_fd_sc_hd__dfxtp_2": 33
         }
      }
   },
      "design": {
         "num_wires":         82,
         "num_wire_bits":     218,
         "num_pub_wires":     8,
         "num_pub_wire_bits": 144,
         "num_memories":      0,
         "num_memory_bits":   0,
         "num_processes":     0,
         "num_cells":         115,
         "num_cells_by_type": {
            "$_ANDNOT_": 12,
            "$_MUX_": 40,
            "$_NAND_": 6,
            "$_NOR_": 1,
            "$_ORNOT_": 9,
            "$_OR_": 14,
            "sky130_fd_sc_hd__dfxtp_2": 33
         }
      }
}

[INFO] USING STRATEGY AREA 0

50. Executing ABC pass (technology mapping using ABC).

50.1. Extracting gate netlist of module `\mk_bfloat16_fp32' to `/tmp/yosys-abc-W4YJMZ/input.blif'..
Extracted 82 gates and 116 wires to a netlist network with 33 inputs and 33 outputs.

50.1.1. Executing ABC.
Running ABC command: "/nix/store/p9vsk7iilm6h471bwb1vl688w4r88dg7-yosys-abc/bin/abc" -s -f /tmp/yosys-abc-W4YJMZ/abc.script 2>&1
ABC: ABC command line: "source /tmp/yosys-abc-W4YJMZ/abc.script".
ABC: 
ABC: + read_blif /tmp/yosys-abc-W4YJMZ/input.blif 
ABC: + read_lib -w /home/kapil/Shakti-Software-Development/Mindgrove/FP_convertor_modules/runs/RUN_2023-12-09_16-18-22/tmp/1e06ace560f84f348954358c2fb13eaf.lib 
ABC: Parsing finished successfully.  Parsing time =     0.13 sec
ABC: Scl_LibertyReadGenlib() skipped sequential cell "sky130_fd_sc_hd__dfbbn_2".
ABC: Scl_LibertyReadGenlib() skipped sequential cell "sky130_fd_sc_hd__dfrbp_2".
ABC: Scl_LibertyReadGenlib() skipped sequential cell "sky130_fd_sc_hd__dfrtp_2".
ABC: Scl_LibertyReadGenlib() skipped sequential cell "sky130_fd_sc_hd__dfrtp_4".
ABC: Scl_LibertyReadGenlib() skipped sequential cell "sky130_fd_sc_hd__dfsbp_2".
ABC: Scl_LibertyReadGenlib() skipped sequential cell "sky130_fd_sc_hd__dfstp_2".
ABC: Scl_LibertyReadGenlib() skipped sequential cell "sky130_fd_sc_hd__dfstp_4".
ABC: Scl_LibertyReadGenlib() skipped sequential cell "sky130_fd_sc_hd__dfxbp_2".
ABC: Scl_LibertyReadGenlib() skipped sequential cell "sky130_fd_sc_hd__dfxtp_2".
ABC: Scl_LibertyReadGenlib() skipped sequential cell "sky130_fd_sc_hd__dfxtp_4".
ABC: Scl_LibertyReadGenlib() skipped sequential cell "sky130_fd_sc_hd__dlxtn_1".
ABC: Scl_LibertyReadGenlib() skipped sequential cell "sky130_fd_sc_hd__dlxtn_2".
ABC: Scl_LibertyReadGenlib() skipped sequential cell "sky130_fd_sc_hd__dlxtn_4".
ABC: Scl_LibertyReadGenlib() skipped sequential cell "sky130_fd_sc_hd__dlxtp_1".
ABC: Scl_LibertyReadGenlib() skipped three-state cell "sky130_fd_sc_hd__ebufn_2".
ABC: Scl_LibertyReadGenlib() skipped three-state cell "sky130_fd_sc_hd__ebufn_4".
ABC: Scl_LibertyReadGenlib() skipped three-state cell "sky130_fd_sc_hd__ebufn_8".
ABC: Library "sky130_fd_sc_hd__tt_025C_1v80" from "/home/kapil/Shakti-Software-Development/Mindgrove/FP_convertor_modules/runs/RUN_2023-12-09_16-18-22/tmp/1e06ace560f84f348954358c2fb13eaf.lib" has 175 cells (17 skipped: 14 seq; 3 tri-state; 0 no func; 0 dont_use).  Time =     0.20 sec
ABC: Memory =    9.54 MB. Time =     0.20 sec
ABC: Warning: Detected 2 multi-output gates (for example, "sky130_fd_sc_hd__fa_1").
ABC: + read_constr -v /home/kapil/Shakti-Software-Development/Mindgrove/FP_convertor_modules/runs/RUN_2023-12-09_16-18-22/05-yosys-synthesis/synthesis.sdc 
ABC: Setting driving cell to be "sky130_fd_sc_hd__inv_2/Y".
ABC: Setting output load to be 33.442001.
ABC: + read_constr /home/kapil/Shakti-Software-Development/Mindgrove/FP_convertor_modules/runs/RUN_2023-12-09_16-18-22/05-yosys-synthesis/synthesis.sdc 
ABC: + fx 
ABC: + mfs 
ABC: + strash 
ABC: + refactor 
ABC: + balance 
ABC: + rewrite 
ABC: + refactor 
ABC: + balance 
ABC: + rewrite 
ABC: + rewrite -z 
ABC: + balance 
ABC: + refactor -z 
ABC: + rewrite -z 
ABC: + balance 
ABC: + retime -D -D 15000 -M 5 
ABC: + scleanup 
ABC: Error: The network is combinational.
ABC: + fraig_store 
ABC: + balance 
ABC: + fraig_store 
ABC: + balance 
ABC: + rewrite 
ABC: + refactor 
ABC: + balance 
ABC: + rewrite 
ABC: + rewrite -z 
ABC: + balance 
ABC: + refactor -z 
ABC: + rewrite -z 
ABC: + balance 
ABC: + fraig_store 
ABC: + balance 
ABC: + rewrite 
ABC: + refactor 
ABC: + balance 
ABC: + rewrite 
ABC: + rewrite -z 
ABC: + balance 
ABC: + refactor -z 
ABC: + rewrite -z 
ABC: + balance 
ABC: + fraig_store 
ABC: + balance 
ABC: + rewrite 
ABC: + refactor 
ABC: + balance 
ABC: + rewrite 
ABC: + rewrite -z 
ABC: + balance 
ABC: + refactor -z 
ABC: + rewrite -z 
ABC: + balance 
ABC: + fraig_store 
ABC: + fraig_restore 
ABC: + amap -m -Q 0.1 -F 20 -A 20 -C 5000 
ABC: + retime -D -D 15000 
ABC: + &get -n 
ABC: + &st 
ABC: + &dch 
ABC: + &nf 
ABC: + &put 
ABC: + buffer -N 6 -S 750.0 
ABC: Cannot find the default PI driving cell (sky130_fd_sc_hd__inv_2/Y) in the library.
ABC: + upsize -D 15000 
ABC: Cannot find the default PI driving cell (sky130_fd_sc_hd__inv_2/Y) in the library.
ABC: Current delay (849.96 ps) does not exceed the target delay (15000.00 ps). Upsizing is not performed.
ABC: + dnsize -D 15000 
ABC: Cannot find the default PI driving cell (sky130_fd_sc_hd__inv_2/Y) in the library.
ABC: + stime -p 
ABC: Cannot find the default PI driving cell (sky130_fd_sc_hd__inv_2/Y) in the library.
ABC: WireLoad = "none"  Gates =     65 ( 46.2 %)   Cap = 14.0 ff ( 11.2 %)   Area =      411.64 ( 53.8 %)   Delay =   782.56 ps  (  6.2 %)               
ABC: Path  0 --       8 : 0    2 pi                       A =   0.00  Df =   0.0   -0.0 ps  S =   0.0 ps  Cin =  0.0 ff  Cout =   6.1 ff  Cmax =   0.0 ff  G =    0  
ABC: Path  1 --      67 : 4    2 sky130_fd_sc_hd__nand4_2 A =  12.51  Df =  93.5  -17.1 ps  S =  84.4 ps  Cin =  4.4 ff  Cout =   6.8 ff  Cmax = 200.5 ff  G =  146  
ABC: Path  2 --      99 : 4    1 sky130_fd_sc_hd__nor4_2  A =  12.51  Df = 782.6 -599.7 ps  S = 824.7 ps  Cin =  4.3 ff  Cout =  33.4 ff  Cmax =  64.1 ff  G =  774  
ABC: Start-point = pi7 (\rg_bfloat16 [13]).  End-point = po16 ($auto$rtlil.cc:2620:MuxGate$352).
ABC: + print_stats -m 
ABC: netlist                       : i/o =   33/   33  lat =    0  nd =    65  edge =    123  area =411.60  delay = 3.00  lev = 3
ABC: + write_blif /tmp/yosys-abc-W4YJMZ/output.blif 

50.1.2. Re-integrating ABC results.
ABC RESULTS:   sky130_fd_sc_hd__nand4_2 cells:        2
ABC RESULTS:   sky130_fd_sc_hd__o211a_2 cells:        1
ABC RESULTS:   sky130_fd_sc_hd__o311a_2 cells:        5
ABC RESULTS:   sky130_fd_sc_hd__inv_2 cells:        2
ABC RESULTS:   sky130_fd_sc_hd__nor4_2 cells:        1
ABC RESULTS:   sky130_fd_sc_hd__and2_2 cells:       26
ABC RESULTS:   sky130_fd_sc_hd__buf_1 cells:       28
ABC RESULTS:        internal signals:       50
ABC RESULTS:           input signals:       33
ABC RESULTS:          output signals:       33
Removing temp directory.

51. Executing SETUNDEF pass (replace undef values with defined constants).

52. Executing HILOMAP pass (mapping to constant drivers).
Warning: Selection "sky130_fd_sc_hd__conb_1" did not match any module.
Warning: Selection "LO" did not match any object.

53. Executing SPLITNETS pass (splitting up multi-bit signals).

54. Executing OPT_CLEAN pass (remove unused cells and wires).
Finding unused cells or wires in module \mk_bfloat16_fp32..
Removed 0 unused cells and 185 unused wires.
<suppressed ~79 debug messages>

55. Executing INSBUF pass (insert buffer cells for connected wires).
Add mk_bfloat16_fp32/$auto$insbuf.cc:97:execute$451: 1'0 -> \fp32_out [1]
Add mk_bfloat16_fp32/$auto$insbuf.cc:97:execute$452: 1'0 -> \fp32_out [2]
Add mk_bfloat16_fp32/$auto$insbuf.cc:97:execute$453: 1'0 -> \fp32_out [3]
Add mk_bfloat16_fp32/$auto$insbuf.cc:97:execute$454: 1'0 -> \fp32_out [4]
Add mk_bfloat16_fp32/$auto$insbuf.cc:97:execute$455: 1'0 -> \fp32_out [5]
Add mk_bfloat16_fp32/$auto$insbuf.cc:97:execute$456: 1'0 -> \fp32_out [6]
Add mk_bfloat16_fp32/$auto$insbuf.cc:97:execute$457: 1'0 -> \fp32_out [7]
Add mk_bfloat16_fp32/$auto$insbuf.cc:97:execute$458: 1'0 -> \fp32_out [8]
Add mk_bfloat16_fp32/$auto$insbuf.cc:97:execute$459: 1'0 -> \fp32_out [9]
Add mk_bfloat16_fp32/$auto$insbuf.cc:97:execute$460: 1'0 -> \fp32_out [10]
Add mk_bfloat16_fp32/$auto$insbuf.cc:97:execute$461: 1'0 -> \fp32_out [11]
Add mk_bfloat16_fp32/$auto$insbuf.cc:97:execute$462: 1'0 -> \fp32_out [12]
Add mk_bfloat16_fp32/$auto$insbuf.cc:97:execute$463: 1'0 -> \fp32_out [13]
Add mk_bfloat16_fp32/$auto$insbuf.cc:97:execute$464: 1'0 -> \fp32_out [14]
Add mk_bfloat16_fp32/$auto$insbuf.cc:97:execute$465: 1'0 -> \fp32_out [15]

56. Executing CHECK pass (checking for obvious problems).
Checking module mk_bfloat16_fp32...
Found and reported 0 problems.
{
   "creator": "Yosys 0.33 (git sha1 2584903a060, clang++ 11.1.0 -fPIC -Os)",
   "invocation": "stat -json ",
   "modules": {
      "\\mk_bfloat16_fp32": {
         "num_wires":         85,
         "num_wire_bits":     131,
         "num_pub_wires":     20,
         "num_pub_wire_bits": 66,
         "num_memories":      0,
         "num_memory_bits":   0,
         "num_processes":     0,
         "num_cells":         113,
         "num_cells_by_type": {
            "sky130_fd_sc_hd__and2_2": 26,
            "sky130_fd_sc_hd__buf_1": 28,
            "sky130_fd_sc_hd__buf_2": 15,
            "sky130_fd_sc_hd__dfxtp_2": 33,
            "sky130_fd_sc_hd__inv_2": 2,
            "sky130_fd_sc_hd__nand4_2": 2,
            "sky130_fd_sc_hd__nor4_2": 1,
            "sky130_fd_sc_hd__o211a_2": 1,
            "sky130_fd_sc_hd__o311a_2": 5
         }
      }
   },
      "design": {
         "num_wires":         85,
         "num_wire_bits":     131,
         "num_pub_wires":     20,
         "num_pub_wire_bits": 66,
         "num_memories":      0,
         "num_memory_bits":   0,
         "num_processes":     0,
         "num_cells":         113,
         "num_cells_by_type": {
            "sky130_fd_sc_hd__and2_2": 26,
            "sky130_fd_sc_hd__buf_1": 28,
            "sky130_fd_sc_hd__buf_2": 15,
            "sky130_fd_sc_hd__dfxtp_2": 33,
            "sky130_fd_sc_hd__inv_2": 2,
            "sky130_fd_sc_hd__nand4_2": 2,
            "sky130_fd_sc_hd__nor4_2": 1,
            "sky130_fd_sc_hd__o211a_2": 1,
            "sky130_fd_sc_hd__o311a_2": 5
         }
      }
}

57. Executing Verilog backend.
Dumping module `\mk_bfloat16_fp32'.

Warnings: 3 unique messages, 3 total
End of script. Logfile hash: 5c0960f62a, CPU: user 0.95s system 0.05s, MEM: 48.88 MB peak
Yosys 0.33 (git sha1 2584903a060, clang++ 11.1.0 -fPIC -Os)
Time spent: 42% 2x abc (0 sec), 17% 2x read_liberty (0 sec), ...
