
===========================================================================
report_checks -unconstrained
===========================================================================
======================= max_ff_n40C_1v95 Corner ===================================

Startpoint: RST_N (input port clocked by CLK)
Endpoint: _551_ (rising edge-triggered flip-flop clocked by CLK)
Path Group: CLK
Path Type: max

Fanout         Cap        Slew       Delay        Time   Description
---------------------------------------------------------------------------------------------
                                  0.000000    0.000000   clock CLK (rise edge)
                                  0.000000    0.000000   clock network delay (propagated)
                                  3.000000    3.000000 ^ input external delay
     1    0.002856    0.014117    0.007427    3.007427 ^ RST_N (in)
                                                         RST_N (net)
                      0.014119    0.000000    3.007427 ^ input1/A (sky130_fd_sc_hd__clkbuf_1)
     1    0.004340    0.044863    0.056790    3.064217 ^ input1/X (sky130_fd_sc_hd__clkbuf_1)
                                                         net1 (net)
                      0.044866    0.000293    3.064509 ^ fanout77/A (sky130_fd_sc_hd__buf_1)
     3    0.012637    0.115162    0.111919    3.176428 ^ fanout77/X (sky130_fd_sc_hd__buf_1)
                                                         net77 (net)
                      0.115177    0.001075    3.177503 ^ fanout76/A (sky130_fd_sc_hd__buf_1)
     4    0.018613    0.166141    0.152697    3.330200 ^ fanout76/X (sky130_fd_sc_hd__buf_1)
                                                         net76 (net)
                      0.166158    0.001377    3.331577 ^ fanout75/A (sky130_fd_sc_hd__clkbuf_2)
     6    0.024627    0.107055    0.144534    3.476111 ^ fanout75/X (sky130_fd_sc_hd__clkbuf_2)
                                                         net75 (net)
                      0.107149    0.002583    3.478694 ^ _255_/A (sky130_fd_sc_hd__nand2_1)
     3    0.011467    0.064149    0.069844    3.548538 v _255_/Y (sky130_fd_sc_hd__nand2_1)
                                                         _053_ (net)
                      0.064152    0.000331    3.548869 v _259_/A (sky130_fd_sc_hd__or3b_1)
     1    0.002968    0.043528    0.220121    3.768991 v _259_/X (sky130_fd_sc_hd__or3b_1)
                                                         _055_ (net)
                      0.043528    0.000210    3.769200 v _260_/B1 (sky130_fd_sc_hd__o21a_1)
     1    0.002225    0.023189    0.062984    3.832184 v _260_/X (sky130_fd_sc_hd__o21a_1)
                                                         _002_ (net)
                      0.023189    0.000104    3.832288 v _551_/D (sky130_fd_sc_hd__dfxtp_1)
                                              3.832288   data arrival time

                                 15.000000   15.000000   clock CLK (rise edge)
                                  0.000000   15.000000   clock source latency
     1    0.022342    0.079224    0.055321   15.055321 ^ CLK (in)
                                                         CLK (net)
                      0.079328    0.000000   15.055321 ^ clkbuf_0_CLK/A (sky130_fd_sc_hd__clkbuf_16)
     4    0.041684    0.046615    0.110568   15.165889 ^ clkbuf_0_CLK/X (sky130_fd_sc_hd__clkbuf_16)
                                                         clknet_0_CLK (net)
                      0.046757    0.001920   15.167809 ^ clkbuf_2_3__f_CLK/A (sky130_fd_sc_hd__clkbuf_16)
    15    0.046666    0.049859    0.104320   15.272129 ^ clkbuf_2_3__f_CLK/X (sky130_fd_sc_hd__clkbuf_16)
                                                         clknet_2_3__leaf_CLK (net)
                      0.050043    0.002327   15.274456 ^ _551_/CLK (sky130_fd_sc_hd__dfxtp_1)
                                 -0.250000   15.024457   clock uncertainty
                                  0.000000   15.024457   clock reconvergence pessimism
                                 -0.065123   14.959333   library setup time
                                             14.959333   data required time
---------------------------------------------------------------------------------------------
                                             14.959333   data required time
                                             -3.832288   data arrival time
---------------------------------------------------------------------------------------------
                                             11.127046   slack (MET)




===========================================================================
report_checks --slack_max -0.01
============================================================================
======================= max_ff_n40C_1v95 Corner ===================================

No paths found.


===========================================================================
 report_check_types -max_slew -max_cap -max_fanout -violators
============================================================================
======================= max_ff_n40C_1v95 Corner ===================================

max fanout

Pin                                   Limit Fanout  Slack
---------------------------------------------------------
clkbuf_2_2__f_CLK/X                       6     16    -10 (VIOLATED)
clkbuf_2_3__f_CLK/X                       6     15     -9 (VIOLATED)
clkbuf_2_1__f_CLK/X                       6     13     -7 (VIOLATED)
clkbuf_2_0__f_CLK/X                       6      9     -3 (VIOLATED)



===========================================================================
report_parasitic_annotation -report_unannotated
============================================================================
Found 0 unannotated drivers.
Found 0 partially unannotated drivers.

===========================================================================
max slew violation count 0
max fanout violation count 4
max cap violation count 0
============================================================================

===========================================================================
check_setup -verbose -unconstrained_endpoints -multiple_clock -no_clock -no_input_delay -loops -generated_clocks
===========================================================================
