
===========================================================================
report_checks -unconstrained
===========================================================================
======================= nom_tt_025C_1v80 Corner ===================================

Startpoint: _290_ (rising edge-triggered flip-flop clocked by CLK)
Endpoint: get_fp32[20] (output port clocked by CLK)
Path Group: CLK
Path Type: max

Fanout         Cap        Slew       Delay        Time   Description
---------------------------------------------------------------------------------------------
                                  0.000000    0.000000   clock CLK (rise edge)
                                  0.000000    0.000000   clock source latency
    26    0.048802    0.226686    0.154774    0.154774 ^ CLK (in)
                                                         CLK (net)
                      0.226686    0.000000    0.154774 ^ _290_/CLK (sky130_fd_sc_hd__dfxtp_2)
     1    0.033442    0.175407    0.474032    0.628805 ^ _290_/Q (sky130_fd_sc_hd__dfxtp_2)
                                                         get_fp32[20] (net)
                      0.175407    0.000000    0.628805 ^ get_fp32[20] (out)
                                              0.628805   data arrival time

                                 15.000000   15.000000   clock CLK (rise edge)
                                  0.000000   15.000000   clock network delay (propagated)
                                 -0.250000   14.750000   clock uncertainty
                                  0.000000   14.750000   clock reconvergence pessimism
                                 -3.000000   11.750000   output external delay
                                             11.750000   data required time
---------------------------------------------------------------------------------------------
                                             11.750000   data required time
                                             -0.628805   data arrival time
---------------------------------------------------------------------------------------------
                                             11.121195   slack (MET)




===========================================================================
report_checks --slack_max -0.01
============================================================================
======================= nom_tt_025C_1v80 Corner ===================================

No paths found.


===========================================================================
 report_check_types -max_slew -max_cap -max_fanout -violators
============================================================================
======================= nom_tt_025C_1v80 Corner ===================================

max fanout

Pin                                   Limit Fanout  Slack
---------------------------------------------------------
CLK                                       6     26    -20 (VIOLATED)
RST_N                                     6     19    -13 (VIOLATED)
_310_/Q                                   6     12     -6 (VIOLATED)
_303_/Q                                   6      9     -3 (VIOLATED)
_302_/Q                                   6      7        (VIOLATED)



===========================================================================
report_parasitic_annotation -report_unannotated
============================================================================
Found 207 unannotated drivers.
 CLK
 RST_N
 convert_cfloat143_fp32_bias[0]
 convert_cfloat143_fp32_bias[1]
 convert_cfloat143_fp32_bias[2]
 convert_cfloat143_fp32_bias[3]
 convert_cfloat143_fp32_bias[4]
 convert_cfloat143_fp32_bias[5]
 convert_cfloat143_fp32_cfloat143_in[0]
 convert_cfloat143_fp32_cfloat143_in[1]
 convert_cfloat143_fp32_cfloat143_in[2]
 convert_cfloat143_fp32_cfloat143_in[3]
 convert_cfloat143_fp32_cfloat143_in[4]
 convert_cfloat143_fp32_cfloat143_in[5]
 convert_cfloat143_fp32_cfloat143_in[6]
 convert_cfloat143_fp32_cfloat143_in[7]
 _145_/X
 _146_/X
 _147_/X
 _148_/X
 _149_/Y
 _150_/X
 _151_/X
 _152_/X
 _153_/Y
 _154_/X
 _155_/X
 _156_/X
 _157_/X
 _158_/Y
 _159_/X
 _160_/Y
 _161_/X
 _162_/Y
 _163_/X
 _164_/X
 _165_/Y
 _166_/Y
 _167_/Y
 _168_/X
 _169_/Y
 _170_/X
 _171_/X
 _172_/Y
 _173_/X
 _174_/X
 _175_/X
 _176_/X
 _177_/X
 _178_/X
 _179_/X
 _180_/X
 _181_/Y
 _182_/X
 _183_/X
 _184_/X
 _185_/X
 _186_/Y
 _187_/Y
 _188_/Y
 _189_/X
 _190_/X
 _191_/X
 _192_/Y
 _193_/X
 _194_/X
 _195_/X
 _196_/Y
 _197_/X
 _198_/X
 _199_/Y
 _200_/Y
 _201_/X
 _202_/Y
 _203_/X
 _204_/X
 _205_/X
 _206_/Y
 _207_/X
 _208_/X
 _209_/X
 _210_/X
 _211_/Y
 _212_/Y
 _213_/X
 _214_/X
 _215_/X
 _216_/Y
 _217_/X
 _218_/Y
 _219_/X
 _220_/X
 _221_/X
 _222_/X
 _223_/X
 _224_/X
 _225_/X
 _226_/Y
 _227_/X
 _228_/Y
 _229_/X
 _230_/X
 _231_/X
 _232_/X
 _233_/Y
 _234_/Y
 _235_/X
 _236_/Y
 _237_/Y
 _238_/X
 _239_/Y
 _240_/Y
 _241_/X
 _242_/X
 _243_/X
 _244_/Y
 _245_/Y
 _246_/X
 _247_/Y
 _248_/X
 _249_/X
 _250_/Y
 _251_/Y
 _252_/Y
 _253_/X
 _254_/X
 _255_/X
 _256_/X
 _257_/X
 _258_/X
 _259_/X
 _260_/X
 _261_/Y
 _262_/X
 _263_/X
 _264_/X
 _265_/X
 _266_/X
 _267_/X
 _268_/X
 _269_/X
 _270_/X
 _271_/X
 _272_/X
 _273_/X
 _274_/X
 _275_/X
 _276_/X
 _277_/X
 _278_/X
 _279_/X
 _280_/X
 _281_/X
 _282_/X
 _283_/X
 _284_/X
 _285_/X
 _286_/X
 _287_/X
 _288_/X
 _289_/X
 _290_/Q
 _291_/Q
 _292_/Q
 _293_/Q
 _294_/Q
 _295_/Q
 _296_/Q
 _297_/Q
 _298_/Q
 _299_/Q
 _300_/Q
 _301_/Q
 _302_/Q
 _303_/Q
 _304_/Q
 _305_/Q
 _306_/Q
 _307_/Q
 _308_/Q
 _309_/Q
 _310_/Q
 _311_/Q
 _312_/Q
 _313_/Q
 _314_/Q
 _315_/Q
 _316_/X
 _317_/X
 _318_/X
 _319_/X
 _320_/X
 _321_/X
 _322_/X
 _323_/X
 _324_/X
 _325_/X
 _326_/X
 _327_/X
 _328_/X
 _329_/X
 _330_/X
 _331_/X
 _332_/X
 _333_/X
 _334_/X
 _335_/X
Found 0 partially unannotated drivers.

===========================================================================
max slew violation count 0
max fanout violation count 5
max cap violation count 0
============================================================================

===========================================================================
check_setup -verbose -unconstrained_endpoints -multiple_clock -no_clock -no_input_delay -loops -generated_clocks
===========================================================================
Warning: There are 20 unconstrained endpoints.
  get_fp32[0]
  get_fp32[10]
  get_fp32[11]
  get_fp32[12]
  get_fp32[13]
  get_fp32[14]
  get_fp32[15]
  get_fp32[16]
  get_fp32[17]
  get_fp32[18]
  get_fp32[19]
  get_fp32[1]
  get_fp32[2]
  get_fp32[3]
  get_fp32[4]
  get_fp32[5]
  get_fp32[6]
  get_fp32[7]
  get_fp32[8]
  get_fp32[9]
