
===========================================================================
report_checks -path_delay max (Setup)
============================================================================
======================= nom_tt_025C_1v80 Corner ===================================

Startpoint: _290_ (rising edge-triggered flip-flop clocked by CLK)
Endpoint: get_fp32[20] (output port clocked by CLK)
Path Group: CLK
Path Type: max

Fanout         Cap        Slew       Delay        Time   Description
---------------------------------------------------------------------------------------------
                                  0.000000    0.000000   clock CLK (rise edge)
                                  0.000000    0.000000   clock source latency
    26    0.048802    0.226686    0.154774    0.154774 ^ CLK (in)
                                                         CLK (net)
                      0.226686    0.000000    0.154774 ^ _290_/CLK (sky130_fd_sc_hd__dfxtp_2)
     1    0.033442    0.175407    0.474032    0.628805 ^ _290_/Q (sky130_fd_sc_hd__dfxtp_2)
                                                         get_fp32[20] (net)
                      0.175407    0.000000    0.628805 ^ get_fp32[20] (out)
                                              0.628805   data arrival time

                                 15.000000   15.000000   clock CLK (rise edge)
                                  0.000000   15.000000   clock network delay (propagated)
                                 -0.250000   14.750000   clock uncertainty
                                  0.000000   14.750000   clock reconvergence pessimism
                                 -3.000000   11.750000   output external delay
                                             11.750000   data required time
---------------------------------------------------------------------------------------------
                                             11.750000   data required time
                                             -0.628805   data arrival time
---------------------------------------------------------------------------------------------
                                             11.121195   slack (MET)


Startpoint: _291_ (rising edge-triggered flip-flop clocked by CLK)
Endpoint: get_fp32[21] (output port clocked by CLK)
Path Group: CLK
Path Type: max

Fanout         Cap        Slew       Delay        Time   Description
---------------------------------------------------------------------------------------------
                                  0.000000    0.000000   clock CLK (rise edge)
                                  0.000000    0.000000   clock source latency
    26    0.048802    0.226686    0.154774    0.154774 ^ CLK (in)
                                                         CLK (net)
                      0.226686    0.000000    0.154774 ^ _291_/CLK (sky130_fd_sc_hd__dfxtp_2)
     1    0.033442    0.175407    0.474032    0.628805 ^ _291_/Q (sky130_fd_sc_hd__dfxtp_2)
                                                         get_fp32[21] (net)
                      0.175407    0.000000    0.628805 ^ get_fp32[21] (out)
                                              0.628805   data arrival time

                                 15.000000   15.000000   clock CLK (rise edge)
                                  0.000000   15.000000   clock network delay (propagated)
                                 -0.250000   14.750000   clock uncertainty
                                  0.000000   14.750000   clock reconvergence pessimism
                                 -3.000000   11.750000   output external delay
                                             11.750000   data required time
---------------------------------------------------------------------------------------------
                                             11.750000   data required time
                                             -0.628805   data arrival time
---------------------------------------------------------------------------------------------
                                             11.121195   slack (MET)


Startpoint: _292_ (rising edge-triggered flip-flop clocked by CLK)
Endpoint: get_fp32[22] (output port clocked by CLK)
Path Group: CLK
Path Type: max

Fanout         Cap        Slew       Delay        Time   Description
---------------------------------------------------------------------------------------------
                                  0.000000    0.000000   clock CLK (rise edge)
                                  0.000000    0.000000   clock source latency
    26    0.048802    0.226686    0.154774    0.154774 ^ CLK (in)
                                                         CLK (net)
                      0.226686    0.000000    0.154774 ^ _292_/CLK (sky130_fd_sc_hd__dfxtp_2)
     1    0.033442    0.175407    0.474032    0.628805 ^ _292_/Q (sky130_fd_sc_hd__dfxtp_2)
                                                         get_fp32[22] (net)
                      0.175407    0.000000    0.628805 ^ get_fp32[22] (out)
                                              0.628805   data arrival time

                                 15.000000   15.000000   clock CLK (rise edge)
                                  0.000000   15.000000   clock network delay (propagated)
                                 -0.250000   14.750000   clock uncertainty
                                  0.000000   14.750000   clock reconvergence pessimism
                                 -3.000000   11.750000   output external delay
                                             11.750000   data required time
---------------------------------------------------------------------------------------------
                                             11.750000   data required time
                                             -0.628805   data arrival time
---------------------------------------------------------------------------------------------
                                             11.121195   slack (MET)


Startpoint: _293_ (rising edge-triggered flip-flop clocked by CLK)
Endpoint: get_fp32[23] (output port clocked by CLK)
Path Group: CLK
Path Type: max

Fanout         Cap        Slew       Delay        Time   Description
---------------------------------------------------------------------------------------------
                                  0.000000    0.000000   clock CLK (rise edge)
                                  0.000000    0.000000   clock source latency
    26    0.048802    0.226686    0.154774    0.154774 ^ CLK (in)
                                                         CLK (net)
                      0.226686    0.000000    0.154774 ^ _293_/CLK (sky130_fd_sc_hd__dfxtp_2)
     1    0.033442    0.175407    0.474032    0.628805 ^ _293_/Q (sky130_fd_sc_hd__dfxtp_2)
                                                         get_fp32[23] (net)
                      0.175407    0.000000    0.628805 ^ get_fp32[23] (out)
                                              0.628805   data arrival time

                                 15.000000   15.000000   clock CLK (rise edge)
                                  0.000000   15.000000   clock network delay (propagated)
                                 -0.250000   14.750000   clock uncertainty
                                  0.000000   14.750000   clock reconvergence pessimism
                                 -3.000000   11.750000   output external delay
                                             11.750000   data required time
---------------------------------------------------------------------------------------------
                                             11.750000   data required time
                                             -0.628805   data arrival time
---------------------------------------------------------------------------------------------
                                             11.121195   slack (MET)


Startpoint: _294_ (rising edge-triggered flip-flop clocked by CLK)
Endpoint: get_fp32[24] (output port clocked by CLK)
Path Group: CLK
Path Type: max

Fanout         Cap        Slew       Delay        Time   Description
---------------------------------------------------------------------------------------------
                                  0.000000    0.000000   clock CLK (rise edge)
                                  0.000000    0.000000   clock source latency
    26    0.048802    0.226686    0.154774    0.154774 ^ CLK (in)
                                                         CLK (net)
                      0.226686    0.000000    0.154774 ^ _294_/CLK (sky130_fd_sc_hd__dfxtp_2)
     1    0.033442    0.175407    0.474032    0.628805 ^ _294_/Q (sky130_fd_sc_hd__dfxtp_2)
                                                         get_fp32[24] (net)
                      0.175407    0.000000    0.628805 ^ get_fp32[24] (out)
                                              0.628805   data arrival time

                                 15.000000   15.000000   clock CLK (rise edge)
                                  0.000000   15.000000   clock network delay (propagated)
                                 -0.250000   14.750000   clock uncertainty
                                  0.000000   14.750000   clock reconvergence pessimism
                                 -3.000000   11.750000   output external delay
                                             11.750000   data required time
---------------------------------------------------------------------------------------------
                                             11.750000   data required time
                                             -0.628805   data arrival time
---------------------------------------------------------------------------------------------
                                             11.121195   slack (MET)


Startpoint: _295_ (rising edge-triggered flip-flop clocked by CLK)
Endpoint: get_fp32[25] (output port clocked by CLK)
Path Group: CLK
Path Type: max

Fanout         Cap        Slew       Delay        Time   Description
---------------------------------------------------------------------------------------------
                                  0.000000    0.000000   clock CLK (rise edge)
                                  0.000000    0.000000   clock source latency
    26    0.048802    0.226686    0.154774    0.154774 ^ CLK (in)
                                                         CLK (net)
                      0.226686    0.000000    0.154774 ^ _295_/CLK (sky130_fd_sc_hd__dfxtp_2)
     1    0.033442    0.175407    0.474032    0.628805 ^ _295_/Q (sky130_fd_sc_hd__dfxtp_2)
                                                         get_fp32[25] (net)
                      0.175407    0.000000    0.628805 ^ get_fp32[25] (out)
                                              0.628805   data arrival time

                                 15.000000   15.000000   clock CLK (rise edge)
                                  0.000000   15.000000   clock network delay (propagated)
                                 -0.250000   14.750000   clock uncertainty
                                  0.000000   14.750000   clock reconvergence pessimism
                                 -3.000000   11.750000   output external delay
                                             11.750000   data required time
---------------------------------------------------------------------------------------------
                                             11.750000   data required time
                                             -0.628805   data arrival time
---------------------------------------------------------------------------------------------
                                             11.121195   slack (MET)


Startpoint: _296_ (rising edge-triggered flip-flop clocked by CLK)
Endpoint: get_fp32[26] (output port clocked by CLK)
Path Group: CLK
Path Type: max

Fanout         Cap        Slew       Delay        Time   Description
---------------------------------------------------------------------------------------------
                                  0.000000    0.000000   clock CLK (rise edge)
                                  0.000000    0.000000   clock source latency
    26    0.048802    0.226686    0.154774    0.154774 ^ CLK (in)
                                                         CLK (net)
                      0.226686    0.000000    0.154774 ^ _296_/CLK (sky130_fd_sc_hd__dfxtp_2)
     1    0.033442    0.175407    0.474032    0.628805 ^ _296_/Q (sky130_fd_sc_hd__dfxtp_2)
                                                         get_fp32[26] (net)
                      0.175407    0.000000    0.628805 ^ get_fp32[26] (out)
                                              0.628805   data arrival time

                                 15.000000   15.000000   clock CLK (rise edge)
                                  0.000000   15.000000   clock network delay (propagated)
                                 -0.250000   14.750000   clock uncertainty
                                  0.000000   14.750000   clock reconvergence pessimism
                                 -3.000000   11.750000   output external delay
                                             11.750000   data required time
---------------------------------------------------------------------------------------------
                                             11.750000   data required time
                                             -0.628805   data arrival time
---------------------------------------------------------------------------------------------
                                             11.121195   slack (MET)


Startpoint: _298_ (rising edge-triggered flip-flop clocked by CLK)
Endpoint: get_fp32[27] (output port clocked by CLK)
Path Group: CLK
Path Type: max

Fanout         Cap        Slew       Delay        Time   Description
---------------------------------------------------------------------------------------------
                                  0.000000    0.000000   clock CLK (rise edge)
                                  0.000000    0.000000   clock source latency
    26    0.048802    0.226686    0.154774    0.154774 ^ CLK (in)
                                                         CLK (net)
                      0.226686    0.000000    0.154774 ^ _298_/CLK (sky130_fd_sc_hd__dfxtp_2)
     1    0.033442    0.175407    0.474032    0.628805 ^ _298_/Q (sky130_fd_sc_hd__dfxtp_2)
                                                         get_fp32[27] (net)
                      0.175407    0.000000    0.628805 ^ get_fp32[27] (out)
                                              0.628805   data arrival time

                                 15.000000   15.000000   clock CLK (rise edge)
                                  0.000000   15.000000   clock network delay (propagated)
                                 -0.250000   14.750000   clock uncertainty
                                  0.000000   14.750000   clock reconvergence pessimism
                                 -3.000000   11.750000   output external delay
                                             11.750000   data required time
---------------------------------------------------------------------------------------------
                                             11.750000   data required time
                                             -0.628805   data arrival time
---------------------------------------------------------------------------------------------
                                             11.121195   slack (MET)


Startpoint: _299_ (rising edge-triggered flip-flop clocked by CLK)
Endpoint: get_fp32[28] (output port clocked by CLK)
Path Group: CLK
Path Type: max

Fanout         Cap        Slew       Delay        Time   Description
---------------------------------------------------------------------------------------------
                                  0.000000    0.000000   clock CLK (rise edge)
                                  0.000000    0.000000   clock source latency
    26    0.048802    0.226686    0.154774    0.154774 ^ CLK (in)
                                                         CLK (net)
                      0.226686    0.000000    0.154774 ^ _299_/CLK (sky130_fd_sc_hd__dfxtp_2)
     1    0.033442    0.175407    0.474032    0.628805 ^ _299_/Q (sky130_fd_sc_hd__dfxtp_2)
                                                         get_fp32[28] (net)
                      0.175407    0.000000    0.628805 ^ get_fp32[28] (out)
                                              0.628805   data arrival time

                                 15.000000   15.000000   clock CLK (rise edge)
                                  0.000000   15.000000   clock network delay (propagated)
                                 -0.250000   14.750000   clock uncertainty
                                  0.000000   14.750000   clock reconvergence pessimism
                                 -3.000000   11.750000   output external delay
                                             11.750000   data required time
---------------------------------------------------------------------------------------------
                                             11.750000   data required time
                                             -0.628805   data arrival time
---------------------------------------------------------------------------------------------
                                             11.121195   slack (MET)


Startpoint: _300_ (rising edge-triggered flip-flop clocked by CLK)
Endpoint: get_fp32[29] (output port clocked by CLK)
Path Group: CLK
Path Type: max

Fanout         Cap        Slew       Delay        Time   Description
---------------------------------------------------------------------------------------------
                                  0.000000    0.000000   clock CLK (rise edge)
                                  0.000000    0.000000   clock source latency
    26    0.048802    0.226686    0.154774    0.154774 ^ CLK (in)
                                                         CLK (net)
                      0.226686    0.000000    0.154774 ^ _300_/CLK (sky130_fd_sc_hd__dfxtp_2)
     1    0.033442    0.175407    0.474032    0.628805 ^ _300_/Q (sky130_fd_sc_hd__dfxtp_2)
                                                         get_fp32[29] (net)
                      0.175407    0.000000    0.628805 ^ get_fp32[29] (out)
                                              0.628805   data arrival time

                                 15.000000   15.000000   clock CLK (rise edge)
                                  0.000000   15.000000   clock network delay (propagated)
                                 -0.250000   14.750000   clock uncertainty
                                  0.000000   14.750000   clock reconvergence pessimism
                                 -3.000000   11.750000   output external delay
                                             11.750000   data required time
---------------------------------------------------------------------------------------------
                                             11.750000   data required time
                                             -0.628805   data arrival time
---------------------------------------------------------------------------------------------
                                             11.121195   slack (MET)


Startpoint: _301_ (rising edge-triggered flip-flop clocked by CLK)
Endpoint: get_fp32[30] (output port clocked by CLK)
Path Group: CLK
Path Type: max

Fanout         Cap        Slew       Delay        Time   Description
---------------------------------------------------------------------------------------------
                                  0.000000    0.000000   clock CLK (rise edge)
                                  0.000000    0.000000   clock source latency
    26    0.048802    0.226686    0.154774    0.154774 ^ CLK (in)
                                                         CLK (net)
                      0.226686    0.000000    0.154774 ^ _301_/CLK (sky130_fd_sc_hd__dfxtp_2)
     1    0.033442    0.175407    0.474032    0.628805 ^ _301_/Q (sky130_fd_sc_hd__dfxtp_2)
                                                         get_fp32[30] (net)
                      0.175407    0.000000    0.628805 ^ get_fp32[30] (out)
                                              0.628805   data arrival time

                                 15.000000   15.000000   clock CLK (rise edge)
                                  0.000000   15.000000   clock network delay (propagated)
                                 -0.250000   14.750000   clock uncertainty
                                  0.000000   14.750000   clock reconvergence pessimism
                                 -3.000000   11.750000   output external delay
                                             11.750000   data required time
---------------------------------------------------------------------------------------------
                                             11.750000   data required time
                                             -0.628805   data arrival time
---------------------------------------------------------------------------------------------
                                             11.121195   slack (MET)


Startpoint: _297_ (rising edge-triggered flip-flop clocked by CLK)
Endpoint: get_fp32[31] (output port clocked by CLK)
Path Group: CLK
Path Type: max

Fanout         Cap        Slew       Delay        Time   Description
---------------------------------------------------------------------------------------------
                                  0.000000    0.000000   clock CLK (rise edge)
                                  0.000000    0.000000   clock source latency
    26    0.048802    0.226686    0.154774    0.154774 ^ CLK (in)
                                                         CLK (net)
                      0.226686    0.000000    0.154774 ^ _297_/CLK (sky130_fd_sc_hd__dfxtp_2)
     1    0.033442    0.175407    0.474032    0.628805 ^ _297_/Q (sky130_fd_sc_hd__dfxtp_2)
                                                         get_fp32[31] (net)
                      0.175407    0.000000    0.628805 ^ get_fp32[31] (out)
                                              0.628805   data arrival time

                                 15.000000   15.000000   clock CLK (rise edge)
                                  0.000000   15.000000   clock network delay (propagated)
                                 -0.250000   14.750000   clock uncertainty
                                  0.000000   14.750000   clock reconvergence pessimism
                                 -3.000000   11.750000   output external delay
                                             11.750000   data required time
---------------------------------------------------------------------------------------------
                                             11.750000   data required time
                                             -0.628805   data arrival time
---------------------------------------------------------------------------------------------
                                             11.121195   slack (MET)


Startpoint: RST_N (input port clocked by CLK)
Endpoint: _300_ (rising edge-triggered flip-flop clocked by CLK)
Path Group: CLK
Path Type: max

Fanout         Cap        Slew       Delay        Time   Description
---------------------------------------------------------------------------------------------
                                  0.000000    0.000000   clock CLK (rise edge)
                                  0.000000    0.000000   clock network delay (propagated)
                                  3.000000    3.000000 ^ input external delay
    19    0.031189    0.147609    0.100394    3.100394 ^ RST_N (in)
                                                         RST_N (net)
                      0.147609    0.000000    3.100394 ^ _157_/B1 (sky130_fd_sc_hd__o21a_2)
     2    0.006833    0.052229    0.164645    3.265039 ^ _157_/X (sky130_fd_sc_hd__o21a_2)
                                                         _115_ (net)
                      0.052229    0.000000    3.265039 ^ _178_/A (sky130_fd_sc_hd__buf_1)
     6    0.013562    0.168623    0.168977    3.434016 ^ _178_/X (sky130_fd_sc_hd__buf_1)
                                                         _135_ (net)
                      0.168623    0.000000    3.434016 ^ _259_/A (sky130_fd_sc_hd__and3_2)
     1    0.002191    0.040607    0.189621    3.623636 ^ _259_/X (sky130_fd_sc_hd__and3_2)
                                                         _091_ (net)
                      0.040607    0.000000    3.623636 ^ _260_/A (sky130_fd_sc_hd__buf_1)
     1    0.001674    0.033066    0.069863    3.693499 ^ _260_/X (sky130_fd_sc_hd__buf_1)
                                                         _010_ (net)
                      0.033066    0.000000    3.693499 ^ _300_/D (sky130_fd_sc_hd__dfxtp_2)
                                              3.693499   data arrival time

                                 15.000000   15.000000   clock CLK (rise edge)
                                  0.000000   15.000000   clock source latency
    26    0.048802    0.226686    0.154774   15.154774 ^ CLK (in)
                                                         CLK (net)
                      0.226686    0.000000   15.154774 ^ _300_/CLK (sky130_fd_sc_hd__dfxtp_2)
                                 -0.250000   14.904775   clock uncertainty
                                  0.000000   14.904775   clock reconvergence pessimism
                                 -0.029318   14.875457   library setup time
                                             14.875457   data required time
---------------------------------------------------------------------------------------------
                                             14.875457   data required time
                                             -3.693499   data arrival time
---------------------------------------------------------------------------------------------
                                             11.181958   slack (MET)


Startpoint: RST_N (input port clocked by CLK)
Endpoint: _295_ (rising edge-triggered flip-flop clocked by CLK)
Path Group: CLK
Path Type: max

Fanout         Cap        Slew       Delay        Time   Description
---------------------------------------------------------------------------------------------
                                  0.000000    0.000000   clock CLK (rise edge)
                                  0.000000    0.000000   clock network delay (propagated)
                                  3.000000    3.000000 ^ input external delay
    19    0.031189    0.147609    0.100394    3.100394 ^ RST_N (in)
                                                         RST_N (net)
                      0.147609    0.000000    3.100394 ^ _157_/B1 (sky130_fd_sc_hd__o21a_2)
     2    0.006833    0.052229    0.164645    3.265039 ^ _157_/X (sky130_fd_sc_hd__o21a_2)
                                                         _115_ (net)
                      0.052229    0.000000    3.265039 ^ _178_/A (sky130_fd_sc_hd__buf_1)
     6    0.013562    0.168623    0.168977    3.434016 ^ _178_/X (sky130_fd_sc_hd__buf_1)
                                                         _135_ (net)
                      0.168623    0.000000    3.434016 ^ _205_/B1 (sky130_fd_sc_hd__o211a_2)
     1    0.001674    0.036451    0.189898    3.623914 ^ _205_/X (sky130_fd_sc_hd__o211a_2)
                                                         _005_ (net)
                      0.036451    0.000000    3.623914 ^ _295_/D (sky130_fd_sc_hd__dfxtp_2)
                                              3.623914   data arrival time

                                 15.000000   15.000000   clock CLK (rise edge)
                                  0.000000   15.000000   clock source latency
    26    0.048802    0.226686    0.154774   15.154774 ^ CLK (in)
                                                         CLK (net)
                      0.226686    0.000000   15.154774 ^ _295_/CLK (sky130_fd_sc_hd__dfxtp_2)
                                 -0.250000   14.904775   clock uncertainty
                                  0.000000   14.904775   clock reconvergence pessimism
                                 -0.030078   14.874697   library setup time
                                             14.874697   data required time
---------------------------------------------------------------------------------------------
                                             14.874697   data required time
                                             -3.623914   data arrival time
---------------------------------------------------------------------------------------------
                                             11.250783   slack (MET)


Startpoint: RST_N (input port clocked by CLK)
Endpoint: _294_ (rising edge-triggered flip-flop clocked by CLK)
Path Group: CLK
Path Type: max

Fanout         Cap        Slew       Delay        Time   Description
---------------------------------------------------------------------------------------------
                                  0.000000    0.000000   clock CLK (rise edge)
                                  0.000000    0.000000   clock network delay (propagated)
                                  3.000000    3.000000 ^ input external delay
    19    0.031189    0.147609    0.100394    3.100394 ^ RST_N (in)
                                                         RST_N (net)
                      0.147609    0.000000    3.100394 ^ _157_/B1 (sky130_fd_sc_hd__o21a_2)
     2    0.006833    0.052229    0.164645    3.265039 ^ _157_/X (sky130_fd_sc_hd__o21a_2)
                                                         _115_ (net)
                      0.052229    0.000000    3.265039 ^ _178_/A (sky130_fd_sc_hd__buf_1)
     6    0.013562    0.168623    0.168977    3.434016 ^ _178_/X (sky130_fd_sc_hd__buf_1)
                                                         _135_ (net)
                      0.168623    0.000000    3.434016 ^ _179_/C1 (sky130_fd_sc_hd__o211a_2)
     1    0.001674    0.036562    0.184310    3.618326 ^ _179_/X (sky130_fd_sc_hd__o211a_2)
                                                         _004_ (net)
                      0.036562    0.000000    3.618326 ^ _294_/D (sky130_fd_sc_hd__dfxtp_2)
                                              3.618326   data arrival time

                                 15.000000   15.000000   clock CLK (rise edge)
                                  0.000000   15.000000   clock source latency
    26    0.048802    0.226686    0.154774   15.154774 ^ CLK (in)
                                                         CLK (net)
                      0.226686    0.000000   15.154774 ^ _294_/CLK (sky130_fd_sc_hd__dfxtp_2)
                                 -0.250000   14.904775   clock uncertainty
                                  0.000000   14.904775   clock reconvergence pessimism
                                 -0.030103   14.874672   library setup time
                                             14.874672   data required time
---------------------------------------------------------------------------------------------
                                             14.874672   data required time
                                             -3.618326   data arrival time
---------------------------------------------------------------------------------------------
                                             11.256346   slack (MET)


Startpoint: RST_N (input port clocked by CLK)
Endpoint: _296_ (rising edge-triggered flip-flop clocked by CLK)
Path Group: CLK
Path Type: max

Fanout         Cap        Slew       Delay        Time   Description
---------------------------------------------------------------------------------------------
                                  0.000000    0.000000   clock CLK (rise edge)
                                  0.000000    0.000000   clock network delay (propagated)
                                  3.000000    3.000000 ^ input external delay
    19    0.031189    0.147609    0.100394    3.100394 ^ RST_N (in)
                                                         RST_N (net)
                      0.147609    0.000000    3.100394 ^ _157_/B1 (sky130_fd_sc_hd__o21a_2)
     2    0.006833    0.052229    0.164645    3.265039 ^ _157_/X (sky130_fd_sc_hd__o21a_2)
                                                         _115_ (net)
                      0.052229    0.000000    3.265039 ^ _178_/A (sky130_fd_sc_hd__buf_1)
     6    0.013562    0.168623    0.168977    3.434016 ^ _178_/X (sky130_fd_sc_hd__buf_1)
                                                         _135_ (net)
                      0.168623    0.000000    3.434016 ^ _221_/C1 (sky130_fd_sc_hd__o211a_2)
     1    0.001674    0.036562    0.184310    3.618326 ^ _221_/X (sky130_fd_sc_hd__o211a_2)
                                                         _006_ (net)
                      0.036562    0.000000    3.618326 ^ _296_/D (sky130_fd_sc_hd__dfxtp_2)
                                              3.618326   data arrival time

                                 15.000000   15.000000   clock CLK (rise edge)
                                  0.000000   15.000000   clock source latency
    26    0.048802    0.226686    0.154774   15.154774 ^ CLK (in)
                                                         CLK (net)
                      0.226686    0.000000   15.154774 ^ _296_/CLK (sky130_fd_sc_hd__dfxtp_2)
                                 -0.250000   14.904775   clock uncertainty
                                  0.000000   14.904775   clock reconvergence pessimism
                                 -0.030103   14.874672   library setup time
                                             14.874672   data required time
---------------------------------------------------------------------------------------------
                                             14.874672   data required time
                                             -3.618326   data arrival time
---------------------------------------------------------------------------------------------
                                             11.256346   slack (MET)


Startpoint: RST_N (input port clocked by CLK)
Endpoint: _298_ (rising edge-triggered flip-flop clocked by CLK)
Path Group: CLK
Path Type: max

Fanout         Cap        Slew       Delay        Time   Description
---------------------------------------------------------------------------------------------
                                  0.000000    0.000000   clock CLK (rise edge)
                                  0.000000    0.000000   clock network delay (propagated)
                                  3.000000    3.000000 ^ input external delay
    19    0.031189    0.147609    0.100394    3.100394 ^ RST_N (in)
                                                         RST_N (net)
                      0.147609    0.000000    3.100394 ^ _157_/B1 (sky130_fd_sc_hd__o21a_2)
     2    0.006833    0.052229    0.164645    3.265039 ^ _157_/X (sky130_fd_sc_hd__o21a_2)
                                                         _115_ (net)
                      0.052229    0.000000    3.265039 ^ _178_/A (sky130_fd_sc_hd__buf_1)
     6    0.013562    0.168623    0.168977    3.434016 ^ _178_/X (sky130_fd_sc_hd__buf_1)
                                                         _135_ (net)
                      0.168623    0.000000    3.434016 ^ _243_/C1 (sky130_fd_sc_hd__o211a_2)
     1    0.001674    0.036562    0.184310    3.618326 ^ _243_/X (sky130_fd_sc_hd__o211a_2)
                                                         _008_ (net)
                      0.036562    0.000000    3.618326 ^ _298_/D (sky130_fd_sc_hd__dfxtp_2)
                                              3.618326   data arrival time

                                 15.000000   15.000000   clock CLK (rise edge)
                                  0.000000   15.000000   clock source latency
    26    0.048802    0.226686    0.154774   15.154774 ^ CLK (in)
                                                         CLK (net)
                      0.226686    0.000000   15.154774 ^ _298_/CLK (sky130_fd_sc_hd__dfxtp_2)
                                 -0.250000   14.904775   clock uncertainty
                                  0.000000   14.904775   clock reconvergence pessimism
                                 -0.030103   14.874672   library setup time
                                             14.874672   data required time
---------------------------------------------------------------------------------------------
                                             14.874672   data required time
                                             -3.618326   data arrival time
---------------------------------------------------------------------------------------------
                                             11.256346   slack (MET)


Startpoint: RST_N (input port clocked by CLK)
Endpoint: _299_ (rising edge-triggered flip-flop clocked by CLK)
Path Group: CLK
Path Type: max

Fanout         Cap        Slew       Delay        Time   Description
---------------------------------------------------------------------------------------------
                                  0.000000    0.000000   clock CLK (rise edge)
                                  0.000000    0.000000   clock network delay (propagated)
                                  3.000000    3.000000 ^ input external delay
    19    0.031189    0.147609    0.100394    3.100394 ^ RST_N (in)
                                                         RST_N (net)
                      0.147609    0.000000    3.100394 ^ _157_/B1 (sky130_fd_sc_hd__o21a_2)
     2    0.006833    0.052229    0.164645    3.265039 ^ _157_/X (sky130_fd_sc_hd__o21a_2)
                                                         _115_ (net)
                      0.052229    0.000000    3.265039 ^ _178_/A (sky130_fd_sc_hd__buf_1)
     6    0.013562    0.168623    0.168977    3.434016 ^ _178_/X (sky130_fd_sc_hd__buf_1)
                                                         _135_ (net)
                      0.168623    0.000000    3.434016 ^ _255_/C1 (sky130_fd_sc_hd__o211a_2)
     1    0.001674    0.036562    0.184310    3.618326 ^ _255_/X (sky130_fd_sc_hd__o211a_2)
                                                         _009_ (net)
                      0.036562    0.000000    3.618326 ^ _299_/D (sky130_fd_sc_hd__dfxtp_2)
                                              3.618326   data arrival time

                                 15.000000   15.000000   clock CLK (rise edge)
                                  0.000000   15.000000   clock source latency
    26    0.048802    0.226686    0.154774   15.154774 ^ CLK (in)
                                                         CLK (net)
                      0.226686    0.000000   15.154774 ^ _299_/CLK (sky130_fd_sc_hd__dfxtp_2)
                                 -0.250000   14.904775   clock uncertainty
                                  0.000000   14.904775   clock reconvergence pessimism
                                 -0.030103   14.874672   library setup time
                                             14.874672   data required time
---------------------------------------------------------------------------------------------
                                             14.874672   data required time
                                             -3.618326   data arrival time
---------------------------------------------------------------------------------------------
                                             11.256346   slack (MET)


Startpoint: RST_N (input port clocked by CLK)
Endpoint: _301_ (rising edge-triggered flip-flop clocked by CLK)
Path Group: CLK
Path Type: max

Fanout         Cap        Slew       Delay        Time   Description
---------------------------------------------------------------------------------------------
                                  0.000000    0.000000   clock CLK (rise edge)
                                  0.000000    0.000000   clock network delay (propagated)
                                  3.000000    3.000000 ^ input external delay
    19    0.031189    0.147609    0.100394    3.100394 ^ RST_N (in)
                                                         RST_N (net)
                      0.147609    0.000000    3.100394 ^ _157_/B1 (sky130_fd_sc_hd__o21a_2)
     2    0.006833    0.052229    0.164645    3.265039 ^ _157_/X (sky130_fd_sc_hd__o21a_2)
                                                         _115_ (net)
                      0.052229    0.000000    3.265039 ^ _158_/A (sky130_fd_sc_hd__inv_2)
     2    0.008380    0.026132    0.039825    3.304865 v _158_/Y (sky130_fd_sc_hd__inv_2)
                                                         _116_ (net)
                      0.026132    0.000000    3.304865 v _261_/A (sky130_fd_sc_hd__nor2_2)
     1    0.001674    0.055361    0.075146    3.380011 ^ _261_/Y (sky130_fd_sc_hd__nor2_2)
                                                         _011_ (net)
                      0.055361    0.000000    3.380011 ^ _301_/D (sky130_fd_sc_hd__dfxtp_2)
                                              3.380011   data arrival time

                                 15.000000   15.000000   clock CLK (rise edge)
                                  0.000000   15.000000   clock source latency
    26    0.048802    0.226686    0.154774   15.154774 ^ CLK (in)
                                                         CLK (net)
                      0.226686    0.000000   15.154774 ^ _301_/CLK (sky130_fd_sc_hd__dfxtp_2)
                                 -0.250000   14.904775   clock uncertainty
                                  0.000000   14.904775   clock reconvergence pessimism
                                 -0.034327   14.870447   library setup time
                                             14.870447   data required time
---------------------------------------------------------------------------------------------
                                             14.870447   data required time
                                             -3.380011   data arrival time
---------------------------------------------------------------------------------------------
                                             11.490438   slack (MET)


Startpoint: RST_N (input port clocked by CLK)
Endpoint: _293_ (rising edge-triggered flip-flop clocked by CLK)
Path Group: CLK
Path Type: max

Fanout         Cap        Slew       Delay        Time   Description
---------------------------------------------------------------------------------------------
                                  0.000000    0.000000   clock CLK (rise edge)
                                  0.000000    0.000000   clock network delay (propagated)
                                  3.000000    3.000000 ^ input external delay
    19    0.031189    0.147609    0.100394    3.100394 ^ RST_N (in)
                                                         RST_N (net)
                      0.147609    0.000000    3.100394 ^ _157_/B1 (sky130_fd_sc_hd__o21a_2)
     2    0.006833    0.052229    0.164645    3.265039 ^ _157_/X (sky130_fd_sc_hd__o21a_2)
                                                         _115_ (net)
                      0.052229    0.000000    3.265039 ^ _158_/A (sky130_fd_sc_hd__inv_2)
     2    0.008380    0.026132    0.039825    3.304865 v _158_/Y (sky130_fd_sc_hd__inv_2)
                                                         _116_ (net)
                      0.026132    0.000000    3.304865 v _167_/A (sky130_fd_sc_hd__nor2_2)
     1    0.001674    0.050769    0.075146    3.380011 ^ _167_/Y (sky130_fd_sc_hd__nor2_2)
                                                         _003_ (net)
                      0.050769    0.000000    3.380011 ^ _293_/D (sky130_fd_sc_hd__dfxtp_2)
                                              3.380011   data arrival time

                                 15.000000   15.000000   clock CLK (rise edge)
                                  0.000000   15.000000   clock source latency
    26    0.048802    0.226686    0.154774   15.154774 ^ CLK (in)
                                                         CLK (net)
                      0.226686    0.000000   15.154774 ^ _293_/CLK (sky130_fd_sc_hd__dfxtp_2)
                                 -0.250000   14.904775   clock uncertainty
                                  0.000000   14.904775   clock reconvergence pessimism
                                 -0.033295   14.871480   library setup time
                                             14.871480   data required time
---------------------------------------------------------------------------------------------
                                             14.871480   data required time
                                             -3.380011   data arrival time
---------------------------------------------------------------------------------------------
                                             11.491469   slack (MET)


Startpoint: RST_N (input port clocked by CLK)
Endpoint: _290_ (rising edge-triggered flip-flop clocked by CLK)
Path Group: CLK
Path Type: max

Fanout         Cap        Slew       Delay        Time   Description
---------------------------------------------------------------------------------------------
                                  0.000000    0.000000   clock CLK (rise edge)
                                  0.000000    0.000000   clock network delay (propagated)
                                  3.000000    3.000000 ^ input external delay
    19    0.031189    0.147609    0.100394    3.100394 ^ RST_N (in)
                                                         RST_N (net)
                      0.147609    0.000000    3.100394 ^ _146_/B (sky130_fd_sc_hd__and3_2)
     1    0.002191    0.040243    0.185741    3.286134 ^ _146_/X (sky130_fd_sc_hd__and3_2)
                                                         _107_ (net)
                      0.040243    0.000000    3.286134 ^ _147_/A (sky130_fd_sc_hd__buf_1)
     1    0.001674    0.033066    0.069736    3.355870 ^ _147_/X (sky130_fd_sc_hd__buf_1)
                                                         _000_ (net)
                      0.033066    0.000000    3.355870 ^ _290_/D (sky130_fd_sc_hd__dfxtp_2)
                                              3.355870   data arrival time

                                 15.000000   15.000000   clock CLK (rise edge)
                                  0.000000   15.000000   clock source latency
    26    0.048802    0.226686    0.154774   15.154774 ^ CLK (in)
                                                         CLK (net)
                      0.226686    0.000000   15.154774 ^ _290_/CLK (sky130_fd_sc_hd__dfxtp_2)
                                 -0.250000   14.904775   clock uncertainty
                                  0.000000   14.904775   clock reconvergence pessimism
                                 -0.029318   14.875457   library setup time
                                             14.875457   data required time
---------------------------------------------------------------------------------------------
                                             14.875457   data required time
                                             -3.355870   data arrival time
---------------------------------------------------------------------------------------------
                                             11.519587   slack (MET)


Startpoint: RST_N (input port clocked by CLK)
Endpoint: _297_ (rising edge-triggered flip-flop clocked by CLK)
Path Group: CLK
Path Type: max

Fanout         Cap        Slew       Delay        Time   Description
---------------------------------------------------------------------------------------------
                                  0.000000    0.000000   clock CLK (rise edge)
                                  0.000000    0.000000   clock network delay (propagated)
                                  3.000000    3.000000 v input external delay
    19    0.029722    0.067052    0.047516    3.047516 v RST_N (in)
                                                         RST_N (net)
                      0.067052    0.000000    3.047516 v _222_/A (sky130_fd_sc_hd__and2_2)
     1    0.002015    0.034770    0.168335    3.215851 v _222_/X (sky130_fd_sc_hd__and2_2)
                                                         _057_ (net)
                      0.034770    0.000000    3.215851 v _223_/A (sky130_fd_sc_hd__buf_1)
     1    0.001681    0.021554    0.076766    3.292617 v _223_/X (sky130_fd_sc_hd__buf_1)
                                                         _007_ (net)
                      0.021554    0.000000    3.292617 v _297_/D (sky130_fd_sc_hd__dfxtp_2)
                                              3.292617   data arrival time

                                 15.000000   15.000000   clock CLK (rise edge)
                                  0.000000   15.000000   clock source latency
    26    0.048802    0.226686    0.154774   15.154774 ^ CLK (in)
                                                         CLK (net)
                      0.226686    0.000000   15.154774 ^ _297_/CLK (sky130_fd_sc_hd__dfxtp_2)
                                 -0.250000   14.904775   clock uncertainty
                                  0.000000   14.904775   clock reconvergence pessimism
                                 -0.060291   14.844483   library setup time
                                             14.844483   data required time
---------------------------------------------------------------------------------------------
                                             14.844483   data required time
                                             -3.292617   data arrival time
---------------------------------------------------------------------------------------------
                                             11.551867   slack (MET)


Startpoint: RST_N (input port clocked by CLK)
Endpoint: _302_ (rising edge-triggered flip-flop clocked by CLK)
Path Group: CLK
Path Type: max

Fanout         Cap        Slew       Delay        Time   Description
---------------------------------------------------------------------------------------------
                                  0.000000    0.000000   clock CLK (rise edge)
                                  0.000000    0.000000   clock network delay (propagated)
                                  3.000000    3.000000 v input external delay
    19    0.029722    0.067052    0.047516    3.047516 v RST_N (in)
                                                         RST_N (net)
                      0.067052    0.000000    3.047516 v _262_/A (sky130_fd_sc_hd__and2_2)
     1    0.002015    0.034761    0.168335    3.215851 v _262_/X (sky130_fd_sc_hd__and2_2)
                                                         _092_ (net)
                      0.034761    0.000000    3.215851 v _263_/A (sky130_fd_sc_hd__buf_1)
     1    0.001681    0.021554    0.076762    3.292613 v _263_/X (sky130_fd_sc_hd__buf_1)
                                                         _012_ (net)
                      0.021554    0.000000    3.292613 v _302_/D (sky130_fd_sc_hd__dfxtp_2)
                                              3.292613   data arrival time

                                 15.000000   15.000000   clock CLK (rise edge)
                                  0.000000   15.000000   clock source latency
    26    0.048802    0.226686    0.154774   15.154774 ^ CLK (in)
                                                         CLK (net)
                      0.226686    0.000000   15.154774 ^ _302_/CLK (sky130_fd_sc_hd__dfxtp_2)
                                 -0.250000   14.904775   clock uncertainty
                                  0.000000   14.904775   clock reconvergence pessimism
                                 -0.060291   14.844483   library setup time
                                             14.844483   data required time
---------------------------------------------------------------------------------------------
                                             14.844483   data required time
                                             -3.292613   data arrival time
---------------------------------------------------------------------------------------------
                                             11.551870   slack (MET)


Startpoint: RST_N (input port clocked by CLK)
Endpoint: _303_ (rising edge-triggered flip-flop clocked by CLK)
Path Group: CLK
Path Type: max

Fanout         Cap        Slew       Delay        Time   Description
---------------------------------------------------------------------------------------------
                                  0.000000    0.000000   clock CLK (rise edge)
                                  0.000000    0.000000   clock network delay (propagated)
                                  3.000000    3.000000 v input external delay
    19    0.029722    0.067052    0.047516    3.047516 v RST_N (in)
                                                         RST_N (net)
                      0.067052    0.000000    3.047516 v _264_/A (sky130_fd_sc_hd__and2_2)
     1    0.002015    0.034761    0.168335    3.215851 v _264_/X (sky130_fd_sc_hd__and2_2)
                                                         _093_ (net)
                      0.034761    0.000000    3.215851 v _265_/A (sky130_fd_sc_hd__buf_1)
     1    0.001681    0.021554    0.076762    3.292613 v _265_/X (sky130_fd_sc_hd__buf_1)
                                                         _013_ (net)
                      0.021554    0.000000    3.292613 v _303_/D (sky130_fd_sc_hd__dfxtp_2)
                                              3.292613   data arrival time

                                 15.000000   15.000000   clock CLK (rise edge)
                                  0.000000   15.000000   clock source latency
    26    0.048802    0.226686    0.154774   15.154774 ^ CLK (in)
                                                         CLK (net)
                      0.226686    0.000000   15.154774 ^ _303_/CLK (sky130_fd_sc_hd__dfxtp_2)
                                 -0.250000   14.904775   clock uncertainty
                                  0.000000   14.904775   clock reconvergence pessimism
                                 -0.060291   14.844483   library setup time
                                             14.844483   data required time
---------------------------------------------------------------------------------------------
                                             14.844483   data required time
                                             -3.292613   data arrival time
---------------------------------------------------------------------------------------------
                                             11.551870   slack (MET)


Startpoint: RST_N (input port clocked by CLK)
Endpoint: _304_ (rising edge-triggered flip-flop clocked by CLK)
Path Group: CLK
Path Type: max

Fanout         Cap        Slew       Delay        Time   Description
---------------------------------------------------------------------------------------------
                                  0.000000    0.000000   clock CLK (rise edge)
                                  0.000000    0.000000   clock network delay (propagated)
                                  3.000000    3.000000 v input external delay
    19    0.029722    0.067052    0.047516    3.047516 v RST_N (in)
                                                         RST_N (net)
                      0.067052    0.000000    3.047516 v _266_/A (sky130_fd_sc_hd__and2_2)
     1    0.002015    0.034761    0.168335    3.215851 v _266_/X (sky130_fd_sc_hd__and2_2)
                                                         _094_ (net)
                      0.034761    0.000000    3.215851 v _267_/A (sky130_fd_sc_hd__buf_1)
     1    0.001681    0.021554    0.076762    3.292613 v _267_/X (sky130_fd_sc_hd__buf_1)
                                                         _014_ (net)
                      0.021554    0.000000    3.292613 v _304_/D (sky130_fd_sc_hd__dfxtp_2)
                                              3.292613   data arrival time

                                 15.000000   15.000000   clock CLK (rise edge)
                                  0.000000   15.000000   clock source latency
    26    0.048802    0.226686    0.154774   15.154774 ^ CLK (in)
                                                         CLK (net)
                      0.226686    0.000000   15.154774 ^ _304_/CLK (sky130_fd_sc_hd__dfxtp_2)
                                 -0.250000   14.904775   clock uncertainty
                                  0.000000   14.904775   clock reconvergence pessimism
                                 -0.060291   14.844483   library setup time
                                             14.844483   data required time
---------------------------------------------------------------------------------------------
                                             14.844483   data required time
                                             -3.292613   data arrival time
---------------------------------------------------------------------------------------------
                                             11.551870   slack (MET)


Startpoint: RST_N (input port clocked by CLK)
Endpoint: _305_ (rising edge-triggered flip-flop clocked by CLK)
Path Group: CLK
Path Type: max

Fanout         Cap        Slew       Delay        Time   Description
---------------------------------------------------------------------------------------------
                                  0.000000    0.000000   clock CLK (rise edge)
                                  0.000000    0.000000   clock network delay (propagated)
                                  3.000000    3.000000 v input external delay
    19    0.029722    0.067052    0.047516    3.047516 v RST_N (in)
                                                         RST_N (net)
                      0.067052    0.000000    3.047516 v _268_/A (sky130_fd_sc_hd__and2_2)
     1    0.002015    0.034761    0.168335    3.215851 v _268_/X (sky130_fd_sc_hd__and2_2)
                                                         _095_ (net)
                      0.034761    0.000000    3.215851 v _269_/A (sky130_fd_sc_hd__buf_1)
     1    0.001681    0.021554    0.076762    3.292613 v _269_/X (sky130_fd_sc_hd__buf_1)
                                                         _015_ (net)
                      0.021554    0.000000    3.292613 v _305_/D (sky130_fd_sc_hd__dfxtp_2)
                                              3.292613   data arrival time

                                 15.000000   15.000000   clock CLK (rise edge)
                                  0.000000   15.000000   clock source latency
    26    0.048802    0.226686    0.154774   15.154774 ^ CLK (in)
                                                         CLK (net)
                      0.226686    0.000000   15.154774 ^ _305_/CLK (sky130_fd_sc_hd__dfxtp_2)
                                 -0.250000   14.904775   clock uncertainty
                                  0.000000   14.904775   clock reconvergence pessimism
                                 -0.060291   14.844483   library setup time
                                             14.844483   data required time
---------------------------------------------------------------------------------------------
                                             14.844483   data required time
                                             -3.292613   data arrival time
---------------------------------------------------------------------------------------------
                                             11.551870   slack (MET)


Startpoint: RST_N (input port clocked by CLK)
Endpoint: _306_ (rising edge-triggered flip-flop clocked by CLK)
Path Group: CLK
Path Type: max

Fanout         Cap        Slew       Delay        Time   Description
---------------------------------------------------------------------------------------------
                                  0.000000    0.000000   clock CLK (rise edge)
                                  0.000000    0.000000   clock network delay (propagated)
                                  3.000000    3.000000 v input external delay
    19    0.029722    0.067052    0.047516    3.047516 v RST_N (in)
                                                         RST_N (net)
                      0.067052    0.000000    3.047516 v _270_/A (sky130_fd_sc_hd__and2_2)
     1    0.002015    0.034761    0.168335    3.215851 v _270_/X (sky130_fd_sc_hd__and2_2)
                                                         _096_ (net)
                      0.034761    0.000000    3.215851 v _271_/A (sky130_fd_sc_hd__buf_1)
     1    0.001681    0.021554    0.076762    3.292613 v _271_/X (sky130_fd_sc_hd__buf_1)
                                                         _016_ (net)
                      0.021554    0.000000    3.292613 v _306_/D (sky130_fd_sc_hd__dfxtp_2)
                                              3.292613   data arrival time

                                 15.000000   15.000000   clock CLK (rise edge)
                                  0.000000   15.000000   clock source latency
    26    0.048802    0.226686    0.154774   15.154774 ^ CLK (in)
                                                         CLK (net)
                      0.226686    0.000000   15.154774 ^ _306_/CLK (sky130_fd_sc_hd__dfxtp_2)
                                 -0.250000   14.904775   clock uncertainty
                                  0.000000   14.904775   clock reconvergence pessimism
                                 -0.060291   14.844483   library setup time
                                             14.844483   data required time
---------------------------------------------------------------------------------------------
                                             14.844483   data required time
                                             -3.292613   data arrival time
---------------------------------------------------------------------------------------------
                                             11.551870   slack (MET)


Startpoint: RST_N (input port clocked by CLK)
Endpoint: _307_ (rising edge-triggered flip-flop clocked by CLK)
Path Group: CLK
Path Type: max

Fanout         Cap        Slew       Delay        Time   Description
---------------------------------------------------------------------------------------------
                                  0.000000    0.000000   clock CLK (rise edge)
                                  0.000000    0.000000   clock network delay (propagated)
                                  3.000000    3.000000 v input external delay
    19    0.029722    0.067052    0.047516    3.047516 v RST_N (in)
                                                         RST_N (net)
                      0.067052    0.000000    3.047516 v _272_/A (sky130_fd_sc_hd__and2_2)
     1    0.002015    0.034761    0.168335    3.215851 v _272_/X (sky130_fd_sc_hd__and2_2)
                                                         _097_ (net)
                      0.034761    0.000000    3.215851 v _273_/A (sky130_fd_sc_hd__buf_1)
     1    0.001681    0.021554    0.076762    3.292613 v _273_/X (sky130_fd_sc_hd__buf_1)
                                                         _017_ (net)
                      0.021554    0.000000    3.292613 v _307_/D (sky130_fd_sc_hd__dfxtp_2)
                                              3.292613   data arrival time

                                 15.000000   15.000000   clock CLK (rise edge)
                                  0.000000   15.000000   clock source latency
    26    0.048802    0.226686    0.154774   15.154774 ^ CLK (in)
                                                         CLK (net)
                      0.226686    0.000000   15.154774 ^ _307_/CLK (sky130_fd_sc_hd__dfxtp_2)
                                 -0.250000   14.904775   clock uncertainty
                                  0.000000   14.904775   clock reconvergence pessimism
                                 -0.060291   14.844483   library setup time
                                             14.844483   data required time
---------------------------------------------------------------------------------------------
                                             14.844483   data required time
                                             -3.292613   data arrival time
---------------------------------------------------------------------------------------------
                                             11.551870   slack (MET)


Startpoint: RST_N (input port clocked by CLK)
Endpoint: _308_ (rising edge-triggered flip-flop clocked by CLK)
Path Group: CLK
Path Type: max

Fanout         Cap        Slew       Delay        Time   Description
---------------------------------------------------------------------------------------------
                                  0.000000    0.000000   clock CLK (rise edge)
                                  0.000000    0.000000   clock network delay (propagated)
                                  3.000000    3.000000 v input external delay
    19    0.029722    0.067052    0.047516    3.047516 v RST_N (in)
                                                         RST_N (net)
                      0.067052    0.000000    3.047516 v _274_/A (sky130_fd_sc_hd__and2_2)
     1    0.002015    0.034761    0.168335    3.215851 v _274_/X (sky130_fd_sc_hd__and2_2)
                                                         _098_ (net)
                      0.034761    0.000000    3.215851 v _275_/A (sky130_fd_sc_hd__buf_1)
     1    0.001681    0.021554    0.076762    3.292613 v _275_/X (sky130_fd_sc_hd__buf_1)
                                                         _018_ (net)
                      0.021554    0.000000    3.292613 v _308_/D (sky130_fd_sc_hd__dfxtp_2)
                                              3.292613   data arrival time

                                 15.000000   15.000000   clock CLK (rise edge)
                                  0.000000   15.000000   clock source latency
    26    0.048802    0.226686    0.154774   15.154774 ^ CLK (in)
                                                         CLK (net)
                      0.226686    0.000000   15.154774 ^ _308_/CLK (sky130_fd_sc_hd__dfxtp_2)
                                 -0.250000   14.904775   clock uncertainty
                                  0.000000   14.904775   clock reconvergence pessimism
                                 -0.060291   14.844483   library setup time
                                             14.844483   data required time
---------------------------------------------------------------------------------------------
                                             14.844483   data required time
                                             -3.292613   data arrival time
---------------------------------------------------------------------------------------------
                                             11.551870   slack (MET)


Startpoint: RST_N (input port clocked by CLK)
Endpoint: _309_ (rising edge-triggered flip-flop clocked by CLK)
Path Group: CLK
Path Type: max

Fanout         Cap        Slew       Delay        Time   Description
---------------------------------------------------------------------------------------------
                                  0.000000    0.000000   clock CLK (rise edge)
                                  0.000000    0.000000   clock network delay (propagated)
                                  3.000000    3.000000 v input external delay
    19    0.029722    0.067052    0.047516    3.047516 v RST_N (in)
                                                         RST_N (net)
                      0.067052    0.000000    3.047516 v _276_/A (sky130_fd_sc_hd__and2_2)
     1    0.002015    0.034761    0.168335    3.215851 v _276_/X (sky130_fd_sc_hd__and2_2)
                                                         _099_ (net)
                      0.034761    0.000000    3.215851 v _277_/A (sky130_fd_sc_hd__buf_1)
     1    0.001681    0.021554    0.076762    3.292613 v _277_/X (sky130_fd_sc_hd__buf_1)
                                                         _019_ (net)
                      0.021554    0.000000    3.292613 v _309_/D (sky130_fd_sc_hd__dfxtp_2)
                                              3.292613   data arrival time

                                 15.000000   15.000000   clock CLK (rise edge)
                                  0.000000   15.000000   clock source latency
    26    0.048802    0.226686    0.154774   15.154774 ^ CLK (in)
                                                         CLK (net)
                      0.226686    0.000000   15.154774 ^ _309_/CLK (sky130_fd_sc_hd__dfxtp_2)
                                 -0.250000   14.904775   clock uncertainty
                                  0.000000   14.904775   clock reconvergence pessimism
                                 -0.060291   14.844483   library setup time
                                             14.844483   data required time
---------------------------------------------------------------------------------------------
                                             14.844483   data required time
                                             -3.292613   data arrival time
---------------------------------------------------------------------------------------------
                                             11.551870   slack (MET)


Startpoint: RST_N (input port clocked by CLK)
Endpoint: _310_ (rising edge-triggered flip-flop clocked by CLK)
Path Group: CLK
Path Type: max

Fanout         Cap        Slew       Delay        Time   Description
---------------------------------------------------------------------------------------------
                                  0.000000    0.000000   clock CLK (rise edge)
                                  0.000000    0.000000   clock network delay (propagated)
                                  3.000000    3.000000 v input external delay
    19    0.029722    0.067052    0.047516    3.047516 v RST_N (in)
                                                         RST_N (net)
                      0.067052    0.000000    3.047516 v _278_/A (sky130_fd_sc_hd__and2_2)
     1    0.002015    0.034761    0.168335    3.215851 v _278_/X (sky130_fd_sc_hd__and2_2)
                                                         _100_ (net)
                      0.034761    0.000000    3.215851 v _279_/A (sky130_fd_sc_hd__buf_1)
     1    0.001681    0.021554    0.076762    3.292613 v _279_/X (sky130_fd_sc_hd__buf_1)
                                                         _020_ (net)
                      0.021554    0.000000    3.292613 v _310_/D (sky130_fd_sc_hd__dfxtp_2)
                                              3.292613   data arrival time

                                 15.000000   15.000000   clock CLK (rise edge)
                                  0.000000   15.000000   clock source latency
    26    0.048802    0.226686    0.154774   15.154774 ^ CLK (in)
                                                         CLK (net)
                      0.226686    0.000000   15.154774 ^ _310_/CLK (sky130_fd_sc_hd__dfxtp_2)
                                 -0.250000   14.904775   clock uncertainty
                                  0.000000   14.904775   clock reconvergence pessimism
                                 -0.060291   14.844483   library setup time
                                             14.844483   data required time
---------------------------------------------------------------------------------------------
                                             14.844483   data required time
                                             -3.292613   data arrival time
---------------------------------------------------------------------------------------------
                                             11.551870   slack (MET)


Startpoint: RST_N (input port clocked by CLK)
Endpoint: _311_ (rising edge-triggered flip-flop clocked by CLK)
Path Group: CLK
Path Type: max

Fanout         Cap        Slew       Delay        Time   Description
---------------------------------------------------------------------------------------------
                                  0.000000    0.000000   clock CLK (rise edge)
                                  0.000000    0.000000   clock network delay (propagated)
                                  3.000000    3.000000 v input external delay
    19    0.029722    0.067052    0.047516    3.047516 v RST_N (in)
                                                         RST_N (net)
                      0.067052    0.000000    3.047516 v _280_/A (sky130_fd_sc_hd__and2_2)
     1    0.002015    0.034761    0.168335    3.215851 v _280_/X (sky130_fd_sc_hd__and2_2)
                                                         _101_ (net)
                      0.034761    0.000000    3.215851 v _281_/A (sky130_fd_sc_hd__buf_1)
     1    0.001681    0.021554    0.076762    3.292613 v _281_/X (sky130_fd_sc_hd__buf_1)
                                                         _021_ (net)
                      0.021554    0.000000    3.292613 v _311_/D (sky130_fd_sc_hd__dfxtp_2)
                                              3.292613   data arrival time

                                 15.000000   15.000000   clock CLK (rise edge)
                                  0.000000   15.000000   clock source latency
    26    0.048802    0.226686    0.154774   15.154774 ^ CLK (in)
                                                         CLK (net)
                      0.226686    0.000000   15.154774 ^ _311_/CLK (sky130_fd_sc_hd__dfxtp_2)
                                 -0.250000   14.904775   clock uncertainty
                                  0.000000   14.904775   clock reconvergence pessimism
                                 -0.060291   14.844483   library setup time
                                             14.844483   data required time
---------------------------------------------------------------------------------------------
                                             14.844483   data required time
                                             -3.292613   data arrival time
---------------------------------------------------------------------------------------------
                                             11.551870   slack (MET)


Startpoint: RST_N (input port clocked by CLK)
Endpoint: _312_ (rising edge-triggered flip-flop clocked by CLK)
Path Group: CLK
Path Type: max

Fanout         Cap        Slew       Delay        Time   Description
---------------------------------------------------------------------------------------------
                                  0.000000    0.000000   clock CLK (rise edge)
                                  0.000000    0.000000   clock network delay (propagated)
                                  3.000000    3.000000 v input external delay
    19    0.029722    0.067052    0.047516    3.047516 v RST_N (in)
                                                         RST_N (net)
                      0.067052    0.000000    3.047516 v _282_/A (sky130_fd_sc_hd__and2_2)
     1    0.002015    0.034761    0.168335    3.215851 v _282_/X (sky130_fd_sc_hd__and2_2)
                                                         _102_ (net)
                      0.034761    0.000000    3.215851 v _283_/A (sky130_fd_sc_hd__buf_1)
     1    0.001681    0.021554    0.076762    3.292613 v _283_/X (sky130_fd_sc_hd__buf_1)
                                                         _022_ (net)
                      0.021554    0.000000    3.292613 v _312_/D (sky130_fd_sc_hd__dfxtp_2)
                                              3.292613   data arrival time

                                 15.000000   15.000000   clock CLK (rise edge)
                                  0.000000   15.000000   clock source latency
    26    0.048802    0.226686    0.154774   15.154774 ^ CLK (in)
                                                         CLK (net)
                      0.226686    0.000000   15.154774 ^ _312_/CLK (sky130_fd_sc_hd__dfxtp_2)
                                 -0.250000   14.904775   clock uncertainty
                                  0.000000   14.904775   clock reconvergence pessimism
                                 -0.060291   14.844483   library setup time
                                             14.844483   data required time
---------------------------------------------------------------------------------------------
                                             14.844483   data required time
                                             -3.292613   data arrival time
---------------------------------------------------------------------------------------------
                                             11.551870   slack (MET)


Startpoint: RST_N (input port clocked by CLK)
Endpoint: _313_ (rising edge-triggered flip-flop clocked by CLK)
Path Group: CLK
Path Type: max

Fanout         Cap        Slew       Delay        Time   Description
---------------------------------------------------------------------------------------------
                                  0.000000    0.000000   clock CLK (rise edge)
                                  0.000000    0.000000   clock network delay (propagated)
                                  3.000000    3.000000 v input external delay
    19    0.029722    0.067052    0.047516    3.047516 v RST_N (in)
                                                         RST_N (net)
                      0.067052    0.000000    3.047516 v _284_/A (sky130_fd_sc_hd__and2_2)
     1    0.002015    0.034761    0.168335    3.215851 v _284_/X (sky130_fd_sc_hd__and2_2)
                                                         _103_ (net)
                      0.034761    0.000000    3.215851 v _285_/A (sky130_fd_sc_hd__buf_1)
     1    0.001681    0.021554    0.076762    3.292613 v _285_/X (sky130_fd_sc_hd__buf_1)
                                                         _023_ (net)
                      0.021554    0.000000    3.292613 v _313_/D (sky130_fd_sc_hd__dfxtp_2)
                                              3.292613   data arrival time

                                 15.000000   15.000000   clock CLK (rise edge)
                                  0.000000   15.000000   clock source latency
    26    0.048802    0.226686    0.154774   15.154774 ^ CLK (in)
                                                         CLK (net)
                      0.226686    0.000000   15.154774 ^ _313_/CLK (sky130_fd_sc_hd__dfxtp_2)
                                 -0.250000   14.904775   clock uncertainty
                                  0.000000   14.904775   clock reconvergence pessimism
                                 -0.060291   14.844483   library setup time
                                             14.844483   data required time
---------------------------------------------------------------------------------------------
                                             14.844483   data required time
                                             -3.292613   data arrival time
---------------------------------------------------------------------------------------------
                                             11.551870   slack (MET)


Startpoint: RST_N (input port clocked by CLK)
Endpoint: _314_ (rising edge-triggered flip-flop clocked by CLK)
Path Group: CLK
Path Type: max

Fanout         Cap        Slew       Delay        Time   Description
---------------------------------------------------------------------------------------------
                                  0.000000    0.000000   clock CLK (rise edge)
                                  0.000000    0.000000   clock network delay (propagated)
                                  3.000000    3.000000 v input external delay
    19    0.029722    0.067052    0.047516    3.047516 v RST_N (in)
                                                         RST_N (net)
                      0.067052    0.000000    3.047516 v _286_/A (sky130_fd_sc_hd__and2_2)
     1    0.002015    0.034761    0.168335    3.215851 v _286_/X (sky130_fd_sc_hd__and2_2)
                                                         _104_ (net)
                      0.034761    0.000000    3.215851 v _287_/A (sky130_fd_sc_hd__buf_1)
     1    0.001681    0.021554    0.076762    3.292613 v _287_/X (sky130_fd_sc_hd__buf_1)
                                                         _024_ (net)
                      0.021554    0.000000    3.292613 v _314_/D (sky130_fd_sc_hd__dfxtp_2)
                                              3.292613   data arrival time

                                 15.000000   15.000000   clock CLK (rise edge)
                                  0.000000   15.000000   clock source latency
    26    0.048802    0.226686    0.154774   15.154774 ^ CLK (in)
                                                         CLK (net)
                      0.226686    0.000000   15.154774 ^ _314_/CLK (sky130_fd_sc_hd__dfxtp_2)
                                 -0.250000   14.904775   clock uncertainty
                                  0.000000   14.904775   clock reconvergence pessimism
                                 -0.060291   14.844483   library setup time
                                             14.844483   data required time
---------------------------------------------------------------------------------------------
                                             14.844483   data required time
                                             -3.292613   data arrival time
---------------------------------------------------------------------------------------------
                                             11.551870   slack (MET)


Startpoint: RST_N (input port clocked by CLK)
Endpoint: _315_ (rising edge-triggered flip-flop clocked by CLK)
Path Group: CLK
Path Type: max

Fanout         Cap        Slew       Delay        Time   Description
---------------------------------------------------------------------------------------------
                                  0.000000    0.000000   clock CLK (rise edge)
                                  0.000000    0.000000   clock network delay (propagated)
                                  3.000000    3.000000 v input external delay
    19    0.029722    0.067052    0.047516    3.047516 v RST_N (in)
                                                         RST_N (net)
                      0.067052    0.000000    3.047516 v _288_/A (sky130_fd_sc_hd__and2_2)
     1    0.002015    0.034761    0.168335    3.215851 v _288_/X (sky130_fd_sc_hd__and2_2)
                                                         _105_ (net)
                      0.034761    0.000000    3.215851 v _289_/A (sky130_fd_sc_hd__buf_1)
     1    0.001681    0.021554    0.076762    3.292613 v _289_/X (sky130_fd_sc_hd__buf_1)
                                                         _025_ (net)
                      0.021554    0.000000    3.292613 v _315_/D (sky130_fd_sc_hd__dfxtp_2)
                                              3.292613   data arrival time

                                 15.000000   15.000000   clock CLK (rise edge)
                                  0.000000   15.000000   clock source latency
    26    0.048802    0.226686    0.154774   15.154774 ^ CLK (in)
                                                         CLK (net)
                      0.226686    0.000000   15.154774 ^ _315_/CLK (sky130_fd_sc_hd__dfxtp_2)
                                 -0.250000   14.904775   clock uncertainty
                                  0.000000   14.904775   clock reconvergence pessimism
                                 -0.060291   14.844483   library setup time
                                             14.844483   data required time
---------------------------------------------------------------------------------------------
                                             14.844483   data required time
                                             -3.292613   data arrival time
---------------------------------------------------------------------------------------------
                                             11.551870   slack (MET)


Startpoint: RST_N (input port clocked by CLK)
Endpoint: _292_ (rising edge-triggered flip-flop clocked by CLK)
Path Group: CLK
Path Type: max

Fanout         Cap        Slew       Delay        Time   Description
---------------------------------------------------------------------------------------------
                                  0.000000    0.000000   clock CLK (rise edge)
                                  0.000000    0.000000   clock network delay (propagated)
                                  3.000000    3.000000 ^ input external delay
    19    0.031189    0.147609    0.100394    3.100394 ^ RST_N (in)
                                                         RST_N (net)
                      0.147609    0.000000    3.100394 ^ _156_/C1 (sky130_fd_sc_hd__o211a_2)
     1    0.001674    0.036346    0.177912    3.278306 ^ _156_/X (sky130_fd_sc_hd__o211a_2)
                                                         _002_ (net)
                      0.036346    0.000000    3.278306 ^ _292_/D (sky130_fd_sc_hd__dfxtp_2)
                                              3.278306   data arrival time

                                 15.000000   15.000000   clock CLK (rise edge)
                                  0.000000   15.000000   clock source latency
    26    0.048802    0.226686    0.154774   15.154774 ^ CLK (in)
                                                         CLK (net)
                      0.226686    0.000000   15.154774 ^ _292_/CLK (sky130_fd_sc_hd__dfxtp_2)
                                 -0.250000   14.904775   clock uncertainty
                                  0.000000   14.904775   clock reconvergence pessimism
                                 -0.030055   14.874720   library setup time
                                             14.874720   data required time
---------------------------------------------------------------------------------------------
                                             14.874720   data required time
                                             -3.278306   data arrival time
---------------------------------------------------------------------------------------------
                                             11.596414   slack (MET)


Startpoint: RST_N (input port clocked by CLK)
Endpoint: _291_ (rising edge-triggered flip-flop clocked by CLK)
Path Group: CLK
Path Type: max

Fanout         Cap        Slew       Delay        Time   Description
---------------------------------------------------------------------------------------------
                                  0.000000    0.000000   clock CLK (rise edge)
                                  0.000000    0.000000   clock network delay (propagated)
                                  3.000000    3.000000 ^ input external delay
    19    0.031189    0.147609    0.100394    3.100394 ^ RST_N (in)
                                                         RST_N (net)
                      0.147609    0.000000    3.100394 ^ _151_/B1 (sky130_fd_sc_hd__o21a_2)
     1    0.001674    0.027479    0.141047    3.241441 ^ _151_/X (sky130_fd_sc_hd__o21a_2)
                                                         _001_ (net)
                      0.027479    0.000000    3.241441 ^ _291_/D (sky130_fd_sc_hd__dfxtp_2)
                                              3.241441   data arrival time

                                 15.000000   15.000000   clock CLK (rise edge)
                                  0.000000   15.000000   clock source latency
    26    0.048802    0.226686    0.154774   15.154774 ^ CLK (in)
                                                         CLK (net)
                      0.226686    0.000000   15.154774 ^ _291_/CLK (sky130_fd_sc_hd__dfxtp_2)
                                 -0.250000   14.904775   clock uncertainty
                                  0.000000   14.904775   clock reconvergence pessimism
                                 -0.028063   14.876712   library setup time
                                             14.876712   data required time
---------------------------------------------------------------------------------------------
                                             14.876712   data required time
                                             -3.241441   data arrival time
---------------------------------------------------------------------------------------------
                                             11.635271   slack (MET)



