
===========================================================================
report_checks -path_delay min (Hold)
============================================================================
======================= nom_tt_025C_1v80 Corner ===================================

Startpoint: _315_ (rising edge-triggered flip-flop clocked by CLK)
Endpoint: _297_ (rising edge-triggered flip-flop clocked by CLK)
Path Group: CLK
Path Type: min

Fanout         Cap        Slew       Delay        Time   Description
---------------------------------------------------------------------------------------------
                                  0.000000    0.000000   clock CLK (rise edge)
                                  0.000000    0.000000   clock source latency
    26    0.048802    0.226686    0.154774    0.154774 ^ CLK (in)
                                                         CLK (net)
                      0.226686    0.000000    0.154774 ^ _315_/CLK (sky130_fd_sc_hd__dfxtp_2)
     1    0.001541    0.025405    0.357898    0.512672 ^ _315_/Q (sky130_fd_sc_hd__dfxtp_2)
                                                         rg_cfloat143[7] (net)
                      0.025405    0.000000    0.512672 ^ _222_/B (sky130_fd_sc_hd__and2_2)
     1    0.002191    0.034808    0.118529    0.631201 ^ _222_/X (sky130_fd_sc_hd__and2_2)
                                                         _057_ (net)
                      0.034808    0.000000    0.631201 ^ _223_/A (sky130_fd_sc_hd__buf_1)
     1    0.001674    0.033052    0.067841    0.699041 ^ _223_/X (sky130_fd_sc_hd__buf_1)
                                                         _007_ (net)
                      0.033052    0.000000    0.699041 ^ _297_/D (sky130_fd_sc_hd__dfxtp_2)
                                              0.699041   data arrival time

                                  0.000000    0.000000   clock CLK (rise edge)
                                  0.000000    0.000000   clock source latency
    26    0.048802    0.226686    0.154774    0.154774 ^ CLK (in)
                                                         CLK (net)
                      0.226686    0.000000    0.154774 ^ _297_/CLK (sky130_fd_sc_hd__dfxtp_2)
                                  0.250000    0.404774   clock uncertainty
                                  0.000000    0.404774   clock reconvergence pessimism
                                 -0.004849    0.399925   library hold time
                                              0.399925   data required time
---------------------------------------------------------------------------------------------
                                              0.399925   data required time
                                             -0.699041   data arrival time
---------------------------------------------------------------------------------------------
                                              0.299117   slack (MET)


Startpoint: _307_ (rising edge-triggered flip-flop clocked by CLK)
Endpoint: _301_ (rising edge-triggered flip-flop clocked by CLK)
Path Group: CLK
Path Type: min

Fanout         Cap        Slew       Delay        Time   Description
---------------------------------------------------------------------------------------------
                                  0.000000    0.000000   clock CLK (rise edge)
                                  0.000000    0.000000   clock source latency
    26    0.048802    0.226686    0.154774    0.154774 ^ CLK (in)
                                                         CLK (net)
                      0.226686    0.000000    0.154774 ^ _307_/CLK (sky130_fd_sc_hd__dfxtp_2)
     4    0.016801    0.095370    0.416233    0.571006 ^ _307_/Q (sky130_fd_sc_hd__dfxtp_2)
                                                         rg_bias[5] (net)
                      0.095370    0.000000    0.571006 ^ _256_/A (sky130_fd_sc_hd__or3b_2)
     2    0.006275    0.049987    0.135339    0.706346 ^ _256_/X (sky130_fd_sc_hd__or3b_2)
                                                         _088_ (net)
                      0.049987    0.000000    0.706346 ^ _261_/B (sky130_fd_sc_hd__nor2_2)
     1    0.001681    0.015587    0.027561    0.733907 v _261_/Y (sky130_fd_sc_hd__nor2_2)
                                                         _011_ (net)
                      0.015587    0.000000    0.733907 v _301_/D (sky130_fd_sc_hd__dfxtp_2)
                                              0.733907   data arrival time

                                  0.000000    0.000000   clock CLK (rise edge)
                                  0.000000    0.000000   clock source latency
    26    0.048802    0.226686    0.154774    0.154774 ^ CLK (in)
                                                         CLK (net)
                      0.226686    0.000000    0.154774 ^ _301_/CLK (sky130_fd_sc_hd__dfxtp_2)
                                  0.250000    0.404774   clock uncertainty
                                  0.000000    0.404774   clock reconvergence pessimism
                                  0.006510    0.411284   library hold time
                                              0.411284   data required time
---------------------------------------------------------------------------------------------
                                              0.411284   data required time
                                             -0.733907   data arrival time
---------------------------------------------------------------------------------------------
                                              0.322623   slack (MET)


Startpoint: _309_ (rising edge-triggered flip-flop clocked by CLK)
Endpoint: _292_ (rising edge-triggered flip-flop clocked by CLK)
Path Group: CLK
Path Type: min

Fanout         Cap        Slew       Delay        Time   Description
---------------------------------------------------------------------------------------------
                                  0.000000    0.000000   clock CLK (rise edge)
                                  0.000000    0.000000   clock source latency
    26    0.048802    0.226686    0.154774    0.154774 ^ CLK (in)
                                                         CLK (net)
                      0.226686    0.000000    0.154774 ^ _309_/CLK (sky130_fd_sc_hd__dfxtp_2)
     6    0.013816    0.081013    0.405865    0.560639 ^ _309_/Q (sky130_fd_sc_hd__dfxtp_2)
                                                         _theResult___snd_mantissa__h281[21] (net)
                      0.081013    0.000000    0.560639 ^ _156_/A1 (sky130_fd_sc_hd__o211a_2)
     1    0.001674    0.035980    0.167582    0.728221 ^ _156_/X (sky130_fd_sc_hd__o211a_2)
                                                         _002_ (net)
                      0.035980    0.000000    0.728221 ^ _292_/D (sky130_fd_sc_hd__dfxtp_2)
                                              0.728221   data arrival time

                                  0.000000    0.000000   clock CLK (rise edge)
                                  0.000000    0.000000   clock source latency
    26    0.048802    0.226686    0.154774    0.154774 ^ CLK (in)
                                                         CLK (net)
                      0.226686    0.000000    0.154774 ^ _292_/CLK (sky130_fd_sc_hd__dfxtp_2)
                                  0.250000    0.404774   clock uncertainty
                                  0.000000    0.404774   clock reconvergence pessimism
                                 -0.005442    0.399332   library hold time
                                              0.399332   data required time
---------------------------------------------------------------------------------------------
                                              0.399332   data required time
                                             -0.728221   data arrival time
---------------------------------------------------------------------------------------------
                                              0.328889   slack (MET)


Startpoint: _308_ (rising edge-triggered flip-flop clocked by CLK)
Endpoint: _290_ (rising edge-triggered flip-flop clocked by CLK)
Path Group: CLK
Path Type: min

Fanout         Cap        Slew       Delay        Time   Description
---------------------------------------------------------------------------------------------
                                  0.000000    0.000000   clock CLK (rise edge)
                                  0.000000    0.000000   clock source latency
    26    0.048802    0.226686    0.154774    0.154774 ^ CLK (in)
                                                         CLK (net)
                      0.226686    0.000000    0.154774 ^ _308_/CLK (sky130_fd_sc_hd__dfxtp_2)
     6    0.009124    0.037536    0.378974    0.533748 v _308_/Q (sky130_fd_sc_hd__dfxtp_2)
                                                         _theResult___snd_mantissa__h281[20] (net)
                      0.037536    0.000000    0.533748 v _146_/A (sky130_fd_sc_hd__and3_2)
     1    0.002015    0.032130    0.159979    0.693727 v _146_/X (sky130_fd_sc_hd__and3_2)
                                                         _107_ (net)
                      0.032130    0.000000    0.693727 v _147_/A (sky130_fd_sc_hd__buf_1)
     1    0.001681    0.021552    0.075599    0.769326 v _147_/X (sky130_fd_sc_hd__buf_1)
                                                         _000_ (net)
                      0.021552    0.000000    0.769326 v _290_/D (sky130_fd_sc_hd__dfxtp_2)
                                              0.769326   data arrival time

                                  0.000000    0.000000   clock CLK (rise edge)
                                  0.000000    0.000000   clock source latency
    26    0.048802    0.226686    0.154774    0.154774 ^ CLK (in)
                                                         CLK (net)
                      0.226686    0.000000    0.154774 ^ _290_/CLK (sky130_fd_sc_hd__dfxtp_2)
                                  0.250000    0.404774   clock uncertainty
                                  0.000000    0.404774   clock reconvergence pessimism
                                  0.004059    0.408833   library hold time
                                              0.408833   data required time
---------------------------------------------------------------------------------------------
                                              0.408833   data required time
                                             -0.769326   data arrival time
---------------------------------------------------------------------------------------------
                                              0.360493   slack (MET)


Startpoint: _309_ (rising edge-triggered flip-flop clocked by CLK)
Endpoint: _291_ (rising edge-triggered flip-flop clocked by CLK)
Path Group: CLK
Path Type: min

Fanout         Cap        Slew       Delay        Time   Description
---------------------------------------------------------------------------------------------
                                  0.000000    0.000000   clock CLK (rise edge)
                                  0.000000    0.000000   clock source latency
    26    0.048802    0.226686    0.154774    0.154774 ^ CLK (in)
                                                         CLK (net)
                      0.226686    0.000000    0.154774 ^ _309_/CLK (sky130_fd_sc_hd__dfxtp_2)
     6    0.013816    0.081013    0.405865    0.560639 ^ _309_/Q (sky130_fd_sc_hd__dfxtp_2)
                                                         _theResult___snd_mantissa__h281[21] (net)
                      0.081013    0.000000    0.560639 ^ _148_/A (sky130_fd_sc_hd__and2_2)
     1    0.002438    0.035973    0.134004    0.694643 ^ _148_/X (sky130_fd_sc_hd__and2_2)
                                                         _108_ (net)
                      0.035973    0.000000    0.694643 ^ _151_/A1 (sky130_fd_sc_hd__o21a_2)
     1    0.001674    0.025009    0.110148    0.804791 ^ _151_/X (sky130_fd_sc_hd__o21a_2)
                                                         _001_ (net)
                      0.025009    0.000000    0.804791 ^ _291_/D (sky130_fd_sc_hd__dfxtp_2)
                                              0.804791   data arrival time

                                  0.000000    0.000000   clock CLK (rise edge)
                                  0.000000    0.000000   clock source latency
    26    0.048802    0.226686    0.154774    0.154774 ^ CLK (in)
                                                         CLK (net)
                      0.226686    0.000000    0.154774 ^ _291_/CLK (sky130_fd_sc_hd__dfxtp_2)
                                  0.250000    0.404774   clock uncertainty
                                  0.000000    0.404774   clock reconvergence pessimism
                                 -0.003220    0.401553   library hold time
                                              0.401553   data required time
---------------------------------------------------------------------------------------------
                                              0.401553   data required time
                                             -0.804791   data arrival time
---------------------------------------------------------------------------------------------
                                              0.403237   slack (MET)


Startpoint: _314_ (rising edge-triggered flip-flop clocked by CLK)
Endpoint: _293_ (rising edge-triggered flip-flop clocked by CLK)
Path Group: CLK
Path Type: min

Fanout         Cap        Slew       Delay        Time   Description
---------------------------------------------------------------------------------------------
                                  0.000000    0.000000   clock CLK (rise edge)
                                  0.000000    0.000000   clock source latency
    26    0.048802    0.226686    0.154774    0.154774 ^ CLK (in)
                                                         CLK (net)
                      0.226686    0.000000    0.154774 ^ _314_/CLK (sky130_fd_sc_hd__dfxtp_2)
     4    0.009331    0.060299    0.389468    0.544242 ^ _314_/Q (sky130_fd_sc_hd__dfxtp_2)
                                                         _theResult___snd_exponent__h280[3] (net)
                      0.060299    0.000000    0.544242 ^ _149_/C (sky130_fd_sc_hd__nor4_2)
     4    0.009384    0.038531    0.056562    0.600804 v _149_/Y (sky130_fd_sc_hd__nor4_2)
                                                         _109_ (net)
                      0.038531    0.000000    0.600804 v _153_/A (sky130_fd_sc_hd__nand2_2)
     3    0.009324    0.060197    0.067894    0.668699 ^ _153_/Y (sky130_fd_sc_hd__nand2_2)
                                                         _112_ (net)
                      0.060197    0.000000    0.668699 ^ _165_/A (sky130_fd_sc_hd__nor2_2)
     1    0.008077    0.032196    0.049113    0.717811 v _165_/Y (sky130_fd_sc_hd__nor2_2)
                                                         _123_ (net)
                      0.032196    0.000000    0.717811 v _166_/B (sky130_fd_sc_hd__xnor2_2)
     1    0.004740    0.043979    0.120092    0.837904 ^ _166_/Y (sky130_fd_sc_hd__xnor2_2)
                                                         _124_ (net)
                      0.043979    0.000000    0.837904 ^ _167_/B (sky130_fd_sc_hd__nor2_2)
     1    0.001681    0.014428    0.026089    0.863993 v _167_/Y (sky130_fd_sc_hd__nor2_2)
                                                         _003_ (net)
                      0.014428    0.000000    0.863993 v _293_/D (sky130_fd_sc_hd__dfxtp_2)
                                              0.863993   data arrival time

                                  0.000000    0.000000   clock CLK (rise edge)
                                  0.000000    0.000000   clock source latency
    26    0.048802    0.226686    0.154774    0.154774 ^ CLK (in)
                                                         CLK (net)
                      0.226686    0.000000    0.154774 ^ _293_/CLK (sky130_fd_sc_hd__dfxtp_2)
                                  0.250000    0.404774   clock uncertainty
                                  0.000000    0.404774   clock reconvergence pessimism
                                  0.006986    0.411760   library hold time
                                              0.411760   data required time
---------------------------------------------------------------------------------------------
                                              0.411760   data required time
                                             -0.863993   data arrival time
---------------------------------------------------------------------------------------------
                                              0.452233   slack (MET)


Startpoint: _304_ (rising edge-triggered flip-flop clocked by CLK)
Endpoint: _295_ (rising edge-triggered flip-flop clocked by CLK)
Path Group: CLK
Path Type: min

Fanout         Cap        Slew       Delay        Time   Description
---------------------------------------------------------------------------------------------
                                  0.000000    0.000000   clock CLK (rise edge)
                                  0.000000    0.000000   clock source latency
    26    0.048802    0.226686    0.154774    0.154774 ^ CLK (in)
                                                         CLK (net)
                      0.226686    0.000000    0.154774 ^ _304_/CLK (sky130_fd_sc_hd__dfxtp_2)
     6    0.014606    0.048982    0.391489    0.546263 v _304_/Q (sky130_fd_sc_hd__dfxtp_2)
                                                         rg_bias[2] (net)
                      0.048982    0.000000    0.546263 v _188_/A (sky130_fd_sc_hd__inv_2)
     2    0.007101    0.041054    0.056106    0.602369 ^ _188_/Y (sky130_fd_sc_hd__inv_2)
                                                         _144_ (net)
                      0.041054    0.000000    0.602369 ^ _193_/A1 (sky130_fd_sc_hd__a311o_2)
     1    0.002487    0.029737    0.142509    0.744879 ^ _193_/X (sky130_fd_sc_hd__a311o_2)
                                                         _030_ (net)
                      0.029737    0.000000    0.744879 ^ _205_/A2 (sky130_fd_sc_hd__o211a_2)
     1    0.001674    0.035591    0.143612    0.888491 ^ _205_/X (sky130_fd_sc_hd__o211a_2)
                                                         _005_ (net)
                      0.035591    0.000000    0.888491 ^ _295_/D (sky130_fd_sc_hd__dfxtp_2)
                                              0.888491   data arrival time

                                  0.000000    0.000000   clock CLK (rise edge)
                                  0.000000    0.000000   clock source latency
    26    0.048802    0.226686    0.154774    0.154774 ^ CLK (in)
                                                         CLK (net)
                      0.226686    0.000000    0.154774 ^ _295_/CLK (sky130_fd_sc_hd__dfxtp_2)
                                  0.250000    0.404774   clock uncertainty
                                  0.000000    0.404774   clock reconvergence pessimism
                                 -0.005363    0.399411   library hold time
                                              0.399411   data required time
---------------------------------------------------------------------------------------------
                                              0.399411   data required time
                                             -0.888491   data arrival time
---------------------------------------------------------------------------------------------
                                              0.489080   slack (MET)


Startpoint: _303_ (rising edge-triggered flip-flop clocked by CLK)
Endpoint: _294_ (rising edge-triggered flip-flop clocked by CLK)
Path Group: CLK
Path Type: min

Fanout         Cap        Slew       Delay        Time   Description
---------------------------------------------------------------------------------------------
                                  0.000000    0.000000   clock CLK (rise edge)
                                  0.000000    0.000000   clock source latency
    26    0.048802    0.226686    0.154774    0.154774 ^ CLK (in)
                                                         CLK (net)
                      0.226686    0.000000    0.154774 ^ _303_/CLK (sky130_fd_sc_hd__dfxtp_2)
     9    0.025718    0.138258    0.447204    0.601978 ^ _303_/Q (sky130_fd_sc_hd__dfxtp_2)
                                                         rg_bias[1] (net)
                      0.138258    0.000000    0.601978 ^ _177_/A1 (sky130_fd_sc_hd__a211o_2)
     1    0.002423    0.024833    0.139618    0.741596 ^ _177_/X (sky130_fd_sc_hd__a211o_2)
                                                         _134_ (net)
                      0.024833    0.000000    0.741596 ^ _179_/B1 (sky130_fd_sc_hd__o211a_2)
     1    0.001674    0.035596    0.147042    0.888638 ^ _179_/X (sky130_fd_sc_hd__o211a_2)
                                                         _004_ (net)
                      0.035596    0.000000    0.888638 ^ _294_/D (sky130_fd_sc_hd__dfxtp_2)
                                              0.888638   data arrival time

                                  0.000000    0.000000   clock CLK (rise edge)
                                  0.000000    0.000000   clock source latency
    26    0.048802    0.226686    0.154774    0.154774 ^ CLK (in)
                                                         CLK (net)
                      0.226686    0.000000    0.154774 ^ _294_/CLK (sky130_fd_sc_hd__dfxtp_2)
                                  0.250000    0.404774   clock uncertainty
                                  0.000000    0.404774   clock reconvergence pessimism
                                 -0.005364    0.399410   library hold time
                                              0.399410   data required time
---------------------------------------------------------------------------------------------
                                              0.399410   data required time
                                             -0.888638   data arrival time
---------------------------------------------------------------------------------------------
                                              0.489228   slack (MET)


Startpoint: _310_ (rising edge-triggered flip-flop clocked by CLK)
Endpoint: _299_ (rising edge-triggered flip-flop clocked by CLK)
Path Group: CLK
Path Type: min

Fanout         Cap        Slew       Delay        Time   Description
---------------------------------------------------------------------------------------------
                                  0.000000    0.000000   clock CLK (rise edge)
                                  0.000000    0.000000   clock source latency
    26    0.048802    0.226686    0.154774    0.154774 ^ CLK (in)
                                                         CLK (net)
                      0.226686    0.000000    0.154774 ^ _310_/CLK (sky130_fd_sc_hd__dfxtp_2)
    12    0.026203    0.140590    0.448889    0.603662 ^ _310_/Q (sky130_fd_sc_hd__dfxtp_2)
                                                         _theResult___snd_mantissa__h281[22] (net)
                      0.140590    0.000000    0.603662 ^ _254_/A1 (sky130_fd_sc_hd__a211o_2)
     1    0.002423    0.024833    0.140258    0.743920 ^ _254_/X (sky130_fd_sc_hd__a211o_2)
                                                         _087_ (net)
                      0.024833    0.000000    0.743920 ^ _255_/B1 (sky130_fd_sc_hd__o211a_2)
     1    0.001674    0.035586    0.147042    0.890962 ^ _255_/X (sky130_fd_sc_hd__o211a_2)
                                                         _009_ (net)
                      0.035586    0.000000    0.890962 ^ _299_/D (sky130_fd_sc_hd__dfxtp_2)
                                              0.890962   data arrival time

                                  0.000000    0.000000   clock CLK (rise edge)
                                  0.000000    0.000000   clock source latency
    26    0.048802    0.226686    0.154774    0.154774 ^ CLK (in)
                                                         CLK (net)
                      0.226686    0.000000    0.154774 ^ _299_/CLK (sky130_fd_sc_hd__dfxtp_2)
                                  0.250000    0.404774   clock uncertainty
                                  0.000000    0.404774   clock reconvergence pessimism
                                 -0.005362    0.399412   library hold time
                                              0.399412   data required time
---------------------------------------------------------------------------------------------
                                              0.399412   data required time
                                             -0.890962   data arrival time
---------------------------------------------------------------------------------------------
                                              0.491551   slack (MET)


Startpoint: _310_ (rising edge-triggered flip-flop clocked by CLK)
Endpoint: _298_ (rising edge-triggered flip-flop clocked by CLK)
Path Group: CLK
Path Type: min

Fanout         Cap        Slew       Delay        Time   Description
---------------------------------------------------------------------------------------------
                                  0.000000    0.000000   clock CLK (rise edge)
                                  0.000000    0.000000   clock source latency
    26    0.048802    0.226686    0.154774    0.154774 ^ CLK (in)
                                                         CLK (net)
                      0.226686    0.000000    0.154774 ^ _310_/CLK (sky130_fd_sc_hd__dfxtp_2)
    12    0.026203    0.140590    0.448889    0.603662 ^ _310_/Q (sky130_fd_sc_hd__dfxtp_2)
                                                         _theResult___snd_mantissa__h281[22] (net)
                      0.140590    0.000000    0.603662 ^ _242_/A1 (sky130_fd_sc_hd__a211o_2)
     1    0.002423    0.024833    0.140258    0.743920 ^ _242_/X (sky130_fd_sc_hd__a211o_2)
                                                         _076_ (net)
                      0.024833    0.000000    0.743920 ^ _243_/B1 (sky130_fd_sc_hd__o211a_2)
     1    0.001674    0.035589    0.147042    0.890962 ^ _243_/X (sky130_fd_sc_hd__o211a_2)
                                                         _008_ (net)
                      0.035589    0.000000    0.890962 ^ _298_/D (sky130_fd_sc_hd__dfxtp_2)
                                              0.890962   data arrival time

                                  0.000000    0.000000   clock CLK (rise edge)
                                  0.000000    0.000000   clock source latency
    26    0.048802    0.226686    0.154774    0.154774 ^ CLK (in)
                                                         CLK (net)
                      0.226686    0.000000    0.154774 ^ _298_/CLK (sky130_fd_sc_hd__dfxtp_2)
                                  0.250000    0.404774   clock uncertainty
                                  0.000000    0.404774   clock reconvergence pessimism
                                 -0.005363    0.399411   library hold time
                                              0.399411   data required time
---------------------------------------------------------------------------------------------
                                              0.399411   data required time
                                             -0.890962   data arrival time
---------------------------------------------------------------------------------------------
                                              0.491551   slack (MET)


Startpoint: _307_ (rising edge-triggered flip-flop clocked by CLK)
Endpoint: _300_ (rising edge-triggered flip-flop clocked by CLK)
Path Group: CLK
Path Type: min

Fanout         Cap        Slew       Delay        Time   Description
---------------------------------------------------------------------------------------------
                                  0.000000    0.000000   clock CLK (rise edge)
                                  0.000000    0.000000   clock source latency
    26    0.048802    0.226686    0.154774    0.154774 ^ CLK (in)
                                                         CLK (net)
                      0.226686    0.000000    0.154774 ^ _307_/CLK (sky130_fd_sc_hd__dfxtp_2)
     4    0.016801    0.095370    0.416233    0.571006 ^ _307_/Q (sky130_fd_sc_hd__dfxtp_2)
                                                         rg_bias[5] (net)
                      0.095370    0.000000    0.571006 ^ _256_/A (sky130_fd_sc_hd__or3b_2)
     2    0.006275    0.049987    0.135339    0.706346 ^ _256_/X (sky130_fd_sc_hd__or3b_2)
                                                         _088_ (net)
                      0.049987    0.000000    0.706346 ^ _259_/B (sky130_fd_sc_hd__and3_2)
     1    0.002191    0.039987    0.157421    0.863767 ^ _259_/X (sky130_fd_sc_hd__and3_2)
                                                         _091_ (net)
                      0.039987    0.000000    0.863767 ^ _260_/A (sky130_fd_sc_hd__buf_1)
     1    0.001674    0.033065    0.069647    0.933414 ^ _260_/X (sky130_fd_sc_hd__buf_1)
                                                         _010_ (net)
                      0.033065    0.000000    0.933414 ^ _300_/D (sky130_fd_sc_hd__dfxtp_2)
                                              0.933414   data arrival time

                                  0.000000    0.000000   clock CLK (rise edge)
                                  0.000000    0.000000   clock source latency
    26    0.048802    0.226686    0.154774    0.154774 ^ CLK (in)
                                                         CLK (net)
                      0.226686    0.000000    0.154774 ^ _300_/CLK (sky130_fd_sc_hd__dfxtp_2)
                                  0.250000    0.404774   clock uncertainty
                                  0.000000    0.404774   clock reconvergence pessimism
                                 -0.004851    0.399922   library hold time
                                              0.399922   data required time
---------------------------------------------------------------------------------------------
                                              0.399922   data required time
                                             -0.933414   data arrival time
---------------------------------------------------------------------------------------------
                                              0.533491   slack (MET)


Startpoint: _310_ (rising edge-triggered flip-flop clocked by CLK)
Endpoint: _296_ (rising edge-triggered flip-flop clocked by CLK)
Path Group: CLK
Path Type: min

Fanout         Cap        Slew       Delay        Time   Description
---------------------------------------------------------------------------------------------
                                  0.000000    0.000000   clock CLK (rise edge)
                                  0.000000    0.000000   clock source latency
    26    0.048802    0.226686    0.154774    0.154774 ^ CLK (in)
                                                         CLK (net)
                      0.226686    0.000000    0.154774 ^ _310_/CLK (sky130_fd_sc_hd__dfxtp_2)
    12    0.026203    0.140590    0.448889    0.603662 ^ _310_/Q (sky130_fd_sc_hd__dfxtp_2)
                                                         _theResult___snd_mantissa__h281[22] (net)
                      0.140590    0.000000    0.603662 ^ _219_/B2 (sky130_fd_sc_hd__a2bb2o_2)
     1    0.002524    0.031263    0.169224    0.772887 ^ _219_/X (sky130_fd_sc_hd__a2bb2o_2)
                                                         _055_ (net)
                      0.031263    0.000000    0.772887 ^ _220_/B1 (sky130_fd_sc_hd__a211o_2)
     1    0.002423    0.024834    0.081233    0.854120 ^ _220_/X (sky130_fd_sc_hd__a211o_2)
                                                         _056_ (net)
                      0.024834    0.000000    0.854120 ^ _221_/B1 (sky130_fd_sc_hd__o211a_2)
     1    0.001674    0.035586    0.147042    1.001162 ^ _221_/X (sky130_fd_sc_hd__o211a_2)
                                                         _006_ (net)
                      0.035586    0.000000    1.001162 ^ _296_/D (sky130_fd_sc_hd__dfxtp_2)
                                              1.001162   data arrival time

                                  0.000000    0.000000   clock CLK (rise edge)
                                  0.000000    0.000000   clock source latency
    26    0.048802    0.226686    0.154774    0.154774 ^ CLK (in)
                                                         CLK (net)
                      0.226686    0.000000    0.154774 ^ _296_/CLK (sky130_fd_sc_hd__dfxtp_2)
                                  0.250000    0.404774   clock uncertainty
                                  0.000000    0.404774   clock reconvergence pessimism
                                 -0.005362    0.399412   library hold time
                                              0.399412   data required time
---------------------------------------------------------------------------------------------
                                              0.399412   data required time
                                             -1.001162   data arrival time
---------------------------------------------------------------------------------------------
                                              0.601750   slack (MET)


Startpoint: convert_cfloat143_fp32_bias[0] (input port clocked by CLK)
Endpoint: _302_ (rising edge-triggered flip-flop clocked by CLK)
Path Group: CLK
Path Type: min

Fanout         Cap        Slew       Delay        Time   Description
---------------------------------------------------------------------------------------------
                                  0.000000    0.000000   clock CLK (rise edge)
                                  0.000000    0.000000   clock network delay (propagated)
                                  3.000000    3.000000 ^ input external delay
     1    0.001541    0.014773    0.005887    3.005887 ^ convert_cfloat143_fp32_bias[0] (in)
                                                         convert_cfloat143_fp32_bias[0] (net)
                      0.014773    0.000000    3.005887 ^ _262_/B (sky130_fd_sc_hd__and2_2)
     1    0.002191    0.034751    0.114971    3.120857 ^ _262_/X (sky130_fd_sc_hd__and2_2)
                                                         _092_ (net)
                      0.034751    0.000000    3.120857 ^ _263_/A (sky130_fd_sc_hd__buf_1)
     1    0.001674    0.033052    0.067821    3.188678 ^ _263_/X (sky130_fd_sc_hd__buf_1)
                                                         _012_ (net)
                      0.033052    0.000000    3.188678 ^ _302_/D (sky130_fd_sc_hd__dfxtp_2)
                                              3.188678   data arrival time

                                  0.000000    0.000000   clock CLK (rise edge)
                                  0.000000    0.000000   clock source latency
    26    0.048802    0.226686    0.154774    0.154774 ^ CLK (in)
                                                         CLK (net)
                      0.226686    0.000000    0.154774 ^ _302_/CLK (sky130_fd_sc_hd__dfxtp_2)
                                  0.250000    0.404774   clock uncertainty
                                  0.000000    0.404774   clock reconvergence pessimism
                                 -0.004849    0.399925   library hold time
                                              0.399925   data required time
---------------------------------------------------------------------------------------------
                                              0.399925   data required time
                                             -3.188678   data arrival time
---------------------------------------------------------------------------------------------
                                              2.788753   slack (MET)


Startpoint: convert_cfloat143_fp32_bias[1] (input port clocked by CLK)
Endpoint: _303_ (rising edge-triggered flip-flop clocked by CLK)
Path Group: CLK
Path Type: min

Fanout         Cap        Slew       Delay        Time   Description
---------------------------------------------------------------------------------------------
                                  0.000000    0.000000   clock CLK (rise edge)
                                  0.000000    0.000000   clock network delay (propagated)
                                  3.000000    3.000000 ^ input external delay
     1    0.001541    0.014773    0.005887    3.005887 ^ convert_cfloat143_fp32_bias[1] (in)
                                                         convert_cfloat143_fp32_bias[1] (net)
                      0.014773    0.000000    3.005887 ^ _264_/B (sky130_fd_sc_hd__and2_2)
     1    0.002191    0.034751    0.114971    3.120857 ^ _264_/X (sky130_fd_sc_hd__and2_2)
                                                         _093_ (net)
                      0.034751    0.000000    3.120857 ^ _265_/A (sky130_fd_sc_hd__buf_1)
     1    0.001674    0.033052    0.067821    3.188678 ^ _265_/X (sky130_fd_sc_hd__buf_1)
                                                         _013_ (net)
                      0.033052    0.000000    3.188678 ^ _303_/D (sky130_fd_sc_hd__dfxtp_2)
                                              3.188678   data arrival time

                                  0.000000    0.000000   clock CLK (rise edge)
                                  0.000000    0.000000   clock source latency
    26    0.048802    0.226686    0.154774    0.154774 ^ CLK (in)
                                                         CLK (net)
                      0.226686    0.000000    0.154774 ^ _303_/CLK (sky130_fd_sc_hd__dfxtp_2)
                                  0.250000    0.404774   clock uncertainty
                                  0.000000    0.404774   clock reconvergence pessimism
                                 -0.004849    0.399925   library hold time
                                              0.399925   data required time
---------------------------------------------------------------------------------------------
                                              0.399925   data required time
                                             -3.188678   data arrival time
---------------------------------------------------------------------------------------------
                                              2.788753   slack (MET)


Startpoint: convert_cfloat143_fp32_bias[2] (input port clocked by CLK)
Endpoint: _304_ (rising edge-triggered flip-flop clocked by CLK)
Path Group: CLK
Path Type: min

Fanout         Cap        Slew       Delay        Time   Description
---------------------------------------------------------------------------------------------
                                  0.000000    0.000000   clock CLK (rise edge)
                                  0.000000    0.000000   clock network delay (propagated)
                                  3.000000    3.000000 ^ input external delay
     1    0.001541    0.014773    0.005887    3.005887 ^ convert_cfloat143_fp32_bias[2] (in)
                                                         convert_cfloat143_fp32_bias[2] (net)
                      0.014773    0.000000    3.005887 ^ _266_/B (sky130_fd_sc_hd__and2_2)
     1    0.002191    0.034751    0.114971    3.120857 ^ _266_/X (sky130_fd_sc_hd__and2_2)
                                                         _094_ (net)
                      0.034751    0.000000    3.120857 ^ _267_/A (sky130_fd_sc_hd__buf_1)
     1    0.001674    0.033052    0.067821    3.188678 ^ _267_/X (sky130_fd_sc_hd__buf_1)
                                                         _014_ (net)
                      0.033052    0.000000    3.188678 ^ _304_/D (sky130_fd_sc_hd__dfxtp_2)
                                              3.188678   data arrival time

                                  0.000000    0.000000   clock CLK (rise edge)
                                  0.000000    0.000000   clock source latency
    26    0.048802    0.226686    0.154774    0.154774 ^ CLK (in)
                                                         CLK (net)
                      0.226686    0.000000    0.154774 ^ _304_/CLK (sky130_fd_sc_hd__dfxtp_2)
                                  0.250000    0.404774   clock uncertainty
                                  0.000000    0.404774   clock reconvergence pessimism
                                 -0.004849    0.399925   library hold time
                                              0.399925   data required time
---------------------------------------------------------------------------------------------
                                              0.399925   data required time
                                             -3.188678   data arrival time
---------------------------------------------------------------------------------------------
                                              2.788753   slack (MET)


Startpoint: convert_cfloat143_fp32_bias[3] (input port clocked by CLK)
Endpoint: _305_ (rising edge-triggered flip-flop clocked by CLK)
Path Group: CLK
Path Type: min

Fanout         Cap        Slew       Delay        Time   Description
---------------------------------------------------------------------------------------------
                                  0.000000    0.000000   clock CLK (rise edge)
                                  0.000000    0.000000   clock network delay (propagated)
                                  3.000000    3.000000 ^ input external delay
     1    0.001541    0.014773    0.005887    3.005887 ^ convert_cfloat143_fp32_bias[3] (in)
                                                         convert_cfloat143_fp32_bias[3] (net)
                      0.014773    0.000000    3.005887 ^ _268_/B (sky130_fd_sc_hd__and2_2)
     1    0.002191    0.034751    0.114971    3.120857 ^ _268_/X (sky130_fd_sc_hd__and2_2)
                                                         _095_ (net)
                      0.034751    0.000000    3.120857 ^ _269_/A (sky130_fd_sc_hd__buf_1)
     1    0.001674    0.033052    0.067821    3.188678 ^ _269_/X (sky130_fd_sc_hd__buf_1)
                                                         _015_ (net)
                      0.033052    0.000000    3.188678 ^ _305_/D (sky130_fd_sc_hd__dfxtp_2)
                                              3.188678   data arrival time

                                  0.000000    0.000000   clock CLK (rise edge)
                                  0.000000    0.000000   clock source latency
    26    0.048802    0.226686    0.154774    0.154774 ^ CLK (in)
                                                         CLK (net)
                      0.226686    0.000000    0.154774 ^ _305_/CLK (sky130_fd_sc_hd__dfxtp_2)
                                  0.250000    0.404774   clock uncertainty
                                  0.000000    0.404774   clock reconvergence pessimism
                                 -0.004849    0.399925   library hold time
                                              0.399925   data required time
---------------------------------------------------------------------------------------------
                                              0.399925   data required time
                                             -3.188678   data arrival time
---------------------------------------------------------------------------------------------
                                              2.788753   slack (MET)


Startpoint: convert_cfloat143_fp32_bias[4] (input port clocked by CLK)
Endpoint: _306_ (rising edge-triggered flip-flop clocked by CLK)
Path Group: CLK
Path Type: min

Fanout         Cap        Slew       Delay        Time   Description
---------------------------------------------------------------------------------------------
                                  0.000000    0.000000   clock CLK (rise edge)
                                  0.000000    0.000000   clock network delay (propagated)
                                  3.000000    3.000000 ^ input external delay
     1    0.001541    0.014773    0.005887    3.005887 ^ convert_cfloat143_fp32_bias[4] (in)
                                                         convert_cfloat143_fp32_bias[4] (net)
                      0.014773    0.000000    3.005887 ^ _270_/B (sky130_fd_sc_hd__and2_2)
     1    0.002191    0.034751    0.114971    3.120857 ^ _270_/X (sky130_fd_sc_hd__and2_2)
                                                         _096_ (net)
                      0.034751    0.000000    3.120857 ^ _271_/A (sky130_fd_sc_hd__buf_1)
     1    0.001674    0.033052    0.067821    3.188678 ^ _271_/X (sky130_fd_sc_hd__buf_1)
                                                         _016_ (net)
                      0.033052    0.000000    3.188678 ^ _306_/D (sky130_fd_sc_hd__dfxtp_2)
                                              3.188678   data arrival time

                                  0.000000    0.000000   clock CLK (rise edge)
                                  0.000000    0.000000   clock source latency
    26    0.048802    0.226686    0.154774    0.154774 ^ CLK (in)
                                                         CLK (net)
                      0.226686    0.000000    0.154774 ^ _306_/CLK (sky130_fd_sc_hd__dfxtp_2)
                                  0.250000    0.404774   clock uncertainty
                                  0.000000    0.404774   clock reconvergence pessimism
                                 -0.004849    0.399925   library hold time
                                              0.399925   data required time
---------------------------------------------------------------------------------------------
                                              0.399925   data required time
                                             -3.188678   data arrival time
---------------------------------------------------------------------------------------------
                                              2.788753   slack (MET)


Startpoint: convert_cfloat143_fp32_bias[5] (input port clocked by CLK)
Endpoint: _307_ (rising edge-triggered flip-flop clocked by CLK)
Path Group: CLK
Path Type: min

Fanout         Cap        Slew       Delay        Time   Description
---------------------------------------------------------------------------------------------
                                  0.000000    0.000000   clock CLK (rise edge)
                                  0.000000    0.000000   clock network delay (propagated)
                                  3.000000    3.000000 ^ input external delay
     1    0.001541    0.014773    0.005887    3.005887 ^ convert_cfloat143_fp32_bias[5] (in)
                                                         convert_cfloat143_fp32_bias[5] (net)
                      0.014773    0.000000    3.005887 ^ _272_/B (sky130_fd_sc_hd__and2_2)
     1    0.002191    0.034751    0.114971    3.120857 ^ _272_/X (sky130_fd_sc_hd__and2_2)
                                                         _097_ (net)
                      0.034751    0.000000    3.120857 ^ _273_/A (sky130_fd_sc_hd__buf_1)
     1    0.001674    0.033052    0.067821    3.188678 ^ _273_/X (sky130_fd_sc_hd__buf_1)
                                                         _017_ (net)
                      0.033052    0.000000    3.188678 ^ _307_/D (sky130_fd_sc_hd__dfxtp_2)
                                              3.188678   data arrival time

                                  0.000000    0.000000   clock CLK (rise edge)
                                  0.000000    0.000000   clock source latency
    26    0.048802    0.226686    0.154774    0.154774 ^ CLK (in)
                                                         CLK (net)
                      0.226686    0.000000    0.154774 ^ _307_/CLK (sky130_fd_sc_hd__dfxtp_2)
                                  0.250000    0.404774   clock uncertainty
                                  0.000000    0.404774   clock reconvergence pessimism
                                 -0.004849    0.399925   library hold time
                                              0.399925   data required time
---------------------------------------------------------------------------------------------
                                              0.399925   data required time
                                             -3.188678   data arrival time
---------------------------------------------------------------------------------------------
                                              2.788753   slack (MET)


Startpoint: convert_cfloat143_fp32_cfloat143_in[0] (input port clocked by CLK)
Endpoint: _308_ (rising edge-triggered flip-flop clocked by CLK)
Path Group: CLK
Path Type: min

Fanout         Cap        Slew       Delay        Time   Description
---------------------------------------------------------------------------------------------
                                  0.000000    0.000000   clock CLK (rise edge)
                                  0.000000    0.000000   clock network delay (propagated)
                                  3.000000    3.000000 ^ input external delay
     1    0.001541    0.014773    0.005887    3.005887 ^ convert_cfloat143_fp32_cfloat143_in[0] (in)
                                                         convert_cfloat143_fp32_cfloat143_in[0] (net)
                      0.014773    0.000000    3.005887 ^ _274_/B (sky130_fd_sc_hd__and2_2)
     1    0.002191    0.034751    0.114971    3.120857 ^ _274_/X (sky130_fd_sc_hd__and2_2)
                                                         _098_ (net)
                      0.034751    0.000000    3.120857 ^ _275_/A (sky130_fd_sc_hd__buf_1)
     1    0.001674    0.033052    0.067821    3.188678 ^ _275_/X (sky130_fd_sc_hd__buf_1)
                                                         _018_ (net)
                      0.033052    0.000000    3.188678 ^ _308_/D (sky130_fd_sc_hd__dfxtp_2)
                                              3.188678   data arrival time

                                  0.000000    0.000000   clock CLK (rise edge)
                                  0.000000    0.000000   clock source latency
    26    0.048802    0.226686    0.154774    0.154774 ^ CLK (in)
                                                         CLK (net)
                      0.226686    0.000000    0.154774 ^ _308_/CLK (sky130_fd_sc_hd__dfxtp_2)
                                  0.250000    0.404774   clock uncertainty
                                  0.000000    0.404774   clock reconvergence pessimism
                                 -0.004849    0.399925   library hold time
                                              0.399925   data required time
---------------------------------------------------------------------------------------------
                                              0.399925   data required time
                                             -3.188678   data arrival time
---------------------------------------------------------------------------------------------
                                              2.788753   slack (MET)


Startpoint: convert_cfloat143_fp32_cfloat143_in[1] (input port clocked by CLK)
Endpoint: _309_ (rising edge-triggered flip-flop clocked by CLK)
Path Group: CLK
Path Type: min

Fanout         Cap        Slew       Delay        Time   Description
---------------------------------------------------------------------------------------------
                                  0.000000    0.000000   clock CLK (rise edge)
                                  0.000000    0.000000   clock network delay (propagated)
                                  3.000000    3.000000 ^ input external delay
     1    0.001541    0.014773    0.005887    3.005887 ^ convert_cfloat143_fp32_cfloat143_in[1] (in)
                                                         convert_cfloat143_fp32_cfloat143_in[1] (net)
                      0.014773    0.000000    3.005887 ^ _276_/B (sky130_fd_sc_hd__and2_2)
     1    0.002191    0.034751    0.114971    3.120857 ^ _276_/X (sky130_fd_sc_hd__and2_2)
                                                         _099_ (net)
                      0.034751    0.000000    3.120857 ^ _277_/A (sky130_fd_sc_hd__buf_1)
     1    0.001674    0.033052    0.067821    3.188678 ^ _277_/X (sky130_fd_sc_hd__buf_1)
                                                         _019_ (net)
                      0.033052    0.000000    3.188678 ^ _309_/D (sky130_fd_sc_hd__dfxtp_2)
                                              3.188678   data arrival time

                                  0.000000    0.000000   clock CLK (rise edge)
                                  0.000000    0.000000   clock source latency
    26    0.048802    0.226686    0.154774    0.154774 ^ CLK (in)
                                                         CLK (net)
                      0.226686    0.000000    0.154774 ^ _309_/CLK (sky130_fd_sc_hd__dfxtp_2)
                                  0.250000    0.404774   clock uncertainty
                                  0.000000    0.404774   clock reconvergence pessimism
                                 -0.004849    0.399925   library hold time
                                              0.399925   data required time
---------------------------------------------------------------------------------------------
                                              0.399925   data required time
                                             -3.188678   data arrival time
---------------------------------------------------------------------------------------------
                                              2.788753   slack (MET)


Startpoint: convert_cfloat143_fp32_cfloat143_in[2] (input port clocked by CLK)
Endpoint: _310_ (rising edge-triggered flip-flop clocked by CLK)
Path Group: CLK
Path Type: min

Fanout         Cap        Slew       Delay        Time   Description
---------------------------------------------------------------------------------------------
                                  0.000000    0.000000   clock CLK (rise edge)
                                  0.000000    0.000000   clock network delay (propagated)
                                  3.000000    3.000000 ^ input external delay
     1    0.001541    0.014773    0.005887    3.005887 ^ convert_cfloat143_fp32_cfloat143_in[2] (in)
                                                         convert_cfloat143_fp32_cfloat143_in[2] (net)
                      0.014773    0.000000    3.005887 ^ _278_/B (sky130_fd_sc_hd__and2_2)
     1    0.002191    0.034751    0.114971    3.120857 ^ _278_/X (sky130_fd_sc_hd__and2_2)
                                                         _100_ (net)
                      0.034751    0.000000    3.120857 ^ _279_/A (sky130_fd_sc_hd__buf_1)
     1    0.001674    0.033052    0.067821    3.188678 ^ _279_/X (sky130_fd_sc_hd__buf_1)
                                                         _020_ (net)
                      0.033052    0.000000    3.188678 ^ _310_/D (sky130_fd_sc_hd__dfxtp_2)
                                              3.188678   data arrival time

                                  0.000000    0.000000   clock CLK (rise edge)
                                  0.000000    0.000000   clock source latency
    26    0.048802    0.226686    0.154774    0.154774 ^ CLK (in)
                                                         CLK (net)
                      0.226686    0.000000    0.154774 ^ _310_/CLK (sky130_fd_sc_hd__dfxtp_2)
                                  0.250000    0.404774   clock uncertainty
                                  0.000000    0.404774   clock reconvergence pessimism
                                 -0.004849    0.399925   library hold time
                                              0.399925   data required time
---------------------------------------------------------------------------------------------
                                              0.399925   data required time
                                             -3.188678   data arrival time
---------------------------------------------------------------------------------------------
                                              2.788753   slack (MET)


Startpoint: convert_cfloat143_fp32_cfloat143_in[3] (input port clocked by CLK)
Endpoint: _311_ (rising edge-triggered flip-flop clocked by CLK)
Path Group: CLK
Path Type: min

Fanout         Cap        Slew       Delay        Time   Description
---------------------------------------------------------------------------------------------
                                  0.000000    0.000000   clock CLK (rise edge)
                                  0.000000    0.000000   clock network delay (propagated)
                                  3.000000    3.000000 ^ input external delay
     1    0.001541    0.014773    0.005887    3.005887 ^ convert_cfloat143_fp32_cfloat143_in[3] (in)
                                                         convert_cfloat143_fp32_cfloat143_in[3] (net)
                      0.014773    0.000000    3.005887 ^ _280_/B (sky130_fd_sc_hd__and2_2)
     1    0.002191    0.034751    0.114971    3.120857 ^ _280_/X (sky130_fd_sc_hd__and2_2)
                                                         _101_ (net)
                      0.034751    0.000000    3.120857 ^ _281_/A (sky130_fd_sc_hd__buf_1)
     1    0.001674    0.033052    0.067821    3.188678 ^ _281_/X (sky130_fd_sc_hd__buf_1)
                                                         _021_ (net)
                      0.033052    0.000000    3.188678 ^ _311_/D (sky130_fd_sc_hd__dfxtp_2)
                                              3.188678   data arrival time

                                  0.000000    0.000000   clock CLK (rise edge)
                                  0.000000    0.000000   clock source latency
    26    0.048802    0.226686    0.154774    0.154774 ^ CLK (in)
                                                         CLK (net)
                      0.226686    0.000000    0.154774 ^ _311_/CLK (sky130_fd_sc_hd__dfxtp_2)
                                  0.250000    0.404774   clock uncertainty
                                  0.000000    0.404774   clock reconvergence pessimism
                                 -0.004849    0.399925   library hold time
                                              0.399925   data required time
---------------------------------------------------------------------------------------------
                                              0.399925   data required time
                                             -3.188678   data arrival time
---------------------------------------------------------------------------------------------
                                              2.788753   slack (MET)


Startpoint: convert_cfloat143_fp32_cfloat143_in[4] (input port clocked by CLK)
Endpoint: _312_ (rising edge-triggered flip-flop clocked by CLK)
Path Group: CLK
Path Type: min

Fanout         Cap        Slew       Delay        Time   Description
---------------------------------------------------------------------------------------------
                                  0.000000    0.000000   clock CLK (rise edge)
                                  0.000000    0.000000   clock network delay (propagated)
                                  3.000000    3.000000 ^ input external delay
     1    0.001541    0.014773    0.005887    3.005887 ^ convert_cfloat143_fp32_cfloat143_in[4] (in)
                                                         convert_cfloat143_fp32_cfloat143_in[4] (net)
                      0.014773    0.000000    3.005887 ^ _282_/B (sky130_fd_sc_hd__and2_2)
     1    0.002191    0.034751    0.114971    3.120857 ^ _282_/X (sky130_fd_sc_hd__and2_2)
                                                         _102_ (net)
                      0.034751    0.000000    3.120857 ^ _283_/A (sky130_fd_sc_hd__buf_1)
     1    0.001674    0.033052    0.067821    3.188678 ^ _283_/X (sky130_fd_sc_hd__buf_1)
                                                         _022_ (net)
                      0.033052    0.000000    3.188678 ^ _312_/D (sky130_fd_sc_hd__dfxtp_2)
                                              3.188678   data arrival time

                                  0.000000    0.000000   clock CLK (rise edge)
                                  0.000000    0.000000   clock source latency
    26    0.048802    0.226686    0.154774    0.154774 ^ CLK (in)
                                                         CLK (net)
                      0.226686    0.000000    0.154774 ^ _312_/CLK (sky130_fd_sc_hd__dfxtp_2)
                                  0.250000    0.404774   clock uncertainty
                                  0.000000    0.404774   clock reconvergence pessimism
                                 -0.004849    0.399925   library hold time
                                              0.399925   data required time
---------------------------------------------------------------------------------------------
                                              0.399925   data required time
                                             -3.188678   data arrival time
---------------------------------------------------------------------------------------------
                                              2.788753   slack (MET)


Startpoint: convert_cfloat143_fp32_cfloat143_in[5] (input port clocked by CLK)
Endpoint: _313_ (rising edge-triggered flip-flop clocked by CLK)
Path Group: CLK
Path Type: min

Fanout         Cap        Slew       Delay        Time   Description
---------------------------------------------------------------------------------------------
                                  0.000000    0.000000   clock CLK (rise edge)
                                  0.000000    0.000000   clock network delay (propagated)
                                  3.000000    3.000000 ^ input external delay
     1    0.001541    0.014773    0.005887    3.005887 ^ convert_cfloat143_fp32_cfloat143_in[5] (in)
                                                         convert_cfloat143_fp32_cfloat143_in[5] (net)
                      0.014773    0.000000    3.005887 ^ _284_/B (sky130_fd_sc_hd__and2_2)
     1    0.002191    0.034751    0.114971    3.120857 ^ _284_/X (sky130_fd_sc_hd__and2_2)
                                                         _103_ (net)
                      0.034751    0.000000    3.120857 ^ _285_/A (sky130_fd_sc_hd__buf_1)
     1    0.001674    0.033052    0.067821    3.188678 ^ _285_/X (sky130_fd_sc_hd__buf_1)
                                                         _023_ (net)
                      0.033052    0.000000    3.188678 ^ _313_/D (sky130_fd_sc_hd__dfxtp_2)
                                              3.188678   data arrival time

                                  0.000000    0.000000   clock CLK (rise edge)
                                  0.000000    0.000000   clock source latency
    26    0.048802    0.226686    0.154774    0.154774 ^ CLK (in)
                                                         CLK (net)
                      0.226686    0.000000    0.154774 ^ _313_/CLK (sky130_fd_sc_hd__dfxtp_2)
                                  0.250000    0.404774   clock uncertainty
                                  0.000000    0.404774   clock reconvergence pessimism
                                 -0.004849    0.399925   library hold time
                                              0.399925   data required time
---------------------------------------------------------------------------------------------
                                              0.399925   data required time
                                             -3.188678   data arrival time
---------------------------------------------------------------------------------------------
                                              2.788753   slack (MET)


Startpoint: convert_cfloat143_fp32_cfloat143_in[6] (input port clocked by CLK)
Endpoint: _314_ (rising edge-triggered flip-flop clocked by CLK)
Path Group: CLK
Path Type: min

Fanout         Cap        Slew       Delay        Time   Description
---------------------------------------------------------------------------------------------
                                  0.000000    0.000000   clock CLK (rise edge)
                                  0.000000    0.000000   clock network delay (propagated)
                                  3.000000    3.000000 ^ input external delay
     1    0.001541    0.014773    0.005887    3.005887 ^ convert_cfloat143_fp32_cfloat143_in[6] (in)
                                                         convert_cfloat143_fp32_cfloat143_in[6] (net)
                      0.014773    0.000000    3.005887 ^ _286_/B (sky130_fd_sc_hd__and2_2)
     1    0.002191    0.034751    0.114971    3.120857 ^ _286_/X (sky130_fd_sc_hd__and2_2)
                                                         _104_ (net)
                      0.034751    0.000000    3.120857 ^ _287_/A (sky130_fd_sc_hd__buf_1)
     1    0.001674    0.033052    0.067821    3.188678 ^ _287_/X (sky130_fd_sc_hd__buf_1)
                                                         _024_ (net)
                      0.033052    0.000000    3.188678 ^ _314_/D (sky130_fd_sc_hd__dfxtp_2)
                                              3.188678   data arrival time

                                  0.000000    0.000000   clock CLK (rise edge)
                                  0.000000    0.000000   clock source latency
    26    0.048802    0.226686    0.154774    0.154774 ^ CLK (in)
                                                         CLK (net)
                      0.226686    0.000000    0.154774 ^ _314_/CLK (sky130_fd_sc_hd__dfxtp_2)
                                  0.250000    0.404774   clock uncertainty
                                  0.000000    0.404774   clock reconvergence pessimism
                                 -0.004849    0.399925   library hold time
                                              0.399925   data required time
---------------------------------------------------------------------------------------------
                                              0.399925   data required time
                                             -3.188678   data arrival time
---------------------------------------------------------------------------------------------
                                              2.788753   slack (MET)


Startpoint: convert_cfloat143_fp32_cfloat143_in[7] (input port clocked by CLK)
Endpoint: _315_ (rising edge-triggered flip-flop clocked by CLK)
Path Group: CLK
Path Type: min

Fanout         Cap        Slew       Delay        Time   Description
---------------------------------------------------------------------------------------------
                                  0.000000    0.000000   clock CLK (rise edge)
                                  0.000000    0.000000   clock network delay (propagated)
                                  3.000000    3.000000 ^ input external delay
     1    0.001541    0.014773    0.005887    3.005887 ^ convert_cfloat143_fp32_cfloat143_in[7] (in)
                                                         convert_cfloat143_fp32_cfloat143_in[7] (net)
                      0.014773    0.000000    3.005887 ^ _288_/B (sky130_fd_sc_hd__and2_2)
     1    0.002191    0.034751    0.114971    3.120857 ^ _288_/X (sky130_fd_sc_hd__and2_2)
                                                         _105_ (net)
                      0.034751    0.000000    3.120857 ^ _289_/A (sky130_fd_sc_hd__buf_1)
     1    0.001674    0.033052    0.067821    3.188678 ^ _289_/X (sky130_fd_sc_hd__buf_1)
                                                         _025_ (net)
                      0.033052    0.000000    3.188678 ^ _315_/D (sky130_fd_sc_hd__dfxtp_2)
                                              3.188678   data arrival time

                                  0.000000    0.000000   clock CLK (rise edge)
                                  0.000000    0.000000   clock source latency
    26    0.048802    0.226686    0.154774    0.154774 ^ CLK (in)
                                                         CLK (net)
                      0.226686    0.000000    0.154774 ^ _315_/CLK (sky130_fd_sc_hd__dfxtp_2)
                                  0.250000    0.404774   clock uncertainty
                                  0.000000    0.404774   clock reconvergence pessimism
                                 -0.004849    0.399925   library hold time
                                              0.399925   data required time
---------------------------------------------------------------------------------------------
                                              0.399925   data required time
                                             -3.188678   data arrival time
---------------------------------------------------------------------------------------------
                                              2.788753   slack (MET)


Startpoint: _290_ (rising edge-triggered flip-flop clocked by CLK)
Endpoint: get_fp32[20] (output port clocked by CLK)
Path Group: CLK
Path Type: min

Fanout         Cap        Slew       Delay        Time   Description
---------------------------------------------------------------------------------------------
                                  0.000000    0.000000   clock CLK (rise edge)
                                  0.000000    0.000000   clock source latency
    26    0.048802    0.226686    0.154774    0.154774 ^ CLK (in)
                                                         CLK (net)
                      0.226686    0.000000    0.154774 ^ _290_/CLK (sky130_fd_sc_hd__dfxtp_2)
     1    0.033442    0.086709    0.427190    0.581963 v _290_/Q (sky130_fd_sc_hd__dfxtp_2)
                                                         get_fp32[20] (net)
                      0.086709    0.000000    0.581963 v get_fp32[20] (out)
                                              0.581963   data arrival time

                                  0.000000    0.000000   clock CLK (rise edge)
                                  0.000000    0.000000   clock network delay (propagated)
                                  0.250000    0.250000   clock uncertainty
                                  0.000000    0.250000   clock reconvergence pessimism
                                 -3.000000   -2.750000   output external delay
                                             -2.750000   data required time
---------------------------------------------------------------------------------------------
                                             -2.750000   data required time
                                             -0.581963   data arrival time
---------------------------------------------------------------------------------------------
                                              3.331963   slack (MET)


Startpoint: _291_ (rising edge-triggered flip-flop clocked by CLK)
Endpoint: get_fp32[21] (output port clocked by CLK)
Path Group: CLK
Path Type: min

Fanout         Cap        Slew       Delay        Time   Description
---------------------------------------------------------------------------------------------
                                  0.000000    0.000000   clock CLK (rise edge)
                                  0.000000    0.000000   clock source latency
    26    0.048802    0.226686    0.154774    0.154774 ^ CLK (in)
                                                         CLK (net)
                      0.226686    0.000000    0.154774 ^ _291_/CLK (sky130_fd_sc_hd__dfxtp_2)
     1    0.033442    0.086709    0.427190    0.581963 v _291_/Q (sky130_fd_sc_hd__dfxtp_2)
                                                         get_fp32[21] (net)
                      0.086709    0.000000    0.581963 v get_fp32[21] (out)
                                              0.581963   data arrival time

                                  0.000000    0.000000   clock CLK (rise edge)
                                  0.000000    0.000000   clock network delay (propagated)
                                  0.250000    0.250000   clock uncertainty
                                  0.000000    0.250000   clock reconvergence pessimism
                                 -3.000000   -2.750000   output external delay
                                             -2.750000   data required time
---------------------------------------------------------------------------------------------
                                             -2.750000   data required time
                                             -0.581963   data arrival time
---------------------------------------------------------------------------------------------
                                              3.331963   slack (MET)


Startpoint: _292_ (rising edge-triggered flip-flop clocked by CLK)
Endpoint: get_fp32[22] (output port clocked by CLK)
Path Group: CLK
Path Type: min

Fanout         Cap        Slew       Delay        Time   Description
---------------------------------------------------------------------------------------------
                                  0.000000    0.000000   clock CLK (rise edge)
                                  0.000000    0.000000   clock source latency
    26    0.048802    0.226686    0.154774    0.154774 ^ CLK (in)
                                                         CLK (net)
                      0.226686    0.000000    0.154774 ^ _292_/CLK (sky130_fd_sc_hd__dfxtp_2)
     1    0.033442    0.086709    0.427190    0.581963 v _292_/Q (sky130_fd_sc_hd__dfxtp_2)
                                                         get_fp32[22] (net)
                      0.086709    0.000000    0.581963 v get_fp32[22] (out)
                                              0.581963   data arrival time

                                  0.000000    0.000000   clock CLK (rise edge)
                                  0.000000    0.000000   clock network delay (propagated)
                                  0.250000    0.250000   clock uncertainty
                                  0.000000    0.250000   clock reconvergence pessimism
                                 -3.000000   -2.750000   output external delay
                                             -2.750000   data required time
---------------------------------------------------------------------------------------------
                                             -2.750000   data required time
                                             -0.581963   data arrival time
---------------------------------------------------------------------------------------------
                                              3.331963   slack (MET)


Startpoint: _293_ (rising edge-triggered flip-flop clocked by CLK)
Endpoint: get_fp32[23] (output port clocked by CLK)
Path Group: CLK
Path Type: min

Fanout         Cap        Slew       Delay        Time   Description
---------------------------------------------------------------------------------------------
                                  0.000000    0.000000   clock CLK (rise edge)
                                  0.000000    0.000000   clock source latency
    26    0.048802    0.226686    0.154774    0.154774 ^ CLK (in)
                                                         CLK (net)
                      0.226686    0.000000    0.154774 ^ _293_/CLK (sky130_fd_sc_hd__dfxtp_2)
     1    0.033442    0.086709    0.427190    0.581963 v _293_/Q (sky130_fd_sc_hd__dfxtp_2)
                                                         get_fp32[23] (net)
                      0.086709    0.000000    0.581963 v get_fp32[23] (out)
                                              0.581963   data arrival time

                                  0.000000    0.000000   clock CLK (rise edge)
                                  0.000000    0.000000   clock network delay (propagated)
                                  0.250000    0.250000   clock uncertainty
                                  0.000000    0.250000   clock reconvergence pessimism
                                 -3.000000   -2.750000   output external delay
                                             -2.750000   data required time
---------------------------------------------------------------------------------------------
                                             -2.750000   data required time
                                             -0.581963   data arrival time
---------------------------------------------------------------------------------------------
                                              3.331963   slack (MET)


Startpoint: _294_ (rising edge-triggered flip-flop clocked by CLK)
Endpoint: get_fp32[24] (output port clocked by CLK)
Path Group: CLK
Path Type: min

Fanout         Cap        Slew       Delay        Time   Description
---------------------------------------------------------------------------------------------
                                  0.000000    0.000000   clock CLK (rise edge)
                                  0.000000    0.000000   clock source latency
    26    0.048802    0.226686    0.154774    0.154774 ^ CLK (in)
                                                         CLK (net)
                      0.226686    0.000000    0.154774 ^ _294_/CLK (sky130_fd_sc_hd__dfxtp_2)
     1    0.033442    0.086709    0.427190    0.581963 v _294_/Q (sky130_fd_sc_hd__dfxtp_2)
                                                         get_fp32[24] (net)
                      0.086709    0.000000    0.581963 v get_fp32[24] (out)
                                              0.581963   data arrival time

                                  0.000000    0.000000   clock CLK (rise edge)
                                  0.000000    0.000000   clock network delay (propagated)
                                  0.250000    0.250000   clock uncertainty
                                  0.000000    0.250000   clock reconvergence pessimism
                                 -3.000000   -2.750000   output external delay
                                             -2.750000   data required time
---------------------------------------------------------------------------------------------
                                             -2.750000   data required time
                                             -0.581963   data arrival time
---------------------------------------------------------------------------------------------
                                              3.331963   slack (MET)


Startpoint: _295_ (rising edge-triggered flip-flop clocked by CLK)
Endpoint: get_fp32[25] (output port clocked by CLK)
Path Group: CLK
Path Type: min

Fanout         Cap        Slew       Delay        Time   Description
---------------------------------------------------------------------------------------------
                                  0.000000    0.000000   clock CLK (rise edge)
                                  0.000000    0.000000   clock source latency
    26    0.048802    0.226686    0.154774    0.154774 ^ CLK (in)
                                                         CLK (net)
                      0.226686    0.000000    0.154774 ^ _295_/CLK (sky130_fd_sc_hd__dfxtp_2)
     1    0.033442    0.086709    0.427190    0.581963 v _295_/Q (sky130_fd_sc_hd__dfxtp_2)
                                                         get_fp32[25] (net)
                      0.086709    0.000000    0.581963 v get_fp32[25] (out)
                                              0.581963   data arrival time

                                  0.000000    0.000000   clock CLK (rise edge)
                                  0.000000    0.000000   clock network delay (propagated)
                                  0.250000    0.250000   clock uncertainty
                                  0.000000    0.250000   clock reconvergence pessimism
                                 -3.000000   -2.750000   output external delay
                                             -2.750000   data required time
---------------------------------------------------------------------------------------------
                                             -2.750000   data required time
                                             -0.581963   data arrival time
---------------------------------------------------------------------------------------------
                                              3.331963   slack (MET)


Startpoint: _296_ (rising edge-triggered flip-flop clocked by CLK)
Endpoint: get_fp32[26] (output port clocked by CLK)
Path Group: CLK
Path Type: min

Fanout         Cap        Slew       Delay        Time   Description
---------------------------------------------------------------------------------------------
                                  0.000000    0.000000   clock CLK (rise edge)
                                  0.000000    0.000000   clock source latency
    26    0.048802    0.226686    0.154774    0.154774 ^ CLK (in)
                                                         CLK (net)
                      0.226686    0.000000    0.154774 ^ _296_/CLK (sky130_fd_sc_hd__dfxtp_2)
     1    0.033442    0.086709    0.427190    0.581963 v _296_/Q (sky130_fd_sc_hd__dfxtp_2)
                                                         get_fp32[26] (net)
                      0.086709    0.000000    0.581963 v get_fp32[26] (out)
                                              0.581963   data arrival time

                                  0.000000    0.000000   clock CLK (rise edge)
                                  0.000000    0.000000   clock network delay (propagated)
                                  0.250000    0.250000   clock uncertainty
                                  0.000000    0.250000   clock reconvergence pessimism
                                 -3.000000   -2.750000   output external delay
                                             -2.750000   data required time
---------------------------------------------------------------------------------------------
                                             -2.750000   data required time
                                             -0.581963   data arrival time
---------------------------------------------------------------------------------------------
                                              3.331963   slack (MET)


Startpoint: _298_ (rising edge-triggered flip-flop clocked by CLK)
Endpoint: get_fp32[27] (output port clocked by CLK)
Path Group: CLK
Path Type: min

Fanout         Cap        Slew       Delay        Time   Description
---------------------------------------------------------------------------------------------
                                  0.000000    0.000000   clock CLK (rise edge)
                                  0.000000    0.000000   clock source latency
    26    0.048802    0.226686    0.154774    0.154774 ^ CLK (in)
                                                         CLK (net)
                      0.226686    0.000000    0.154774 ^ _298_/CLK (sky130_fd_sc_hd__dfxtp_2)
     1    0.033442    0.086709    0.427190    0.581963 v _298_/Q (sky130_fd_sc_hd__dfxtp_2)
                                                         get_fp32[27] (net)
                      0.086709    0.000000    0.581963 v get_fp32[27] (out)
                                              0.581963   data arrival time

                                  0.000000    0.000000   clock CLK (rise edge)
                                  0.000000    0.000000   clock network delay (propagated)
                                  0.250000    0.250000   clock uncertainty
                                  0.000000    0.250000   clock reconvergence pessimism
                                 -3.000000   -2.750000   output external delay
                                             -2.750000   data required time
---------------------------------------------------------------------------------------------
                                             -2.750000   data required time
                                             -0.581963   data arrival time
---------------------------------------------------------------------------------------------
                                              3.331963   slack (MET)


Startpoint: _299_ (rising edge-triggered flip-flop clocked by CLK)
Endpoint: get_fp32[28] (output port clocked by CLK)
Path Group: CLK
Path Type: min

Fanout         Cap        Slew       Delay        Time   Description
---------------------------------------------------------------------------------------------
                                  0.000000    0.000000   clock CLK (rise edge)
                                  0.000000    0.000000   clock source latency
    26    0.048802    0.226686    0.154774    0.154774 ^ CLK (in)
                                                         CLK (net)
                      0.226686    0.000000    0.154774 ^ _299_/CLK (sky130_fd_sc_hd__dfxtp_2)
     1    0.033442    0.086709    0.427190    0.581963 v _299_/Q (sky130_fd_sc_hd__dfxtp_2)
                                                         get_fp32[28] (net)
                      0.086709    0.000000    0.581963 v get_fp32[28] (out)
                                              0.581963   data arrival time

                                  0.000000    0.000000   clock CLK (rise edge)
                                  0.000000    0.000000   clock network delay (propagated)
                                  0.250000    0.250000   clock uncertainty
                                  0.000000    0.250000   clock reconvergence pessimism
                                 -3.000000   -2.750000   output external delay
                                             -2.750000   data required time
---------------------------------------------------------------------------------------------
                                             -2.750000   data required time
                                             -0.581963   data arrival time
---------------------------------------------------------------------------------------------
                                              3.331963   slack (MET)


Startpoint: _300_ (rising edge-triggered flip-flop clocked by CLK)
Endpoint: get_fp32[29] (output port clocked by CLK)
Path Group: CLK
Path Type: min

Fanout         Cap        Slew       Delay        Time   Description
---------------------------------------------------------------------------------------------
                                  0.000000    0.000000   clock CLK (rise edge)
                                  0.000000    0.000000   clock source latency
    26    0.048802    0.226686    0.154774    0.154774 ^ CLK (in)
                                                         CLK (net)
                      0.226686    0.000000    0.154774 ^ _300_/CLK (sky130_fd_sc_hd__dfxtp_2)
     1    0.033442    0.086709    0.427190    0.581963 v _300_/Q (sky130_fd_sc_hd__dfxtp_2)
                                                         get_fp32[29] (net)
                      0.086709    0.000000    0.581963 v get_fp32[29] (out)
                                              0.581963   data arrival time

                                  0.000000    0.000000   clock CLK (rise edge)
                                  0.000000    0.000000   clock network delay (propagated)
                                  0.250000    0.250000   clock uncertainty
                                  0.000000    0.250000   clock reconvergence pessimism
                                 -3.000000   -2.750000   output external delay
                                             -2.750000   data required time
---------------------------------------------------------------------------------------------
                                             -2.750000   data required time
                                             -0.581963   data arrival time
---------------------------------------------------------------------------------------------
                                              3.331963   slack (MET)


Startpoint: _301_ (rising edge-triggered flip-flop clocked by CLK)
Endpoint: get_fp32[30] (output port clocked by CLK)
Path Group: CLK
Path Type: min

Fanout         Cap        Slew       Delay        Time   Description
---------------------------------------------------------------------------------------------
                                  0.000000    0.000000   clock CLK (rise edge)
                                  0.000000    0.000000   clock source latency
    26    0.048802    0.226686    0.154774    0.154774 ^ CLK (in)
                                                         CLK (net)
                      0.226686    0.000000    0.154774 ^ _301_/CLK (sky130_fd_sc_hd__dfxtp_2)
     1    0.033442    0.086709    0.427190    0.581963 v _301_/Q (sky130_fd_sc_hd__dfxtp_2)
                                                         get_fp32[30] (net)
                      0.086709    0.000000    0.581963 v get_fp32[30] (out)
                                              0.581963   data arrival time

                                  0.000000    0.000000   clock CLK (rise edge)
                                  0.000000    0.000000   clock network delay (propagated)
                                  0.250000    0.250000   clock uncertainty
                                  0.000000    0.250000   clock reconvergence pessimism
                                 -3.000000   -2.750000   output external delay
                                             -2.750000   data required time
---------------------------------------------------------------------------------------------
                                             -2.750000   data required time
                                             -0.581963   data arrival time
---------------------------------------------------------------------------------------------
                                              3.331963   slack (MET)


Startpoint: _297_ (rising edge-triggered flip-flop clocked by CLK)
Endpoint: get_fp32[31] (output port clocked by CLK)
Path Group: CLK
Path Type: min

Fanout         Cap        Slew       Delay        Time   Description
---------------------------------------------------------------------------------------------
                                  0.000000    0.000000   clock CLK (rise edge)
                                  0.000000    0.000000   clock source latency
    26    0.048802    0.226686    0.154774    0.154774 ^ CLK (in)
                                                         CLK (net)
                      0.226686    0.000000    0.154774 ^ _297_/CLK (sky130_fd_sc_hd__dfxtp_2)
     1    0.033442    0.086709    0.427190    0.581963 v _297_/Q (sky130_fd_sc_hd__dfxtp_2)
                                                         get_fp32[31] (net)
                      0.086709    0.000000    0.581963 v get_fp32[31] (out)
                                              0.581963   data arrival time

                                  0.000000    0.000000   clock CLK (rise edge)
                                  0.000000    0.000000   clock network delay (propagated)
                                  0.250000    0.250000   clock uncertainty
                                  0.000000    0.250000   clock reconvergence pessimism
                                 -3.000000   -2.750000   output external delay
                                             -2.750000   data required time
---------------------------------------------------------------------------------------------
                                             -2.750000   data required time
                                             -0.581963   data arrival time
---------------------------------------------------------------------------------------------
                                              3.331963   slack (MET)



