
===========================================================================
report_checks -unconstrained
===========================================================================
======================= nom_ss_100C_1v60 Corner ===================================

Startpoint: _388_ (rising edge-triggered flip-flop clocked by CLK)
Endpoint: _381_ (rising edge-triggered flip-flop clocked by CLK)
Path Group: CLK
Path Type: max

Fanout         Cap        Slew       Delay        Time   Description
---------------------------------------------------------------------------------------------
                                  0.000000    0.000000   clock CLK (rise edge)
                                  0.000000    0.000000   clock source latency
     1    0.014528    0.112227    0.075100    0.075100 ^ CLK (in)
                                                         CLK (net)
                      0.112232    0.000000    0.075100 ^ clkbuf_0_CLK/A (sky130_fd_sc_hd__clkbuf_16)
     2    0.019521    0.066835    0.240132    0.315232 ^ clkbuf_0_CLK/X (sky130_fd_sc_hd__clkbuf_16)
                                                         clknet_0_CLK (net)
                      0.066836    0.000554    0.315786 ^ clkbuf_1_0__f_CLK/A (sky130_fd_sc_hd__clkbuf_16)
    13    0.035729    0.088470    0.242078    0.557864 ^ clkbuf_1_0__f_CLK/X (sky130_fd_sc_hd__clkbuf_16)
                                                         clknet_1_0__leaf_CLK (net)
                      0.088506    0.001415    0.559279 ^ _388_/CLK (sky130_fd_sc_hd__dfxtp_1)
     2    0.010535    0.109598    0.638356    1.197635 v _388_/Q (sky130_fd_sc_hd__dfxtp_1)
                                                         rg_bias[1] (net)
                      0.109600    0.000360    1.197994 v fanout33/A (sky130_fd_sc_hd__buf_1)
     3    0.011413    0.139112    0.251847    1.449841 v fanout33/X (sky130_fd_sc_hd__buf_1)
                                                         net33 (net)
                      0.139112    0.000247    1.450089 v _253_/C (sky130_fd_sc_hd__or4_1)
     1    0.001923    0.164922    1.096025    2.546113 v _253_/X (sky130_fd_sc_hd__or4_1)
                                                         _083_ (net)
                      0.164922    0.000038    2.546151 v _254_/A (sky130_fd_sc_hd__buf_2)
     6    0.031635    0.155618    0.381439    2.927590 v _254_/X (sky130_fd_sc_hd__buf_2)
                                                         _084_ (net)
                      0.155632    0.001230    2.928820 v _256_/B (sky130_fd_sc_hd__xor2_4)
     6    0.026670    0.358534    0.399791    3.328611 ^ _256_/X (sky130_fd_sc_hd__xor2_4)
                                                         _086_ (net)
                      0.358535    0.000470    3.329082 ^ _268_/B (sky130_fd_sc_hd__xnor2_1)
     2    0.005133    0.124792    0.245238    3.574320 v _268_/Y (sky130_fd_sc_hd__xnor2_1)
                                                         _098_ (net)
                      0.124792    0.000073    3.574393 v _271_/A2 (sky130_fd_sc_hd__a2111o_1)
     1    0.002782    0.106675    0.788967    4.363360 v _271_/X (sky130_fd_sc_hd__a2111o_1)
                                                         _101_ (net)
                      0.106675    0.000067    4.363427 v _272_/D (sky130_fd_sc_hd__or4_1)
     1    0.006075    0.219248    1.034025    5.397452 v _272_/X (sky130_fd_sc_hd__or4_1)
                                                         _102_ (net)
                      0.219248    0.000218    5.397670 v _273_/D (sky130_fd_sc_hd__or4_2)
     2    0.011485    0.277404    1.463501    6.861171 v _273_/X (sky130_fd_sc_hd__or4_2)
                                                         _103_ (net)
                      0.277407    0.000679    6.861850 v _327_/S (sky130_fd_sc_hd__mux2_1)
     1    0.004287    0.127153    0.797203    7.659053 v _327_/X (sky130_fd_sc_hd__mux2_1)
                                                         _156_ (net)
                      0.127153    0.000135    7.659188 v _332_/A2 (sky130_fd_sc_hd__o31a_1)
     1    0.002221    0.080252    0.530965    8.190153 v _332_/X (sky130_fd_sc_hd__o31a_1)
                                                         _013_ (net)
                      0.080252    0.000063    8.190216 v _381_/D (sky130_fd_sc_hd__dfxtp_1)
                                              8.190216   data arrival time

                                 15.000000   15.000000   clock CLK (rise edge)
                                  0.000000   15.000000   clock source latency
     1    0.014528    0.112227    0.075099   15.075099 ^ CLK (in)
                                                         CLK (net)
                      0.112232    0.000000   15.075099 ^ clkbuf_0_CLK/A (sky130_fd_sc_hd__clkbuf_16)
     2    0.019521    0.066835    0.240133   15.315232 ^ clkbuf_0_CLK/X (sky130_fd_sc_hd__clkbuf_16)
                                                         clknet_0_CLK (net)
                      0.066836    0.000592   15.315824 ^ clkbuf_1_1__f_CLK/A (sky130_fd_sc_hd__clkbuf_16)
    13    0.035915    0.088780    0.242188   15.558012 ^ clkbuf_1_1__f_CLK/X (sky130_fd_sc_hd__clkbuf_16)
                                                         clknet_1_1__leaf_CLK (net)
                      0.088816    0.001441   15.559453 ^ _381_/CLK (sky130_fd_sc_hd__dfxtp_1)
                                 -0.250000   15.309454   clock uncertainty
                                  0.000000   15.309454   clock reconvergence pessimism
                                 -0.268171   15.041283   library setup time
                                             15.041283   data required time
---------------------------------------------------------------------------------------------
                                             15.041283   data required time
                                             -8.190216   data arrival time
---------------------------------------------------------------------------------------------
                                              6.851067   slack (MET)




===========================================================================
report_checks --slack_max -0.01
============================================================================
======================= nom_ss_100C_1v60 Corner ===================================

No paths found.


===========================================================================
 report_check_types -max_slew -max_cap -max_fanout -violators
============================================================================
======================= nom_ss_100C_1v60 Corner ===================================

max fanout

Pin                                   Limit Fanout  Slack
---------------------------------------------------------
clkbuf_1_0__f_CLK/X                       6     13     -7 (VIOLATED)
clkbuf_1_1__f_CLK/X                       6     13     -7 (VIOLATED)



===========================================================================
report_parasitic_annotation -report_unannotated
============================================================================
Found 20 unannotated drivers.
 fp32_in_fp_in[0]
 fp32_in_fp_in[10]
 fp32_in_fp_in[11]
 fp32_in_fp_in[12]
 fp32_in_fp_in[13]
 fp32_in_fp_in[14]
 fp32_in_fp_in[15]
 fp32_in_fp_in[16]
 fp32_in_fp_in[17]
 fp32_in_fp_in[18]
 fp32_in_fp_in[19]
 fp32_in_fp_in[1]
 fp32_in_fp_in[2]
 fp32_in_fp_in[3]
 fp32_in_fp_in[4]
 fp32_in_fp_in[5]
 fp32_in_fp_in[6]
 fp32_in_fp_in[7]
 fp32_in_fp_in[8]
 fp32_in_fp_in[9]
Found 0 partially unannotated drivers.

===========================================================================
max slew violation count 0
max fanout violation count 2
max cap violation count 0
============================================================================

===========================================================================
check_setup -verbose -unconstrained_endpoints -multiple_clock -no_clock -no_input_delay -loops -generated_clocks
===========================================================================
