
===========================================================================
report_checks -unconstrained
===========================================================================
======================= nom_ff_n40C_1v95 Corner ===================================

Startpoint: RST_N (input port clocked by CLK)
Endpoint: _146_ (rising edge-triggered flip-flop clocked by CLK)
Path Group: CLK
Path Type: max

Fanout         Cap        Slew       Delay        Time   Description
---------------------------------------------------------------------------------------------
                                  0.000000    0.000000   clock CLK (rise edge)
                                  0.000000    0.000000   clock network delay (propagated)
                                  3.000000    3.000000 ^ input external delay
     1    0.004925    0.021457    0.012810    3.012810 ^ RST_N (in)
                                                         RST_N (net)
                      0.021458    0.000000    3.012810 ^ input1/A (sky130_fd_sc_hd__buf_1)
     2    0.008752    0.081967    0.084720    3.097529 ^ input1/X (sky130_fd_sc_hd__buf_1)
                                                         net1 (net)
                      0.081968    0.000196    3.097726 ^ fanout39/A (sky130_fd_sc_hd__buf_1)
     3    0.013152    0.119532    0.119049    3.216774 ^ fanout39/X (sky130_fd_sc_hd__buf_1)
                                                         net39 (net)
                      0.119534    0.000376    3.217150 ^ fanout38/A (sky130_fd_sc_hd__buf_1)
     4    0.015419    0.138822    0.134893    3.352043 ^ fanout38/X (sky130_fd_sc_hd__buf_1)
                                                         net38 (net)
                      0.138827    0.000638    3.352681 ^ _096_/A (sky130_fd_sc_hd__inv_2)
     1    0.003389    0.027290    0.013986    3.366667 v _096_/Y (sky130_fd_sc_hd__inv_2)
                                                         _064_ (net)
                      0.027290    0.000105    3.366772 v _097_/B (sky130_fd_sc_hd__nor4_1)
     1    0.002767    0.145378    0.158393    3.525165 ^ _097_/Y (sky130_fd_sc_hd__nor4_1)
                                                         _016_ (net)
                      0.145378    0.000083    3.525248 ^ hold11/A (sky130_fd_sc_hd__dlygate4sd3_1)
     1    0.001998    0.032795    0.382804    3.908053 ^ hold11/X (sky130_fd_sc_hd__dlygate4sd3_1)
                                                         net68 (net)
                      0.032795    0.000039    3.908091 ^ _146_/D (sky130_fd_sc_hd__dfxtp_1)
                                              3.908091   data arrival time

                                 15.000000   15.000000   clock CLK (rise edge)
                                  0.000000   15.000000   clock source latency
     1    0.015342    0.056143    0.038325   15.038324 ^ CLK (in)
                                                         CLK (net)
                      0.056160    0.000000   15.038324 ^ clkbuf_0_CLK/A (sky130_fd_sc_hd__clkbuf_16)
     4    0.039736    0.044980    0.103393   15.141718 ^ clkbuf_0_CLK/X (sky130_fd_sc_hd__clkbuf_16)
                                                         clknet_0_CLK (net)
                      0.045121    0.001883   15.143600 ^ clkbuf_2_1__f_CLK/A (sky130_fd_sc_hd__clkbuf_16)
     9    0.027938    0.036662    0.093900   15.237500 ^ clkbuf_2_1__f_CLK/X (sky130_fd_sc_hd__clkbuf_16)
                                                         clknet_2_1__leaf_CLK (net)
                      0.036668    0.000373   15.237874 ^ _146_/CLK (sky130_fd_sc_hd__dfxtp_1)
                                 -0.250000   14.987874   clock uncertainty
                                  0.000000   14.987874   clock reconvergence pessimism
                                 -0.028922   14.958952   library setup time
                                             14.958952   data required time
---------------------------------------------------------------------------------------------
                                             14.958952   data required time
                                             -3.908091   data arrival time
---------------------------------------------------------------------------------------------
                                             11.050860   slack (MET)




===========================================================================
report_checks --slack_max -0.01
============================================================================
======================= nom_ff_n40C_1v95 Corner ===================================

No paths found.


===========================================================================
 report_check_types -max_slew -max_cap -max_fanout -violators
============================================================================
======================= nom_ff_n40C_1v95 Corner ===================================

max fanout

Pin                                   Limit Fanout  Slack
---------------------------------------------------------
clkbuf_2_0__f_CLK/X                       6      9     -3 (VIOLATED)
clkbuf_2_1__f_CLK/X                       6      9     -3 (VIOLATED)
clkbuf_2_3__f_CLK/X                       6      9     -3 (VIOLATED)



===========================================================================
report_parasitic_annotation -report_unannotated
============================================================================
Found 15 unannotated drivers.
 _163__43/HI
 _164__44/HI
 _165__45/HI
 _166__46/HI
 _167__47/HI
 _168__48/HI
 _169__49/HI
 _170__50/HI
 _171__51/HI
 _172__52/HI
 _173__53/HI
 _174__54/HI
 _175__55/HI
 _176__56/HI
 _177__57/HI
Found 0 partially unannotated drivers.

===========================================================================
max slew violation count 0
max fanout violation count 3
max cap violation count 0
============================================================================

===========================================================================
check_setup -verbose -unconstrained_endpoints -multiple_clock -no_clock -no_input_delay -loops -generated_clocks
===========================================================================
Warning: There are 15 unconstrained endpoints.
  fp32_out[10]
  fp32_out[11]
  fp32_out[12]
  fp32_out[13]
  fp32_out[14]
  fp32_out[15]
  fp32_out[1]
  fp32_out[2]
  fp32_out[3]
  fp32_out[4]
  fp32_out[5]
  fp32_out[6]
  fp32_out[7]
  fp32_out[8]
  fp32_out[9]
