
===========================================================================
report_checks -unconstrained
===========================================================================
======================= nom_tt_025C_1v80 Corner ===================================

Startpoint: _146_ (rising edge-triggered flip-flop clocked by CLK)
Endpoint: fp32_out[0] (output port clocked by CLK)
Path Group: CLK
Path Type: max

Fanout         Cap        Slew       Delay        Time   Description
---------------------------------------------------------------------------------------------
                                  0.000000    0.000000   clock CLK (rise edge)
                                  0.000000    0.000000   clock source latency
    33    0.061941    0.285747    0.195068    0.195068 ^ CLK (in)
                                                         CLK (net)
                      0.285747    0.000000    0.195068 ^ _146_/CLK (sky130_fd_sc_hd__dfxtp_2)
     1    0.033442    0.175390    0.491599    0.686667 ^ _146_/Q (sky130_fd_sc_hd__dfxtp_2)
                                                         fp32_out[0] (net)
                      0.175390    0.000000    0.686667 ^ fp32_out[0] (out)
                                              0.686667   data arrival time

                                 15.000000   15.000000   clock CLK (rise edge)
                                  0.000000   15.000000   clock network delay (propagated)
                                 -0.250000   14.750000   clock uncertainty
                                  0.000000   14.750000   clock reconvergence pessimism
                                 -3.000000   11.750000   output external delay
                                             11.750000   data required time
---------------------------------------------------------------------------------------------
                                             11.750000   data required time
                                             -0.686667   data arrival time
---------------------------------------------------------------------------------------------
                                             11.063334   slack (MET)




===========================================================================
report_checks --slack_max -0.01
============================================================================
======================= nom_tt_025C_1v80 Corner ===================================

No paths found.


===========================================================================
 report_check_types -max_slew -max_cap -max_fanout -violators
============================================================================
======================= nom_tt_025C_1v80 Corner ===================================

max fanout

Pin                                   Limit Fanout  Slack
---------------------------------------------------------
CLK                                       6     33    -27 (VIOLATED)
RST_N                                     6     33    -27 (VIOLATED)



===========================================================================
report_parasitic_annotation -report_unannotated
============================================================================
Found 131 unannotated drivers.
 CLK
 RST_N
 bfloat16_in_bfloat_in[0]
 bfloat16_in_bfloat_in[10]
 bfloat16_in_bfloat_in[11]
 bfloat16_in_bfloat_in[12]
 bfloat16_in_bfloat_in[13]
 bfloat16_in_bfloat_in[14]
 bfloat16_in_bfloat_in[15]
 bfloat16_in_bfloat_in[1]
 bfloat16_in_bfloat_in[2]
 bfloat16_in_bfloat_in[3]
 bfloat16_in_bfloat_in[4]
 bfloat16_in_bfloat_in[5]
 bfloat16_in_bfloat_in[6]
 bfloat16_in_bfloat_in[7]
 bfloat16_in_bfloat_in[8]
 bfloat16_in_bfloat_in[9]
 _065_/Y
 _066_/X
 _067_/Y
 _068_/X
 _069_/X
 _070_/Y
 _071_/X
 _072_/X
 _073_/X
 _074_/X
 _075_/X
 _076_/X
 _077_/X
 _078_/X
 _079_/X
 _080_/X
 _081_/X
 _082_/X
 _083_/X
 _084_/X
 _085_/X
 _086_/X
 _087_/X
 _088_/X
 _089_/X
 _090_/X
 _091_/X
 _092_/X
 _093_/X
 _094_/X
 _095_/X
 _096_/Y
 _097_/Y
 _098_/X
 _099_/X
 _100_/X
 _101_/X
 _102_/X
 _103_/X
 _104_/X
 _105_/X
 _106_/X
 _107_/X
 _108_/X
 _109_/X
 _110_/X
 _111_/X
 _112_/X
 _113_/X
 _114_/X
 _115_/X
 _116_/X
 _117_/X
 _118_/X
 _119_/X
 _120_/X
 _121_/X
 _122_/X
 _123_/X
 _124_/X
 _125_/X
 _126_/X
 _127_/X
 _128_/X
 _129_/X
 _130_/Q
 _131_/Q
 _132_/Q
 _133_/Q
 _134_/Q
 _135_/Q
 _136_/Q
 _137_/Q
 _138_/Q
 _139_/Q
 _140_/Q
 _141_/Q
 _142_/Q
 _143_/Q
 _144_/Q
 _145_/Q
 _146_/Q
 _147_/Q
 _148_/Q
 _149_/Q
 _150_/Q
 _151_/Q
 _152_/Q
 _153_/Q
 _154_/Q
 _155_/Q
 _156_/Q
 _157_/Q
 _158_/Q
 _159_/Q
 _160_/Q
 _161_/Q
 _162_/Q
 _163_/X
 _164_/X
 _165_/X
 _166_/X
 _167_/X
 _168_/X
 _169_/X
 _170_/X
 _171_/X
 _172_/X
 _173_/X
 _174_/X
 _175_/X
 _176_/X
 _177_/X
Found 0 partially unannotated drivers.

===========================================================================
max slew violation count 0
max fanout violation count 2
max cap violation count 0
============================================================================

===========================================================================
check_setup -verbose -unconstrained_endpoints -multiple_clock -no_clock -no_input_delay -loops -generated_clocks
===========================================================================
Warning: There are 15 unconstrained endpoints.
  fp32_out[10]
  fp32_out[11]
  fp32_out[12]
  fp32_out[13]
  fp32_out[14]
  fp32_out[15]
  fp32_out[1]
  fp32_out[2]
  fp32_out[3]
  fp32_out[4]
  fp32_out[5]
  fp32_out[6]
  fp32_out[7]
  fp32_out[8]
  fp32_out[9]
