
===========================================================================
report_checks -unconstrained
===========================================================================
======================= nom_tt_025C_1v80 Corner ===================================

Startpoint: _387_ (rising edge-triggered flip-flop clocked by CLK)
Endpoint: bfloat16_out[0] (output port clocked by CLK)
Path Group: CLK
Path Type: max

Fanout         Cap        Slew       Delay        Time   Description
---------------------------------------------------------------------------------------------
                                  0.000000    0.000000   clock CLK (rise edge)
                                  0.000000    0.000000   clock source latency
    48    0.090096    0.412306    0.281412    0.281412 ^ CLK (in)
                                                         CLK (net)
                      0.412306    0.000000    0.281412 ^ _387_/CLK (sky130_fd_sc_hd__dfxtp_2)
     1    0.033442    0.175396    0.515904    0.797316 ^ _387_/Q (sky130_fd_sc_hd__dfxtp_2)
                                                         bfloat16_out[0] (net)
                      0.175396    0.000000    0.797316 ^ bfloat16_out[0] (out)
                                              0.797316   data arrival time

                                 15.000000   15.000000   clock CLK (rise edge)
                                  0.000000   15.000000   clock network delay (propagated)
                                 -0.250000   14.750000   clock uncertainty
                                  0.000000   14.750000   clock reconvergence pessimism
                                 -3.000000   11.750000   output external delay
                                             11.750000   data required time
---------------------------------------------------------------------------------------------
                                             11.750000   data required time
                                             -0.797316   data arrival time
---------------------------------------------------------------------------------------------
                                             10.952684   slack (MET)




===========================================================================
report_checks --slack_max -0.01
============================================================================
======================= nom_tt_025C_1v80 Corner ===================================

No paths found.


===========================================================================
 report_check_types -max_slew -max_cap -max_fanout -violators
============================================================================
======================= nom_tt_025C_1v80 Corner ===================================

max fanout

Pin                                   Limit Fanout  Slack
---------------------------------------------------------
CLK                                       6     48    -42 (VIOLATED)
RST_N                                     6     35    -29 (VIOLATED)
_367_/Q                                   6      7        (VIOLATED)
_371_/Q                                   6      7        (VIOLATED)
_372_/Q                                   6      7        (VIOLATED)



===========================================================================
report_parasitic_annotation -report_unannotated
============================================================================
Found 253 unannotated drivers.
 CLK
 RST_N
 fp32_in_fp_in[0]
 fp32_in_fp_in[10]
 fp32_in_fp_in[11]
 fp32_in_fp_in[12]
 fp32_in_fp_in[13]
 fp32_in_fp_in[14]
 fp32_in_fp_in[15]
 fp32_in_fp_in[16]
 fp32_in_fp_in[17]
 fp32_in_fp_in[18]
 fp32_in_fp_in[19]
 fp32_in_fp_in[1]
 fp32_in_fp_in[20]
 fp32_in_fp_in[21]
 fp32_in_fp_in[22]
 fp32_in_fp_in[23]
 fp32_in_fp_in[24]
 fp32_in_fp_in[25]
 fp32_in_fp_in[26]
 fp32_in_fp_in[27]
 fp32_in_fp_in[28]
 fp32_in_fp_in[29]
 fp32_in_fp_in[2]
 fp32_in_fp_in[30]
 fp32_in_fp_in[31]
 fp32_in_fp_in[3]
 fp32_in_fp_in[4]
 fp32_in_fp_in[5]
 fp32_in_fp_in[6]
 fp32_in_fp_in[7]
 fp32_in_fp_in[8]
 fp32_in_fp_in[9]
 _171_/X
 _172_/X
 _173_/X
 _174_/X
 _175_/X
 _176_/X
 _177_/X
 _178_/Y
 _179_/X
 _180_/X
 _181_/X
 _182_/X
 _183_/X
 _184_/X
 _185_/Y
 _186_/X
 _187_/Y
 _188_/X
 _189_/X
 _190_/Y
 _191_/X
 _192_/X
 _193_/X
 _194_/Y
 _195_/X
 _196_/X
 _197_/X
 _198_/Y
 _199_/Y
 _200_/X
 _201_/X
 _202_/X
 _203_/X
 _204_/X
 _205_/X
 _206_/X
 _207_/Y
 _208_/X
 _209_/Y
 _210_/X
 _211_/Y
 _212_/X
 _213_/X
 _214_/X
 _215_/X
 _216_/Y
 _217_/X
 _218_/Y
 _219_/X
 _220_/X
 _221_/X
 _222_/X
 _223_/X
 _224_/X
 _225_/X
 _226_/X
 _227_/X
 _228_/X
 _229_/X
 _230_/X
 _231_/X
 _232_/X
 _233_/X
 _234_/X
 _235_/X
 _236_/X
 _237_/X
 _238_/X
 _239_/X
 _240_/X
 _241_/X
 _242_/X
 _243_/X
 _244_/X
 _245_/X
 _246_/X
 _247_/X
 _248_/X
 _249_/X
 _250_/X
 _251_/X
 _252_/X
 _253_/X
 _254_/X
 _255_/X
 _256_/X
 _257_/X
 _258_/X
 _259_/X
 _260_/X
 _261_/X
 _262_/X
 _263_/X
 _264_/X
 _265_/X
 _266_/X
 _267_/X
 _268_/X
 _269_/X
 _270_/X
 _271_/X
 _272_/X
 _273_/X
 _274_/X
 _275_/X
 _276_/X
 _277_/X
 _278_/X
 _279_/X
 _280_/X
 _281_/X
 _282_/X
 _283_/X
 _284_/X
 _285_/X
 _286_/Y
 _287_/Y
 _288_/X
 _289_/Y
 _290_/Y
 _291_/Y
 _292_/X
 _293_/X
 _294_/X
 _295_/X
 _296_/X
 _297_/X
 _298_/X
 _299_/Y
 _300_/Y
 _301_/Y
 _302_/X
 _303_/X
 _304_/X
 _305_/Y
 _306_/X
 _307_/X
 _308_/X
 _309_/X
 _310_/Y
 _311_/X
 _312_/X
 _313_/Y
 _314_/X
 _315_/X
 _316_/Y
 _317_/X
 _318_/Y
 _319_/Y
 _320_/X
 _321_/X
 _322_/Y
 _323_/X
 _324_/X
 _325_/Y
 _326_/X
 _327_/X
 _328_/Y
 _329_/Y
 _330_/X
 _331_/X
 _332_/Y
 _333_/Y
 _334_/Y
 _335_/X
 _336_/X
 _337_/X
 _338_/Y
 _339_/Y
 _340_/X
 _341_/X
 _342_/Q
 _343_/Q
 _344_/Q
 _345_/Q
 _346_/Q
 _347_/Q
 _348_/Q
 _349_/Q
 _350_/Q
 _351_/Q
 _352_/Q
 _353_/Q
 _354_/Q
 _355_/Q
 _356_/Q
 _357_/Q
 _358_/Q
 _359_/Q
 _360_/Q
 _361_/Q
 _362_/Q
 _363_/Q
 _364_/Q
 _365_/Q
 _366_/Q
 _367_/Q
 _368_/Q
 _369_/Q
 _370_/Q
 _371_/Q
 _372_/Q
 _373_/Q
 _374_/Q
 _375_/Q
 _376_/Q
 _377_/Q
 _378_/Q
 _379_/Q
 _380_/Q
 _381_/Q
 _382_/Q
 _383_/Q
 _384_/Q
 _385_/Q
 _386_/Q
 _387_/Q
 _388_/Q
 _389_/Q
Found 0 partially unannotated drivers.

===========================================================================
max slew violation count 0
max fanout violation count 5
max cap violation count 0
============================================================================

===========================================================================
check_setup -verbose -unconstrained_endpoints -multiple_clock -no_clock -no_input_delay -loops -generated_clocks
===========================================================================
