
===========================================================================
report_checks -unconstrained
===========================================================================
======================= nom_tt_025C_1v80 Corner ===================================

Startpoint: _389_ (rising edge-triggered flip-flop clocked by CLK)
Endpoint: _381_ (rising edge-triggered flip-flop clocked by CLK)
Path Group: CLK
Path Type: max

Fanout         Cap        Slew       Delay        Time   Description
---------------------------------------------------------------------------------------------
                                  0.000000    0.000000   clock CLK (rise edge)
                                  0.000000    0.000000   clock source latency
    26    0.048802    0.226686    0.154774    0.154774 ^ CLK (in)
                                                         CLK (net)
                      0.226686    0.000000    0.154774 ^ _389_/CLK (sky130_fd_sc_hd__dfxtp_2)
     8    0.023596    0.066988    0.408528    0.563302 v _389_/Q (sky130_fd_sc_hd__dfxtp_2)
                                                         rg_bias[2] (net)
                      0.066988    0.000000    0.563302 v _253_/B (sky130_fd_sc_hd__or4_2)
     1    0.002015    0.094416    0.631333    1.194635 v _253_/X (sky130_fd_sc_hd__or4_2)
                                                         _083_ (net)
                      0.094416    0.000000    1.194635 v _254_/A (sky130_fd_sc_hd__buf_1)
     6    0.021665    0.128601    0.191460    1.386095 v _254_/X (sky130_fd_sc_hd__buf_1)
                                                         _084_ (net)
                      0.128601    0.000000    1.386095 v _256_/B (sky130_fd_sc_hd__xor2_2)
     6    0.036096    0.456896    0.406525    1.792620 ^ _256_/X (sky130_fd_sc_hd__xor2_2)
                                                         _086_ (net)
                      0.456896    0.000000    1.792620 ^ _268_/B (sky130_fd_sc_hd__xnor2_2)
     2    0.006424    0.087004    0.114033    1.906653 v _268_/Y (sky130_fd_sc_hd__xnor2_2)
                                                         _098_ (net)
                      0.087004    0.000000    1.906653 v _271_/A2 (sky130_fd_sc_hd__a2111o_2)
     1    0.001261    0.053912    0.456136    2.362788 v _271_/X (sky130_fd_sc_hd__a2111o_2)
                                                         _101_ (net)
                      0.053912    0.000000    2.362788 v _272_/D (sky130_fd_sc_hd__or4_2)
     1    0.001261    0.089955    0.516030    2.878819 v _272_/X (sky130_fd_sc_hd__or4_2)
                                                         _102_ (net)
                      0.089955    0.000000    2.878819 v _273_/D (sky130_fd_sc_hd__or4_2)
     2    0.007214    0.119598    0.575817    3.454636 v _273_/X (sky130_fd_sc_hd__or4_2)
                                                         _103_ (net)
                      0.119598    0.000000    3.454636 v _327_/S (sky130_fd_sc_hd__mux2_2)
     1    0.002202    0.046241    0.288400    3.743036 v _327_/X (sky130_fd_sc_hd__mux2_2)
                                                         _156_ (net)
                      0.046241    0.000000    3.743036 v _332_/A2 (sky130_fd_sc_hd__o31a_2)
     1    0.001681    0.047080    0.307399    4.050435 v _332_/X (sky130_fd_sc_hd__o31a_2)
                                                         _013_ (net)
                      0.047080    0.000000    4.050435 v _381_/D (sky130_fd_sc_hd__dfxtp_2)
                                              4.050435   data arrival time

                                 15.000000   15.000000   clock CLK (rise edge)
                                  0.000000   15.000000   clock source latency
    26    0.048802    0.226686    0.154774   15.154774 ^ CLK (in)
                                                         CLK (net)
                      0.226686    0.000000   15.154774 ^ _381_/CLK (sky130_fd_sc_hd__dfxtp_2)
                                 -0.250000   14.904775   clock uncertainty
                                  0.000000   14.904775   clock reconvergence pessimism
                                 -0.071338   14.833436   library setup time
                                             14.833436   data required time
---------------------------------------------------------------------------------------------
                                             14.833436   data required time
                                             -4.050435   data arrival time
---------------------------------------------------------------------------------------------
                                             10.783002   slack (MET)




===========================================================================
report_checks --slack_max -0.01
============================================================================
======================= nom_tt_025C_1v80 Corner ===================================

No paths found.


===========================================================================
 report_check_types -max_slew -max_cap -max_fanout -violators
============================================================================
======================= nom_tt_025C_1v80 Corner ===================================

max fanout

Pin                                   Limit Fanout  Slack
---------------------------------------------------------
CLK                                       6     26    -20 (VIOLATED)
RST_N                                     6     20    -14 (VIOLATED)
_387_/Q                                   6     11     -5 (VIOLATED)
_376_/Q                                   6     10     -4 (VIOLATED)
_377_/Q                                   6      9     -3 (VIOLATED)
_388_/Q                                   6      9     -3 (VIOLATED)
_378_/Q                                   6      8     -2 (VIOLATED)
_389_/Q                                   6      8     -2 (VIOLATED)
_391_/Q                                   6      8     -2 (VIOLATED)
_392_/Q                                   6      7        (VIOLATED)



===========================================================================
report_parasitic_annotation -report_unannotated
============================================================================
Found 250 unannotated drivers.
 CLK
 RST_N
 bias_in_bias[0]
 bias_in_bias[1]
 bias_in_bias[2]
 bias_in_bias[3]
 bias_in_bias[4]
 bias_in_bias[5]
 fp32_in_fp_in[0]
 fp32_in_fp_in[10]
 fp32_in_fp_in[11]
 fp32_in_fp_in[12]
 fp32_in_fp_in[13]
 fp32_in_fp_in[14]
 fp32_in_fp_in[15]
 fp32_in_fp_in[16]
 fp32_in_fp_in[17]
 fp32_in_fp_in[18]
 fp32_in_fp_in[19]
 fp32_in_fp_in[1]
 fp32_in_fp_in[20]
 fp32_in_fp_in[21]
 fp32_in_fp_in[22]
 fp32_in_fp_in[23]
 fp32_in_fp_in[24]
 fp32_in_fp_in[25]
 fp32_in_fp_in[26]
 fp32_in_fp_in[27]
 fp32_in_fp_in[28]
 fp32_in_fp_in[29]
 fp32_in_fp_in[2]
 fp32_in_fp_in[30]
 fp32_in_fp_in[31]
 fp32_in_fp_in[3]
 fp32_in_fp_in[4]
 fp32_in_fp_in[5]
 fp32_in_fp_in[6]
 fp32_in_fp_in[7]
 fp32_in_fp_in[8]
 fp32_in_fp_in[9]
 _184_/X
 _185_/X
 _186_/X
 _187_/X
 _188_/X
 _189_/X
 _190_/X
 _191_/X
 _192_/X
 _193_/X
 _194_/X
 _195_/X
 _196_/X
 _197_/X
 _198_/X
 _199_/X
 _200_/X
 _201_/X
 _202_/X
 _203_/X
 _204_/X
 _205_/X
 _206_/X
 _207_/X
 _208_/Y
 _209_/Y
 _210_/X
 _211_/X
 _212_/X
 _213_/Y
 _214_/Y
 _215_/X
 _216_/Y
 _217_/X
 _218_/X
 _219_/X
 _220_/X
 _221_/Y
 _222_/X
 _223_/Y
 _224_/X
 _225_/X
 _226_/X
 _227_/Y
 _228_/Y
 _229_/X
 _230_/Y
 _231_/X
 _232_/X
 _233_/X
 _234_/X
 _235_/Y
 _236_/X
 _237_/Y
 _238_/Y
 _239_/Y
 _240_/Y
 _241_/Y
 _242_/X
 _243_/Y
 _244_/X
 _245_/X
 _246_/Y
 _247_/Y
 _248_/Y
 _249_/Y
 _250_/Y
 _251_/X
 _252_/Y
 _253_/X
 _254_/X
 _255_/X
 _256_/X
 _257_/Y
 _258_/Y
 _259_/X
 _260_/Y
 _261_/X
 _262_/X
 _263_/Y
 _264_/X
 _265_/Y
 _266_/Y
 _267_/Y
 _268_/Y
 _269_/Y
 _270_/X
 _271_/X
 _272_/X
 _273_/X
 _274_/Y
 _275_/Y
 _276_/X
 _277_/Y
 _278_/Y
 _279_/X
 _280_/Y
 _281_/X
 _282_/X
 _283_/X
 _284_/X
 _285_/Y
 _286_/X
 _287_/X
 _288_/Y
 _289_/X
 _290_/X
 _291_/X
 _292_/X
 _293_/X
 _294_/Y
 _295_/X
 _296_/X
 _297_/Y
 _298_/Y
 _299_/Y
 _300_/X
 _301_/Y
 _302_/Y
 _303_/Y
 _304_/X
 _305_/X
 _306_/X
 _307_/Y
 _308_/X
 _309_/X
 _310_/Y
 _311_/X
 _312_/X
 _313_/X
 _314_/Y
 _315_/Y
 _316_/Y
 _317_/X
 _318_/X
 _319_/X
 _320_/X
 _321_/X
 _322_/X
 _323_/X
 _324_/X
 _325_/X
 _326_/X
 _327_/X
 _328_/X
 _329_/Y
 _330_/X
 _331_/X
 _332_/X
 _333_/X
 _334_/Y
 _335_/Y
 _336_/X
 _337_/X
 _338_/X
 _339_/Y
 _340_/X
 _341_/X
 _342_/X
 _343_/Y
 _344_/X
 _345_/X
 _346_/X
 _347_/Y
 _348_/X
 _349_/X
 _350_/X
 _351_/Y
 _352_/X
 _353_/X
 _354_/X
 _355_/X
 _356_/X
 _357_/X
 _358_/X
 _359_/X
 _360_/X
 _361_/X
 _362_/X
 _363_/X
 _364_/X
 _365_/X
 _366_/X
 _367_/X
 _368_/Q
 _369_/Q
 _370_/Q
 _371_/Q
 _372_/Q
 _373_/Q
 _374_/Q
 _375_/Q
 _376_/Q
 _377_/Q
 _378_/Q
 _379_/Q
 _380_/Q
 _381_/Q
 _382_/Q
 _383_/Q
 _384_/Q
 _385_/Q
 _386_/Q
 _387_/Q
 _388_/Q
 _389_/Q
 _390_/Q
 _391_/Q
 _392_/Q
 _393_/Q
Found 0 partially unannotated drivers.

===========================================================================
max slew violation count 0
max fanout violation count 10
max cap violation count 0
============================================================================

===========================================================================
check_setup -verbose -unconstrained_endpoints -multiple_clock -no_clock -no_input_delay -loops -generated_clocks
===========================================================================
