
===========================================================================
report_checks -unconstrained
===========================================================================
======================= max_ff_n40C_1v95 Corner ===================================

Startpoint: _219_ (rising edge-triggered flip-flop clocked by CLK)
Endpoint: fp32_out[26] (output port clocked by CLK)
Path Group: CLK
Path Type: max

Fanout         Cap        Slew       Delay        Time   Description
---------------------------------------------------------------------------------------------
                                  0.000000    0.000000   clock CLK (rise edge)
                                  0.000000    0.000000   clock source latency
     1    0.016579    0.060209    0.041501    0.041501 ^ CLK (in)
                                                         CLK (net)
                      0.060251    0.000000    0.041501 ^ clkbuf_0_CLK/A (sky130_fd_sc_hd__clkbuf_16)
     2    0.019219    0.030870    0.091973    0.133475 ^ clkbuf_0_CLK/X (sky130_fd_sc_hd__clkbuf_16)
                                                         clknet_0_CLK (net)
                      0.030881    0.000953    0.134427 ^ clkbuf_1_1__f_CLK/A (sky130_fd_sc_hd__clkbuf_16)
    13    0.038670    0.044097    0.095578    0.230005 ^ clkbuf_1_1__f_CLK/X (sky130_fd_sc_hd__clkbuf_16)
                                                         clknet_1_1__leaf_CLK (net)
                      0.044269    0.002064    0.232068 ^ _219_/CLK (sky130_fd_sc_hd__dfxtp_1)
     1    0.003066    0.031258    0.189491    0.421560 ^ _219_/Q (sky130_fd_sc_hd__dfxtp_1)
                                                         net21 (net)
                      0.031260    0.000192    0.421751 ^ output21/A (sky130_fd_sc_hd__buf_2)
     1    0.034515    0.128810    0.137303    0.559054 ^ output21/X (sky130_fd_sc_hd__buf_2)
                                                         fp32_out[26] (net)
                      0.128840    0.001638    0.560692 ^ fp32_out[26] (out)
                                              0.560692   data arrival time

                                 15.000000   15.000000   clock CLK (rise edge)
                                  0.000000   15.000000   clock network delay (propagated)
                                 -0.250000   14.750000   clock uncertainty
                                  0.000000   14.750000   clock reconvergence pessimism
                                 -3.000000   11.750000   output external delay
                                             11.750000   data required time
---------------------------------------------------------------------------------------------
                                             11.750000   data required time
                                             -0.560692   data arrival time
---------------------------------------------------------------------------------------------
                                             11.189308   slack (MET)




===========================================================================
report_checks --slack_max -0.01
============================================================================
======================= max_ff_n40C_1v95 Corner ===================================

No paths found.


===========================================================================
 report_check_types -max_slew -max_cap -max_fanout -violators
============================================================================
======================= max_ff_n40C_1v95 Corner ===================================

max fanout

Pin                                   Limit Fanout  Slack
---------------------------------------------------------
clkbuf_1_1__f_CLK/X                       6     13     -7 (VIOLATED)
clkbuf_1_0__f_CLK/X                       6     12     -6 (VIOLATED)



===========================================================================
report_parasitic_annotation -report_unannotated
============================================================================
Found 21 unannotated drivers.
 _237__31/HI
 _238__32/HI
 _239__33/HI
 _240__34/HI
 _241__35/HI
 _242__36/HI
 _243__37/HI
 _244__38/HI
 _245__39/HI
 _246__40/HI
 _247__41/HI
 _248__42/HI
 _249__43/HI
 _250__44/HI
 _251__45/HI
 _252__46/HI
 _253__47/HI
 _254__48/HI
 _255__49/HI
 _256__50/HI
 _257__51/HI
Found 0 partially unannotated drivers.

===========================================================================
max slew violation count 0
max fanout violation count 2
max cap violation count 0
============================================================================

===========================================================================
check_setup -verbose -unconstrained_endpoints -multiple_clock -no_clock -no_input_delay -loops -generated_clocks
===========================================================================
Warning: There are 21 unconstrained endpoints.
  fp32_out[0]
  fp32_out[10]
  fp32_out[11]
  fp32_out[12]
  fp32_out[13]
  fp32_out[14]
  fp32_out[15]
  fp32_out[16]
  fp32_out[17]
  fp32_out[18]
  fp32_out[19]
  fp32_out[1]
  fp32_out[20]
  fp32_out[2]
  fp32_out[3]
  fp32_out[4]
  fp32_out[5]
  fp32_out[6]
  fp32_out[7]
  fp32_out[8]
  fp32_out[9]
