
===========================================================================
report_checks -unconstrained
===========================================================================
======================= min_ss_100C_1v60 Corner ===================================

Startpoint: _552_ (rising edge-triggered flip-flop clocked by CLK)
Endpoint: _513_ (rising edge-triggered flip-flop clocked by CLK)
Path Group: CLK
Path Type: max

Fanout         Cap        Slew       Delay        Time   Description
---------------------------------------------------------------------------------------------
                                  0.000000    0.000000   clock CLK (rise edge)
                                  0.000000    0.000000   clock source latency
     1    0.019655    0.147547    0.100652    0.100652 ^ CLK (in)
                                                         CLK (net)
                      0.147556    0.000000    0.100652 ^ clkbuf_0_CLK/A (sky130_fd_sc_hd__clkbuf_16)
     4    0.039532    0.093840    0.284850    0.385502 ^ clkbuf_0_CLK/X (sky130_fd_sc_hd__clkbuf_16)
                                                         clknet_0_CLK (net)
                      0.093842    0.000367    0.385869 ^ clkbuf_2_0__f_CLK/A (sky130_fd_sc_hd__clkbuf_16)
     9    0.027577    0.077149    0.243139    0.629008 ^ clkbuf_2_0__f_CLK/X (sky130_fd_sc_hd__clkbuf_16)
                                                         clknet_2_0__leaf_CLK (net)
                      0.077159    0.000667    0.629675 ^ _552_/CLK (sky130_fd_sc_hd__dfxtp_1)
     2    0.014343    0.138857    0.658837    1.288513 v _552_/Q (sky130_fd_sc_hd__dfxtp_1)
                                                         _128_MINUS_0_CONCAT_rg_bias_2_7_8_MINUS_4___d30[0] (net)
                      0.138857    0.000045    1.288558 v fanout57/A (sky130_fd_sc_hd__buf_2)
     6    0.033357    0.162257    0.374665    1.663223 v fanout57/X (sky130_fd_sc_hd__buf_2)
                                                         net57 (net)
                      0.162258    0.000365    1.663588 v fanout55/A (sky130_fd_sc_hd__clkbuf_2)
     6    0.021613    0.158125    0.319269    1.982856 v fanout55/X (sky130_fd_sc_hd__clkbuf_2)
                                                         net55 (net)
                      0.158125    0.000242    1.983098 v _267_/A (sky130_fd_sc_hd__or4_2)
     4    0.013555    0.292654    1.729431    3.712529 v _267_/X (sky130_fd_sc_hd__or4_2)
                                                         _058_ (net)
                      0.292654    0.000180    3.712709 v _268_/C (sky130_fd_sc_hd__or3_2)
     4    0.013319    0.225664    1.159728    4.872437 v _268_/X (sky130_fd_sc_hd__or3_2)
                                                         _059_ (net)
                      0.225664    0.000125    4.872562 v _290_/A1 (sky130_fd_sc_hd__a21bo_1)
     2    0.004973    0.080256    0.390881    5.263443 v _290_/X (sky130_fd_sc_hd__a21bo_1)
                                                         _081_ (net)
                      0.080256    0.000037    5.263481 v _341_/A (sky130_fd_sc_hd__clkbuf_2)
     6    0.018147    0.135358    0.263855    5.527335 v _341_/X (sky130_fd_sc_hd__clkbuf_2)
                                                         _132_ (net)
                      0.135358    0.000175    5.527510 v _354_/B (sky130_fd_sc_hd__and3_1)
     1    0.002650    0.069303    0.359504    5.887014 v _354_/X (sky130_fd_sc_hd__and3_1)
                                                         _145_ (net)
                      0.069303    0.000024    5.887037 v _365_/A1 (sky130_fd_sc_hd__o2111a_1)
     4    0.016926    0.187510    0.547773    6.434810 v _365_/X (sky130_fd_sc_hd__o2111a_1)
                                                         _156_ (net)
                      0.187513    0.000683    6.435493 v _399_/B1 (sky130_fd_sc_hd__a221o_1)
     1    0.001985    0.085576    0.568720    7.004212 v _399_/X (sky130_fd_sc_hd__a221o_1)
                                                         _189_ (net)
                      0.085576    0.000019    7.004231 v _400_/A0 (sky130_fd_sc_hd__mux2_1)
     1    0.002520    0.110218    0.628828    7.633059 v _400_/X (sky130_fd_sc_hd__mux2_1)
                                                         _190_ (net)
                      0.110218    0.000021    7.633080 v _401_/A3 (sky130_fd_sc_hd__o31a_1)
     1    0.003533    0.091961    0.474017    8.107098 v _401_/X (sky130_fd_sc_hd__o31a_1)
                                                         _008_ (net)
                      0.091961    0.000043    8.107141 v _513_/D (sky130_fd_sc_hd__dfxtp_1)
                                              8.107141   data arrival time

                                 15.000000   15.000000   clock CLK (rise edge)
                                  0.000000   15.000000   clock source latency
     1    0.019655    0.147547    0.100652   15.100652 ^ CLK (in)
                                                         CLK (net)
                      0.147556    0.000000   15.100652 ^ clkbuf_0_CLK/A (sky130_fd_sc_hd__clkbuf_16)
     4    0.039532    0.093840    0.284849   15.385501 ^ clkbuf_0_CLK/X (sky130_fd_sc_hd__clkbuf_16)
                                                         clknet_0_CLK (net)
                      0.093842    0.000373   15.385875 ^ clkbuf_2_3__f_CLK/A (sky130_fd_sc_hd__clkbuf_16)
    15    0.040431    0.095200    0.261446   15.647321 ^ clkbuf_2_3__f_CLK/X (sky130_fd_sc_hd__clkbuf_16)
                                                         clknet_2_3__leaf_CLK (net)
                      0.095205    0.000579   15.647900 ^ _513_/CLK (sky130_fd_sc_hd__dfxtp_1)
                                 -0.250000   15.397901   clock uncertainty
                                  0.000000   15.397901   clock reconvergence pessimism
                                 -0.271315   15.126585   library setup time
                                             15.126585   data required time
---------------------------------------------------------------------------------------------
                                             15.126585   data required time
                                             -8.107141   data arrival time
---------------------------------------------------------------------------------------------
                                              7.019445   slack (MET)




===========================================================================
report_checks --slack_max -0.01
============================================================================
======================= min_ss_100C_1v60 Corner ===================================

No paths found.


===========================================================================
 report_check_types -max_slew -max_cap -max_fanout -violators
============================================================================
======================= min_ss_100C_1v60 Corner ===================================

max fanout

Pin                                   Limit Fanout  Slack
---------------------------------------------------------
clkbuf_2_2__f_CLK/X                       6     16    -10 (VIOLATED)
clkbuf_2_3__f_CLK/X                       6     15     -9 (VIOLATED)
clkbuf_2_1__f_CLK/X                       6     13     -7 (VIOLATED)
clkbuf_2_0__f_CLK/X                       6      9     -3 (VIOLATED)



===========================================================================
report_parasitic_annotation -report_unannotated
============================================================================
Found 0 unannotated drivers.
Found 0 partially unannotated drivers.

===========================================================================
max slew violation count 0
max fanout violation count 4
max cap violation count 0
============================================================================

===========================================================================
check_setup -verbose -unconstrained_endpoints -multiple_clock -no_clock -no_input_delay -loops -generated_clocks
===========================================================================
