
===========================================================================
report_checks -unconstrained
===========================================================================
======================= nom_tt_025C_1v80 Corner ===================================

Startpoint: RST_N (input port clocked by CLK)
Endpoint: _551_ (rising edge-triggered flip-flop clocked by CLK)
Path Group: CLK
Path Type: max

Fanout         Cap        Slew       Delay        Time   Description
---------------------------------------------------------------------------------------------
                                  0.000000    0.000000   clock CLK (rise edge)
                                  0.000000    0.000000   clock network delay (propagated)
                                  3.000000    3.000000 ^ input external delay
     1    0.002752    0.019532    0.010153    3.010153 ^ RST_N (in)
                                                         RST_N (net)
                      0.019532    0.000000    3.010153 ^ input1/A (sky130_fd_sc_hd__clkbuf_1)
     1    0.004081    0.058150    0.082007    3.092160 ^ input1/X (sky130_fd_sc_hd__clkbuf_1)
                                                         net1 (net)
                      0.058151    0.000136    3.092296 ^ fanout77/A (sky130_fd_sc_hd__buf_1)
     3    0.011649    0.143685    0.155172    3.247468 ^ fanout77/X (sky130_fd_sc_hd__buf_1)
                                                         net77 (net)
                      0.143688    0.000506    3.247974 ^ fanout76/A (sky130_fd_sc_hd__buf_1)
     4    0.017357    0.209164    0.220636    3.468610 ^ fanout76/X (sky130_fd_sc_hd__buf_1)
                                                         net76 (net)
                      0.209167    0.000648    3.469257 ^ fanout75/A (sky130_fd_sc_hd__clkbuf_2)
     6    0.023441    0.133448    0.218373    3.687630 ^ fanout75/X (sky130_fd_sc_hd__clkbuf_2)
                                                         net75 (net)
                      0.133464    0.001223    3.688853 ^ _255_/A (sky130_fd_sc_hd__nand2_1)
     3    0.011209    0.092812    0.117282    3.806135 v _255_/Y (sky130_fd_sc_hd__nand2_1)
                                                         _053_ (net)
                      0.092813    0.000146    3.806281 v _259_/A (sky130_fd_sc_hd__or3b_1)
     1    0.002863    0.065884    0.381645    4.187926 v _259_/X (sky130_fd_sc_hd__or3b_1)
                                                         _055_ (net)
                      0.065884    0.000083    4.188009 v _260_/B1 (sky130_fd_sc_hd__o21a_1)
     1    0.002099    0.031513    0.103186    4.291194 v _260_/X (sky130_fd_sc_hd__o21a_1)
                                                         _002_ (net)
                      0.031513    0.000042    4.291237 v _551_/D (sky130_fd_sc_hd__dfxtp_1)
                                              4.291237   data arrival time

                                 15.000000   15.000000   clock CLK (rise edge)
                                  0.000000   15.000000   clock source latency
     1    0.020966    0.100087    0.069186   15.069185 ^ CLK (in)
                                                         CLK (net)
                      0.100116    0.000000   15.069185 ^ clkbuf_0_CLK/A (sky130_fd_sc_hd__clkbuf_16)
     4    0.040500    0.060241    0.162233   15.231419 ^ clkbuf_0_CLK/X (sky130_fd_sc_hd__clkbuf_16)
                                                         clknet_0_CLK (net)
                      0.060263    0.000872   15.232290 ^ clkbuf_2_3__f_CLK/A (sky130_fd_sc_hd__clkbuf_16)
    15    0.044345    0.063665    0.150420   15.382710 ^ clkbuf_2_3__f_CLK/X (sky130_fd_sc_hd__clkbuf_16)
                                                         clknet_2_3__leaf_CLK (net)
                      0.063695    0.001052   15.383762 ^ _551_/CLK (sky130_fd_sc_hd__dfxtp_1)
                                 -0.250000   15.133763   clock uncertainty
                                  0.000000   15.133763   clock reconvergence pessimism
                                 -0.100248   15.033516   library setup time
                                             15.033516   data required time
---------------------------------------------------------------------------------------------
                                             15.033516   data required time
                                             -4.291237   data arrival time
---------------------------------------------------------------------------------------------
                                             10.742279   slack (MET)




===========================================================================
report_checks --slack_max -0.01
============================================================================
======================= nom_tt_025C_1v80 Corner ===================================

No paths found.


===========================================================================
 report_check_types -max_slew -max_cap -max_fanout -violators
============================================================================
======================= nom_tt_025C_1v80 Corner ===================================

max fanout

Pin                                   Limit Fanout  Slack
---------------------------------------------------------
clkbuf_2_2__f_CLK/X                       6     16    -10 (VIOLATED)
clkbuf_2_3__f_CLK/X                       6     15     -9 (VIOLATED)
clkbuf_2_1__f_CLK/X                       6     13     -7 (VIOLATED)
clkbuf_2_0__f_CLK/X                       6      9     -3 (VIOLATED)



===========================================================================
report_parasitic_annotation -report_unannotated
============================================================================
Found 0 unannotated drivers.
Found 0 partially unannotated drivers.

===========================================================================
max slew violation count 0
max fanout violation count 4
max cap violation count 0
============================================================================

===========================================================================
check_setup -verbose -unconstrained_endpoints -multiple_clock -no_clock -no_input_delay -loops -generated_clocks
===========================================================================
