
===========================================================================
report_checks -unconstrained
===========================================================================
======================= min_tt_025C_1v80 Corner ===================================

Startpoint: RST_N (input port clocked by CLK)
Endpoint: _551_ (rising edge-triggered flip-flop clocked by CLK)
Path Group: CLK
Path Type: max

Fanout         Cap        Slew       Delay        Time   Description
---------------------------------------------------------------------------------------------
                                  0.000000    0.000000   clock CLK (rise edge)
                                  0.000000    0.000000   clock network delay (propagated)
                                  3.000000    3.000000 ^ input external delay
     1    0.002713    0.019365    0.009996    3.009996 ^ RST_N (in)
                                                         RST_N (net)
                      0.019365    0.000000    3.009996 ^ input1/A (sky130_fd_sc_hd__clkbuf_1)
     1    0.003891    0.056037    0.080476    3.090472 ^ input1/X (sky130_fd_sc_hd__clkbuf_1)
                                                         net1 (net)
                      0.056037    0.000056    3.090528 ^ fanout77/A (sky130_fd_sc_hd__buf_1)
     3    0.011078    0.137131    0.150182    3.240711 ^ fanout77/X (sky130_fd_sc_hd__buf_1)
                                                         net77 (net)
                      0.137132    0.000273    3.240983 ^ fanout76/A (sky130_fd_sc_hd__buf_1)
     4    0.016523    0.199600    0.213276    3.454260 ^ fanout76/X (sky130_fd_sc_hd__buf_1)
                                                         net76 (net)
                      0.199601    0.000351    3.454611 ^ fanout75/A (sky130_fd_sc_hd__clkbuf_2)
     6    0.022538    0.128655    0.212854    3.667465 ^ fanout75/X (sky130_fd_sc_hd__clkbuf_2)
                                                         net75 (net)
                      0.128661    0.000707    3.668172 ^ _255_/A (sky130_fd_sc_hd__nand2_1)
     3    0.010841    0.089534    0.114166    3.782339 v _255_/Y (sky130_fd_sc_hd__nand2_1)
                                                         _053_ (net)
                      0.089534    0.000043    3.782382 v _259_/A (sky130_fd_sc_hd__or3b_1)
     1    0.002798    0.065388    0.379852    4.162233 v _259_/X (sky130_fd_sc_hd__or3b_1)
                                                         _055_ (net)
                      0.065388    0.000026    4.162260 v _260_/B1 (sky130_fd_sc_hd__o21a_1)
     1    0.002048    0.031286    0.102671    4.264931 v _260_/X (sky130_fd_sc_hd__o21a_1)
                                                         _002_ (net)
                      0.031286    0.000010    4.264941 v _551_/D (sky130_fd_sc_hd__dfxtp_1)
                                              4.264941   data arrival time

                                 15.000000   15.000000   clock CLK (rise edge)
                                  0.000000   15.000000   clock source latency
     1    0.019655    0.094207    0.064867   15.064867 ^ CLK (in)
                                                         CLK (net)
                      0.094221    0.000000   15.064867 ^ clkbuf_0_CLK/A (sky130_fd_sc_hd__clkbuf_16)
     4    0.039532    0.059414    0.159590   15.224457 ^ clkbuf_0_CLK/X (sky130_fd_sc_hd__clkbuf_16)
                                                         clknet_0_CLK (net)
                      0.059418    0.000373   15.224830 ^ clkbuf_2_3__f_CLK/A (sky130_fd_sc_hd__clkbuf_16)
    15    0.042816    0.062316    0.149235   15.374065 ^ clkbuf_2_3__f_CLK/X (sky130_fd_sc_hd__clkbuf_16)
                                                         clknet_2_3__leaf_CLK (net)
                      0.062322    0.000497   15.374562 ^ _551_/CLK (sky130_fd_sc_hd__dfxtp_1)
                                 -0.250000   15.124563   clock uncertainty
                                  0.000000   15.124563   clock reconvergence pessimism
                                 -0.100468   15.024095   library setup time
                                             15.024095   data required time
---------------------------------------------------------------------------------------------
                                             15.024095   data required time
                                             -4.264941   data arrival time
---------------------------------------------------------------------------------------------
                                             10.759154   slack (MET)




===========================================================================
report_checks --slack_max -0.01
============================================================================
======================= min_tt_025C_1v80 Corner ===================================

No paths found.


===========================================================================
 report_check_types -max_slew -max_cap -max_fanout -violators
============================================================================
======================= min_tt_025C_1v80 Corner ===================================

max fanout

Pin                                   Limit Fanout  Slack
---------------------------------------------------------
clkbuf_2_2__f_CLK/X                       6     16    -10 (VIOLATED)
clkbuf_2_3__f_CLK/X                       6     15     -9 (VIOLATED)
clkbuf_2_1__f_CLK/X                       6     13     -7 (VIOLATED)
clkbuf_2_0__f_CLK/X                       6      9     -3 (VIOLATED)



===========================================================================
report_parasitic_annotation -report_unannotated
============================================================================
Found 0 unannotated drivers.
Found 0 partially unannotated drivers.

===========================================================================
max slew violation count 0
max fanout violation count 4
max cap violation count 0
============================================================================

===========================================================================
check_setup -verbose -unconstrained_endpoints -multiple_clock -no_clock -no_input_delay -loops -generated_clocks
===========================================================================
